finish reading parameters
Start:   KZG10::Setup with degree 77801
··Start:   Generating powers of G
··End:     Generating powers of G ..................................................1.024s
··Start:   Generating powers of gamma * G
··End:     Generating powers of gamma * G ..........................................1.060s
··Start:   Generating negative powers of h in G2
··End:     Generating negative powers of h in G2 ...................................3.484s
End:     KZG10::Setup with degree 77801 ............................................5.620s
Start:   Committing to polynomial of degree 77801 with hiding_bound: None
··Start:   MSM to compute commitment to plaintext poly
····Start:   Base MSM
····End:     Base MSM ..............................................................47.735ms
··End:     MSM to compute commitment to plaintext poly .............................47.900ms
··Start:   MSM to compute commitment to random poly
····Start:   Base MSM
····End:     Base MSM ..............................................................16.334µs
··End:     MSM to compute commitment to random poly ................................22.584µs
End:     Committing to polynomial of degree 77801 with hiding_bound: None ..........47.947ms
Start:   Committing to polynomial of degree 77800 with hiding_bound: None
··Start:   MSM to compute commitment to plaintext poly
····Start:   Base MSM
····End:     Base MSM ..............................................................941.842ms
··End:     MSM to compute commitment to plaintext poly .............................941.928ms
··Start:   MSM to compute commitment to random poly
····Start:   Base MSM
····End:     Base MSM ..............................................................21.125µs
··End:     MSM to compute commitment to random poly ................................28.458µs
End:     Committing to polynomial of degree 77800 with hiding_bound: None ..........941.972ms
commit time 6.631141542s
start generating random parameters
Start:   Groth16::Generator
··Start:   Constraint synthesis
Conv1 357504 357504
Relu1 14112 371616
AvgPool1 1176 372792
Conv2 241600 614392
Relu2 4800 619192
AvgPool2 400 619592
Conv3 107040 726632
Relu3 1440 728072
FC1 23436 751508
Relu4 252 751760
FC2 1610 753370
Commit 155603
ArgmaxCircuitU8 18950 927923
FullCircuit 927923
··End:     Constraint synthesis ....................................................1.082s
··Start:   Inlining LCs
··End:     Inlining LCs ............................................................2.501s
··Start:   Constructing evaluation domain
··End:     Constructing evaluation domain ..........................................15.125µs
··Start:   R1CS to QAP Instance Map with Evaluation
····Start:   Evaluate Lagrange coefficients
····End:     Evaluate Lagrange coefficients ........................................265.728ms
··End:     R1CS to QAP Instance Map with Evaluation ................................1.597s
··Start:   Compute G2 table
··End:     Compute G2 table ........................................................284.056ms
··Start:   Calculate B G2
··End:     Calculate B G2 ..........................................................7.405s
··Start:   Compute G1 window table
··End:     Compute G1 window table .................................................518.466ms
··Start:   Generate the R1CS proving key
····Start:   Calculate A
····End:     Calculate A ...........................................................15.554s
····Start:   Calculate B G1
····End:     Calculate B G1 ........................................................2.908s
····Start:   Calculate H
····End:     Calculate H ...........................................................24.441s
····Start:   Calculate L
····End:     Calculate L ...........................................................16.543s
··End:     Generate the R1CS proving key ...........................................59.448s
··Start:   Generate the R1CS verification key
··End:     Generate the R1CS verification key ......................................2.292ms
··Start:   Convert proving key elements to affine
··End:     Convert proving key elements to affine ..................................1.955s
End:     Groth16::Generator ........................................................74.901s
setup time 74.9172845s
random parameters generated!

Start:   Groth16::Prover
··Start:   Constraint synthesis
Conv1 357504 357504
Relu1 14112 371616
AvgPool1 1176 372792
Conv2 241600 614392
Relu2 4800 619192
AvgPool2 400 619592
Conv3 107040 726632
Relu3 1440 728072
FC1 23436 751508
Relu4 252 751760
FC2 1610 753370
Commit 155603
ArgmaxCircuitU8 18950 927923
FullCircuit 927923
··End:     Constraint synthesis ....................................................1.161s
··Start:   Inlining LCs
··End:     Inlining LCs ............................................................2.732s
··Start:   R1CS to QAP witness map
··End:     R1CS to QAP witness map .................................................7.681s
··Start:   Compute C
··End:     Compute C ...............................................................21.869s
··Start:   Compute A
··End:     Compute A ...............................................................3.682s
··Start:   Compute B in G1
··End:     Compute B in G1 .........................................................615.030ms
··Start:   Compute B in G2
··End:     Compute B in G2 .........................................................1.960s
··Start:   Finish C
··End:     Finish C ................................................................3.042µs
End:     Groth16::Prover ...........................................................40.093s
prove time 40.09311775s
1:2, 2:3verification time 3.591042ms
