finish reading parameters
Start:   KZG10::Setup with degree 77801
··Start:   Generating powers of G
··End:     Generating powers of G ..................................................1.049s
··Start:   Generating powers of gamma * G
··End:     Generating powers of gamma * G ..........................................1.148s
··Start:   Generating negative powers of h in G2
··End:     Generating negative powers of h in G2 ...................................3.360s
End:     KZG10::Setup with degree 77801 ............................................5.612s
Start:   Committing to polynomial of degree 77801 with hiding_bound: None
··Start:   MSM to compute commitment to plaintext poly
····Start:   Base MSM
····End:     Base MSM ..............................................................45.936ms
··End:     MSM to compute commitment to plaintext poly .............................45.983ms
··Start:   MSM to compute commitment to random poly
····Start:   Base MSM
····End:     Base MSM ..............................................................15.084µs
··End:     MSM to compute commitment to random poly ................................22.458µs
End:     Committing to polynomial of degree 77801 with hiding_bound: None ..........46.026ms
Start:   Committing to polynomial of degree 77800 with hiding_bound: None
··Start:   MSM to compute commitment to plaintext poly
····Start:   Base MSM
····End:     Base MSM ..............................................................915.440ms
··End:     MSM to compute commitment to plaintext poly .............................915.548ms
··Start:   MSM to compute commitment to random poly
····Start:   Base MSM
····End:     Base MSM ..............................................................33.375µs
··End:     MSM to compute commitment to random poly ................................41.292µs
End:     Committing to polynomial of degree 77800 with hiding_bound: None ..........915.607ms
commit time 6.594803791s
start generating random parameters
Start:   Groth16::Generator
··Start:   Constraint synthesis
Conv1 357504 357504
Relu1 14112 371616
AvgPool1 1176 372792
Conv2 241600 614392
Relu2 4800 619192
AvgPool2 400 619592
Conv3 107040 726632
Relu3 1440 728072
FC1 23436 751508
Relu4 252 751760
FC2 1610 753370
Commit 155603
ArgmaxCircuitU8 18950 927923
FullCircuit 927923
··End:     Constraint synthesis ....................................................1.204s
··Start:   Inlining LCs
··End:     Inlining LCs ............................................................3.495s
··Start:   Constructing evaluation domain
··End:     Constructing evaluation domain ..........................................15.042µs
··Start:   R1CS to QAP Instance Map with Evaluation
····Start:   Evaluate Lagrange coefficients
····End:     Evaluate Lagrange coefficients ........................................267.878ms
··End:     R1CS to QAP Instance Map with Evaluation ................................1.750s
··Start:   Compute G2 table
··End:     Compute G2 table ........................................................286.691ms
··Start:   Calculate B G2
··End:     Calculate B G2 ..........................................................7.601s
··Start:   Compute G1 window table
··End:     Compute G1 window table .................................................530.519ms
··Start:   Generate the R1CS proving key
····Start:   Calculate A
····End:     Calculate A ...........................................................15.681s
····Start:   Calculate B G1
····End:     Calculate B G1 ........................................................2.990s
····Start:   Calculate H
····End:     Calculate H ...........................................................24.913s
····Start:   Calculate L
····End:     Calculate L ...........................................................17.406s
··End:     Generate the R1CS proving key ...........................................60.995s
··Start:   Generate the R1CS verification key
··End:     Generate the R1CS verification key ......................................35.311ms
··Start:   Convert proving key elements to affine
··End:     Convert proving key elements to affine ..................................2.452s
End:     Groth16::Generator ........................................................78.463s
setup time 78.480278833s
random parameters generated!

Start:   Groth16::Prover
··Start:   Constraint synthesis
Conv1 357504 357504
Relu1 14112 371616
AvgPool1 1176 372792
Conv2 241600 614392
Relu2 4800 619192
AvgPool2 400 619592
Conv3 107040 726632
Relu3 1440 728072
FC1 23436 751508
Relu4 252 751760
FC2 1610 753370
Commit 155603
ArgmaxCircuitU8 18950 927923
FullCircuit 927923
··End:     Constraint synthesis ....................................................1.246s
··Start:   Inlining LCs
··End:     Inlining LCs ............................................................3.033s
··Start:   R1CS to QAP witness map
··End:     R1CS to QAP witness map .................................................7.183s
··Start:   Compute C
··End:     Compute C ...............................................................22.507s
··Start:   Compute A
··End:     Compute A ...............................................................3.886s
··Start:   Compute B in G1
··End:     Compute B in G1 .........................................................729.621ms
··Start:   Compute B in G2
··End:     Compute B in G2 .........................................................2.039s
··Start:   Finish C
··End:     Finish C ................................................................2.916µs
End:     Groth16::Prover ...........................................................41.027s
prove time 41.027824084s
1:3074, 2:3075verification time 15.936042ms
