Start:   KZG10::Setup with degree 442405
··Start:   Generating powers of G
··End:     Generating powers of G ..................................................5.248s
··Start:   Generating powers of gamma * G
··End:     Generating powers of gamma * G ..........................................4.958s
··Start:   Generating negative powers of h in G2
··End:     Generating negative powers of h in G2 ...................................16.858s
End:     KZG10::Setup with degree 442405 ...........................................27.352s
Start:   Committing to polynomial of degree 442405 with hiding_bound: None
··Start:   MSM to compute commitment to plaintext poly
····Start:   Base MSM
····End:     Base MSM ..............................................................265.181ms
··End:     MSM to compute commitment to plaintext poly .............................265.511ms
··Start:   MSM to compute commitment to random poly
····Start:   Base MSM
····End:     Base MSM ..............................................................24.667µs
··End:     MSM to compute commitment to random poly ................................33.416µs
End:     Committing to polynomial of degree 442405 with hiding_bound: None .........265.564ms
Start:   Committing to polynomial of degree 442404 with hiding_bound: None
··Start:   MSM to compute commitment to plaintext poly
····Start:   Base MSM
····End:     Base MSM ..............................................................4.450s
··End:     MSM to compute commitment to plaintext poly .............................4.451s
··Start:   MSM to compute commitment to random poly
····Start:   Base MSM
····End:     Base MSM ..............................................................25.125µs
··End:     MSM to compute commitment to random poly ................................34.041µs
End:     Committing to polynomial of degree 442404 with hiding_bound: None .........4.451s
commit time 32.185347834s
Start:   Groth16::Generator
··Start:   Constraint synthesis
Conv1 340704 340704
Relu1 39312 380016
AvgPool1 3276 383292
Conv2 903584 1286876
Relu2 17952 1304828
AvgPool2 1408 1306236
Conv3 1103040 2409276
Relu3 14400 2423676
FC1 152180 2575856
Relu4 252 2576108
FC2 7200 2583308
Commit 884811
CosineSimilarity 2017 3470136
FullCircuit 3470136
··End:     Constraint synthesis ....................................................4.463s
··Start:   Inlining LCs
··End:     Inlining LCs ............................................................17.324s
··Start:   Constructing evaluation domain
··End:     Constructing evaluation domain ..........................................15.083µs
··Start:   R1CS to QAP Instance Map with Evaluation
····Start:   Evaluate Lagrange coefficients
····End:     Evaluate Lagrange coefficients ........................................1.094s
··End:     R1CS to QAP Instance Map with Evaluation ................................11.105s
··Start:   Compute G2 table
··End:     Compute G2 table ........................................................514.966ms
··Start:   Calculate B G2
··End:     Calculate B G2 ..........................................................33.970s
··Start:   Compute G1 window table
··End:     Compute G1 window table .................................................1.849s
··Start:   Generate the R1CS proving key
····Start:   Calculate A
····End:     Calculate A ...........................................................53.711s
····Start:   Calculate B G1
····End:     Calculate B G1 ........................................................12.175s
····Start:   Calculate H
····End:     Calculate H ...........................................................92.500s
····Start:   Calculate L
····End:     Calculate L ...........................................................59.309s
··End:     Generate the R1CS proving key ...........................................217.700s
··Start:   Generate the R1CS verification key
··End:     Generate the R1CS verification key ......................................30.636ms
··Start:   Convert proving key elements to affine
··End:     Convert proving key elements to affine ..................................12.406s
End:     Groth16::Generator ........................................................299.853s
setup time 300.034095334s
crs size: 1810167696
Start:   Groth16::Prover
··Start:   Constraint synthesis
Conv1 340704 340704
Relu1 39312 380016
AvgPool1 3276 383292
Conv2 903584 1286876
Relu2 17952 1304828
AvgPool2 1408 1306236
Conv3 1103040 2409276
Relu3 14400 2423676
FC1 152180 2575856
Relu4 252 2576108
FC2 7200 2583308
Commit 884811
CosineSimilarity 2017 3470136
FullCircuit 3470136
··End:     Constraint synthesis ....................................................4.999s
··Start:   Inlining LCs
··End:     Inlining LCs ............................................................18.446s
··Start:   R1CS to QAP witness map
··End:     R1CS to QAP witness map .................................................36.627s
··Start:   Compute C
··End:     Compute C ...............................................................92.183s
··Start:   Compute A
··End:     Compute A ...............................................................18.252s
··Start:   Compute B in G1
··End:     Compute B in G1 .........................................................1.674s
··Start:   Compute B in G2
··End:     Compute B in G2 .........................................................5.089s
··Start:   Finish C
··End:     Finish C ................................................................3.000µs
End:     Groth16::Prover ...........................................................179.740s
prove time 179.740149541s
1:2578, 2:2579verification time 14.244166ms
