LeNet optimized medium on CIFAR dataset
finish reading parameters
Start:   KZG10::Setup with degree 451167
··Start:   Generating powers of G
··End:     Generating powers of G ..................................................5.091s
··Start:   Generating powers of gamma * G
··End:     Generating powers of gamma * G ..........................................5.232s
··Start:   Generating negative powers of h in G2
··End:     Generating negative powers of h in G2 ...................................16.894s
End:     KZG10::Setup with degree 451167 ...........................................27.502s
Start:   Committing to polynomial of degree 451167 with hiding_bound: None
··Start:   MSM to compute commitment to plaintext poly
····Start:   Base MSM
····End:     Base MSM ..............................................................260.154ms
··End:     MSM to compute commitment to plaintext poly .............................260.488ms
··Start:   MSM to compute commitment to random poly
····Start:   Base MSM
····End:     Base MSM ..............................................................20.750µs
··End:     MSM to compute commitment to random poly ................................28.500µs
End:     Committing to polynomial of degree 451167 with hiding_bound: None .........260.535ms
Start:   Committing to polynomial of degree 451166 with hiding_bound: None
··Start:   MSM to compute commitment to plaintext poly
····Start:   Base MSM
····End:     Base MSM ..............................................................4.324s
··End:     MSM to compute commitment to plaintext poly .............................4.324s
··Start:   MSM to compute commitment to random poly
····Start:   Base MSM
····End:     Base MSM ..............................................................22.333µs
··End:     MSM to compute commitment to random poly ................................30.750µs
End:     Committing to polynomial of degree 451166 with hiding_bound: None .........4.324s
commit time 32.20300025s
Start:   Groth16::Generator
··Start:   Constraint synthesis
Conv1 1906688 1906688
Relu1 75264 1981952
AvgPool1 6272 1988224
Conv2 2863360 4851584
Relu2 19200 4870784
AvgPool2 1600 4872384
Conv3 424960 5297344
Relu3 3072 5300416
FC1 53120 5353536
Relu4 384 5353920
FC2 1786 5355706
Commit 902335
ArgmaxCircuitU8 18950 6276991
FullCircuit 6276991
··End:     Constraint synthesis ....................................................9.537s
··Start:   Inlining LCs
··End:     Inlining LCs ............................................................42.836s
··Start:   Constructing evaluation domain
··End:     Constructing evaluation domain ..........................................14.958µs
··Start:   R1CS to QAP Instance Map with Evaluation
····Start:   Evaluate Lagrange coefficients
····End:     Evaluate Lagrange coefficients ........................................2.159s
··End:     R1CS to QAP Instance Map with Evaluation ................................26.886s
··Start:   Compute G2 table
··End:     Compute G2 table ........................................................965.165ms
··Start:   Calculate B G2
··End:     Calculate B G2 ..........................................................46.759s
··Start:   Compute G1 window table
··End:     Compute G1 window table .................................................1.853s
··Start:   Generate the R1CS proving key
····Start:   Calculate A
····End:     Calculate A ...........................................................102.221s
····Start:   Calculate B G1
····End:     Calculate B G1 ........................................................18.960s
····Start:   Calculate H
····End:     Calculate H ...........................................................180.299s
····Start:   Calculate L
····End:     Calculate L ...........................................................114.132s
··End:     Generate the R1CS proving key ...........................................415.619s
··Start:   Generate the R1CS verification key
··End:     Generate the R1CS verification key ......................................3.330ms
··Start:   Convert proving key elements to affine
··End:     Convert proving key elements to affine ..................................42.770s
End:     Groth16::Generator ........................................................588.151s
setup time 588.43495175s
crs size: 3539424000
Start:   Groth16::Prover
··Start:   Constraint synthesis
Conv1 1906688 1906688
Relu1 75264 1981952
AvgPool1 6272 1988224
Conv2 2863360 4851584
Relu2 19200 4870784
AvgPool2 1600 4872384
Conv3 424960 5297344
Relu3 3072 5300416
FC1 53120 5353536
Relu4 384 5353920
FC2 1786 5355706
Commit 902335
ArgmaxCircuitU8 18950 6276991
FullCircuit 6276991
··End:     Constraint synthesis ....................................................11.467s
··Start:   Inlining LCs
··End:     Inlining LCs ............................................................45.836s
··Start:   R1CS to QAP witness map
··End:     R1CS to QAP witness map .................................................87.266s
··Start:   Compute C
··End:     Compute C ...............................................................192.523s
··Start:   Compute A
··End:     Compute A ...............................................................38.462s
··Start:   Compute B in G1
··End:     Compute B in G1 .........................................................4.872s
··Start:   Compute B in G2
··End:     Compute B in G2 .........................................................12.028s
··Start:   Finish C
··End:     Finish C ................................................................3.666µs
End:     Groth16::Prover ...........................................................400.173s
prove time 400.173794583s
1:2, 2:3verification time 3.634625ms
