Start:   KZG10::Setup with degree 102425
··Start:   Generating powers of G
··End:     Generating powers of G ..................................................1.277s
··Start:   Generating powers of gamma * G
··End:     Generating powers of gamma * G ..........................................1.278s
··Start:   Generating negative powers of h in G2
··End:     Generating negative powers of h in G2 ...................................4.551s
End:     KZG10::Setup with degree 102425 ...........................................7.171s
Start:   Committing to polynomial of degree 102425 with hiding_bound: None
··Start:   MSM to compute commitment to plaintext poly
····Start:   Base MSM
····End:     Base MSM ..............................................................60.233ms
··End:     MSM to compute commitment to plaintext poly .............................60.345ms
··Start:   MSM to compute commitment to random poly
····Start:   Base MSM
····End:     Base MSM ..............................................................24.166µs
··End:     MSM to compute commitment to random poly ................................34.084µs
End:     Committing to polynomial of degree 102425 with hiding_bound: None .........60.404ms
Start:   Committing to polynomial of degree 102424 with hiding_bound: None
··Start:   MSM to compute commitment to plaintext poly
····Start:   Base MSM
····End:     Base MSM ..............................................................1.193s
··End:     MSM to compute commitment to plaintext poly .............................1.194s
··Start:   MSM to compute commitment to random poly
····Start:   Base MSM
····End:     Base MSM ..............................................................24.291µs
··End:     MSM to compute commitment to random poly ................................32.958µs
End:     Committing to polynomial of degree 102424 with hiding_bound: None .........1.194s
commit time 8.453020292s
start generating random parameters
Start:   Groth16::Generator
··Start:   Constraint synthesis
FC1 45440 45440
ReLU1 384 45824
FC2 1786 47610
Commit 204851
ArgmaxCircuitU8 18950 271411
FullCircuit 271411
··End:     Constraint synthesis ....................................................176.000ms
··Start:   Inlining LCs
··End:     Inlining LCs ............................................................373.335ms
··Start:   Constructing evaluation domain
··End:     Constructing evaluation domain ..........................................15.750µs
··Start:   R1CS to QAP Instance Map with Evaluation
····Start:   Evaluate Lagrange coefficients
····End:     Evaluate Lagrange coefficients ........................................62.633ms
··End:     R1CS to QAP Instance Map with Evaluation ................................343.697ms
··Start:   Compute G2 table
··End:     Compute G2 table ........................................................285.647ms
··Start:   Calculate B G2
··End:     Calculate B G2 ..........................................................5.469s
··Start:   Compute G1 window table
··End:     Compute G1 window table .................................................273.585ms
··Start:   Generate the R1CS proving key
····Start:   Calculate A
····End:     Calculate A ...........................................................4.354s
····Start:   Calculate B G1
····End:     Calculate B G1 ........................................................1.822s
····Start:   Calculate H
····End:     Calculate H ...........................................................6.235s
····Start:   Calculate L
····End:     Calculate L ...........................................................5.296s
··End:     Generate the R1CS proving key ...........................................17.710s
··Start:   Generate the R1CS verification key
··End:     Generate the R1CS verification key ......................................3.471ms
··Start:   Convert proving key elements to affine
··End:     Convert proving key elements to affine ..................................630.117ms
End:     Groth16::Generator ........................................................25.298s
setup time 25.304461666s
random parameters generated!

Start:   Groth16::Prover
··Start:   Constraint synthesis
FC1 45440 45440
ReLU1 384 45824
FC2 1786 47610
Commit 204851
ArgmaxCircuitU8 18950 271411
FullCircuit 271411
··End:     Constraint synthesis ....................................................190.296ms
··Start:   Inlining LCs
··End:     Inlining LCs ............................................................430.917ms
··Start:   R1CS to QAP witness map
··End:     R1CS to QAP witness map .................................................1.539s
··Start:   Compute C
··End:     Compute C ...............................................................8.264s
··Start:   Compute A
··End:     Compute A ...............................................................2.648s
··Start:   Compute B in G1
··End:     Compute B in G1 .........................................................371.063ms
··Start:   Compute B in G2
··End:     Compute B in G2 .........................................................1.191s
··Start:   Finish C
··End:     Finish C ................................................................2.959µs
End:     Groth16::Prover ...........................................................14.724s
prove time 14.724982292s
1:2, 2:3verification time 3.869291ms
