Start:   KZG10::Setup with degree 102425
··Start:   Generating powers of G
··End:     Generating powers of G ..................................................1.384s
··Start:   Generating powers of gamma * G
··End:     Generating powers of gamma * G ..........................................1.375s
··Start:   Generating negative powers of h in G2
··End:     Generating negative powers of h in G2 ...................................4.622s
End:     KZG10::Setup with degree 102425 ...........................................7.447s
Start:   Committing to polynomial of degree 102425 with hiding_bound: None
··Start:   MSM to compute commitment to plaintext poly
····Start:   Base MSM
····End:     Base MSM ..............................................................60.175ms
··End:     MSM to compute commitment to plaintext poly .............................60.315ms
··Start:   MSM to compute commitment to random poly
····Start:   Base MSM
····End:     Base MSM ..............................................................16.791µs
··End:     MSM to compute commitment to random poly ................................22.917µs
End:     Committing to polynomial of degree 102425 with hiding_bound: None .........60.352ms
Start:   Committing to polynomial of degree 102424 with hiding_bound: None
··Start:   MSM to compute commitment to plaintext poly
····Start:   Base MSM
····End:     Base MSM ..............................................................1.196s
··End:     MSM to compute commitment to plaintext poly .............................1.197s
··Start:   MSM to compute commitment to random poly
····Start:   Base MSM
····End:     Base MSM ..............................................................17.208µs
··End:     MSM to compute commitment to random poly ................................24.292µs
End:     Committing to polynomial of degree 102424 with hiding_bound: None .........1.197s
commit time 8.730878417s
start generating random parameters
Start:   Groth16::Generator
··Start:   Constraint synthesis
FC1 45440 45440
ReLU1 384 45824
FC2 1786 47610
Commit 204851
ArgmaxCircuitU8 18950 271411
FullCircuit 271411
··End:     Constraint synthesis ....................................................177.029ms
··Start:   Inlining LCs
··End:     Inlining LCs ............................................................364.524ms
··Start:   Constructing evaluation domain
··End:     Constructing evaluation domain ..........................................14.833µs
··Start:   R1CS to QAP Instance Map with Evaluation
····Start:   Evaluate Lagrange coefficients
····End:     Evaluate Lagrange coefficients ........................................64.529ms
··End:     R1CS to QAP Instance Map with Evaluation ................................349.043ms
··Start:   Compute G2 table
··End:     Compute G2 table ........................................................293.043ms
··Start:   Calculate B G2
··End:     Calculate B G2 ..........................................................5.837s
··Start:   Compute G1 window table
··End:     Compute G1 window table .................................................287.970ms
··Start:   Generate the R1CS proving key
····Start:   Calculate A
····End:     Calculate A ...........................................................6.047s
····Start:   Calculate B G1
····End:     Calculate B G1 ........................................................2.007s
····Start:   Calculate H
····End:     Calculate H ...........................................................6.642s
····Start:   Calculate L
····End:     Calculate L ...........................................................5.213s
··End:     Generate the R1CS proving key ...........................................19.913s
··Start:   Generate the R1CS verification key
··End:     Generate the R1CS verification key ......................................1.212s
··Start:   Convert proving key elements to affine
··End:     Convert proving key elements to affine ..................................677.366ms
End:     Groth16::Generator ........................................................29.186s
setup time 29.194042791s
random parameters generated!

Start:   Groth16::Prover
··Start:   Constraint synthesis
FC1 45440 45440
ReLU1 384 45824
FC2 1786 47610
Commit 204851
ArgmaxCircuitU8 18950 271411
FullCircuit 271411
··End:     Constraint synthesis ....................................................192.118ms
··Start:   Inlining LCs
··End:     Inlining LCs ............................................................386.623ms
··Start:   R1CS to QAP witness map
··End:     R1CS to QAP witness map .................................................1.545s
··Start:   Compute C
··End:     Compute C ...............................................................7.876s
··Start:   Compute A
··End:     Compute A ...............................................................3.632s
··Start:   Compute B in G1
··End:     Compute B in G1 .........................................................386.642ms
··Start:   Compute B in G2
··End:     Compute B in G2 .........................................................1.253s
··Start:   Finish C
··End:     Finish C ................................................................3.208µs
End:     Groth16::Prover ...........................................................15.360s
prove time 15.3610215s
1:102427, 2:102428verification time 15.849159708s
