Start:   Connecting
End:     Connecting ................................................................13.325ms
Start:   KZG10::Setup with degree 102425
··Start:   Generating powers of G
··End:     Generating powers of G ..................................................1.989s
··Start:   Generating powers of gamma * G
··End:     Generating powers of gamma * G ..........................................1.988s
··Start:   Generating negative powers of h in G2
··End:     Generating negative powers of h in G2 ...................................6.954s
End:     KZG10::Setup with degree 102425 ...........................................11.074s
Start:   Committing to polynomial of degree 102425 with hiding_bound: None
··Start:   MSM to compute commitment to plaintext poly
····Start:   Base MSM
····End:     Base MSM ..............................................................89.679ms
··End:     MSM to compute commitment to plaintext poly .............................89.701ms
··Start:   MSM to compute commitment to random poly
····Start:   Base MSM
····End:     Base MSM ..............................................................30.488µs
··End:     MSM to compute commitment to random poly ................................36.616µs
End:     Committing to polynomial of degree 102425 with hiding_bound: None .........89.750ms
Start:   Committing to polynomial of degree 102424 with hiding_bound: None
··Start:   MSM to compute commitment to plaintext poly
····Start:   Base MSM
····End:     Base MSM ..............................................................1.741s
··End:     MSM to compute commitment to plaintext poly .............................1.741s
··Start:   MSM to compute commitment to random poly
····Start:   Base MSM
····End:     Base MSM ..............................................................29.599µs
··End:     MSM to compute commitment to random poly ................................35.812µs
End:     Committing to polynomial of degree 102424 with hiding_bound: None .........1.741s
Start:   Groth16::Generator
··Start:   Constraint synthesis
····Start:   Poly constraints
····End:     Poly constraints ......................................................207.058ms
Number of constraints for Poly 204851, avg 1.9999902368539237
····Start:   FC constraints
······Start:   L1 constraints
Number of constraints for FC1 100480 accumulated constraints 305331
······End:     L1 constraints ......................................................258.966ms
······Start:   ReLU constraints
Number of constraints for ReLU1 384 accumulated constraints 305715
······End:     ReLU constraints ....................................................255.714µs
······Start:   L2 constraints
Number of constraints for FC2 1290 accumulated constraints 307005
······End:     L2 constraints ......................................................2.188ms
Total number of FullCircuit inference constraints 307005
····End:     FC constraints ........................................................270.277ms
····Start:   ArgMax constraints
Number of constraints for ArgmaxCircuitU8 Circuit 20150, Accumulated constraints 327155
····End:     ArgMax constraints ....................................................22.524ms
··End:     Constraint synthesis ....................................................508.533ms
··Start:   Inlining LCs
····Start:   Transforming LCs
····End:     Transforming LCs ......................................................617.495ms
··End:     Inlining LCs ............................................................873.576ms
··Start:   Constructing evaluation domain
··End:     Constructing evaluation domain ..........................................19.107µs
··Start:   R1CS to QAP Instance Map with Evaluation
····Start:   Evaluate Lagrange coefficients
····End:     Evaluate Lagrange coefficients ........................................90.816ms
··End:     R1CS to QAP Instance Map with Evaluation ................................672.867ms
··Start:   Compute G2 table
··End:     Compute G2 table ........................................................248.149ms
··Start:   Calculate B G2
··End:     Calculate B G2 ..........................................................7.264s
··Start:   Compute G1 window table
··End:     Compute G1 window table .................................................433.409ms
··Start:   Generate the R1CS proving key
····Start:   Calculate A
····End:     Calculate A ...........................................................6.772s
····Start:   Calculate B G1
····End:     Calculate B G1 ........................................................2.395s
····Start:   Calculate H
····End:     Calculate H ...........................................................9.354s
····Start:   Calculate L
····End:     Calculate L ...........................................................9.001s
··End:     Generate the R1CS proving key ...........................................27.526s
··Start:   Generate the R1CS verification key
··End:     Generate the R1CS verification key ......................................899.751µs
··Start:   Convert proving key elements to affine
··End:     Convert proving key elements to affine ..................................1.474s
End:     Groth16::Generator ........................................................39.056s
Start:   do the mpc (cheat)
End:     do the mpc (cheat) ........................................................51.725ms
Start:   timed section
··Start:   zk sampling
··End:     zk sampling .............................................................549ns
··Start:   Groth16::Prover
····Start:   Constraint synthesis
······Start:   Poly constraints
······End:     Poly constraints ....................................................14.760s
Number of constraints for Poly 204851, avg 1.9999902368539237
······Start:   FC constraints
········Start:   L1 constraints
Number of constraints for FC1 100480 accumulated constraints 305331
········End:     L1 constraints ....................................................28.905s
········Start:   ReLU constraints
Number of constraints for ReLU1 384 accumulated constraints 305715
········End:     ReLU constraints ..................................................300.555µs
········Start:   L2 constraints
Number of constraints for FC2 1290 accumulated constraints 307005
········End:     L2 constraints ....................................................370.948ms
Total number of FullCircuit inference constraints 307005
······End:     FC constraints ......................................................29.286s
······Start:   ArgMax constraints
Number of constraints for ArgmaxCircuitU8 Circuit 20150, Accumulated constraints 327155
······End:     ArgMax constraints ..................................................26.144ms
····End:     Constraint synthesis ..................................................44.093s
····Start:   Inlining LCs
······Start:   Transforming LCs
······End:     Transforming LCs ....................................................15.296s
····End:     Inlining LCs ..........................................................15.700s
····Start:   R1CS to QAP witness map
······Start:   batch product
········Start:   Batch mult: 524288
··········Start:   King compute wrapper
············Start:   King computation
············End:     King computation ..............................................485.328ms
··········End:     King compute wrapper ............................................715.591ms
········End:     Batch mult: 524288 ................................................908.190ms
······End:     batch product .......................................................945.037ms
····End:     R1CS to QAP witness map ...............................................18.556s
····Start:   crypto
······Start:   Compute C
········Start:   MSM inner
··········Start:   Collecting scalar shares
··········End:     Collecting scalar shares ........................................8.342ms
··········Start:   MSM
············Start:   Base MSM
············End:     Base MSM ......................................................7.719s
··········End:     MSM .............................................................7.719s
········End:     MSM inner .........................................................7.729s
········Start:   MSM inner
··········Start:   Collecting scalar shares
··········End:     Collecting scalar shares ........................................3.055ms
··········Start:   MSM
············Start:   Base MSM
············End:     Base MSM ......................................................3.885s
··········End:     MSM .............................................................3.885s
········End:     MSM inner .........................................................3.890s
······End:     Compute C ...........................................................12.319s
······Start:   Compute A
········Start:   MSM size 527359 527359
··········Start:   MSM inner
············Start:   Collecting scalar shares
············End:     Collecting scalar shares ......................................3.076ms
············Start:   MSM
··············Start:   Base MSM
··············End:     Base MSM ....................................................3.829s
············End:     MSM ...........................................................3.829s
··········End:     MSM inner .......................................................3.834s
········End:     MSM size 527359 527359 ............................................4.473s
······End:     Compute A ...........................................................4.488s
······Start:   Compute B in G1
········Start:   MSM size 527359 527359
··········Start:   MSM inner
············Start:   Collecting scalar shares
············End:     Collecting scalar shares ......................................3.817ms
············Start:   MSM
··············Start:   Base MSM
··············End:     Base MSM ....................................................447.789ms
············End:     MSM ...........................................................447.831ms
··········End:     MSM inner .......................................................453.423ms
········End:     MSM size 527359 527359 ............................................1.045s
······End:     Compute B in G1 .....................................................1.045s
······Start:   Compute B in G2
········Start:   MSM size 527359 527359
··········Start:   MSM inner
············Start:   Collecting scalar shares
············End:     Collecting scalar shares ......................................3.594ms
············Start:   MSM
··············Start:   Base MSM
··············End:     Base MSM ....................................................1.382s
············End:     MSM ...........................................................1.382s
··········End:     MSM inner .......................................................1.387s
········End:     MSM size 527359 527359 ............................................2.013s
······End:     Compute B in G2 .....................................................2.038s
······Start:   Finish C
······End:     Finish C ............................................................4.646µs
····End:     crypto ................................................................20.062s
··End:     Groth16::Prover .........................................................98.413s
··Start:   reveal
····Start:   All opening checks
······Start:   Product check: 1543160
······End:     Product check: 1543160 ..............................................648.630ms
······Start:   Group product checks: 3
······End:     Group product checks: 3 .............................................20.841ms
····End:     All opening checks ....................................................1.044s
····Start:   All opening checks
····End:     All opening checks ....................................................1.422µs
····Start:   All opening checks
····End:     All opening checks ....................................................1.179µs
··End:     reveal ..................................................................1.057s
End:     timed section .............................................................99.473s
Start:   ZKP verification
1:2, 2:3End:     ZKP verification ..........................................................5.449ms
Start:   KZG verification
··Start:   Checking evaluation
··End:     Checking evaluation Result: true.........................................4.236ms
End:     KZG verification ..........................................................4.247ms
Stats: Stats {
    bytes_sent: 120130832,
    bytes_recv: 98768752,
    broadcasts: 36,
    to_king: 1018930,
    from_king: 1082170,
}
