Start:   KZG10::Setup with degree 102425
··Start:   Generating powers of G
··End:     Generating powers of G ..................................................1.966s
··Start:   Generating powers of gamma * G
··End:     Generating powers of gamma * G ..........................................1.969s
··Start:   Generating negative powers of h in G2
··End:     Generating negative powers of h in G2 ...................................6.789s
End:     KZG10::Setup with degree 102425 ...........................................10.866s
Start:   Committing to polynomial of degree 102425 with hiding_bound: None
··Start:   MSM to compute commitment to plaintext poly
····Start:   Base MSM
····End:     Base MSM ..............................................................88.452ms
··End:     MSM to compute commitment to plaintext poly .............................88.468ms
··Start:   MSM to compute commitment to random poly
····Start:   Base MSM
····End:     Base MSM ..............................................................28.691µs
··End:     MSM to compute commitment to random poly ................................34.453µs
End:     Committing to polynomial of degree 102425 with hiding_bound: None .........88.515ms
Start:   Committing to polynomial of degree 102424 with hiding_bound: None
··Start:   MSM to compute commitment to plaintext poly
····Start:   Base MSM
····End:     Base MSM ..............................................................1.693s
··End:     MSM to compute commitment to plaintext poly .............................1.693s
··Start:   MSM to compute commitment to random poly
····Start:   Base MSM
····End:     Base MSM ..............................................................28.873µs
··End:     MSM to compute commitment to random poly ................................34.838µs
End:     Committing to polynomial of degree 102424 with hiding_bound: None .........1.693s
Start:   Groth16::Generator
··Start:   Constraint synthesis
····Start:   Poly constraints
····End:     Poly constraints ......................................................199.695ms
Number of constraints for Poly 204851, avg 1.9999902368539237
····Start:   FC constraints
······Start:   L1 constraints
Number of constraints for FC1 100480 accumulated constraints 305331
······End:     L1 constraints ......................................................250.631ms
······Start:   ReLU constraints
Number of constraints for ReLU1 384 accumulated constraints 305715
······End:     ReLU constraints ....................................................245.808µs
······Start:   L2 constraints
Number of constraints for FC2 1290 accumulated constraints 307005
······End:     L2 constraints ......................................................2.036ms
Total number of FullCircuit inference constraints 307005
····End:     FC constraints ........................................................261.323ms
····Start:   ArgMax constraints
Number of constraints for ArgmaxCircuitU8 Circuit 20150, Accumulated constraints 327155
····End:     ArgMax constraints ....................................................21.288ms
··End:     Constraint synthesis ....................................................490.861ms
··Start:   Inlining LCs
····Start:   Transforming LCs
····End:     Transforming LCs ......................................................598.692ms
··End:     Inlining LCs ............................................................832.143ms
··Start:   Constructing evaluation domain
··End:     Constructing evaluation domain ..........................................18.694µs
··Start:   R1CS to QAP Instance Map with Evaluation
····Start:   Evaluate Lagrange coefficients
····End:     Evaluate Lagrange coefficients ........................................89.303ms
··End:     R1CS to QAP Instance Map with Evaluation ................................628.770ms
··Start:   Compute G2 table
··End:     Compute G2 table ........................................................244.290ms
··Start:   Calculate B G2
··End:     Calculate B G2 ..........................................................7.068s
··Start:   Compute G1 window table
··End:     Compute G1 window table .................................................428.512ms
··Start:   Generate the R1CS proving key
····Start:   Calculate A
····End:     Calculate A ...........................................................6.401s
····Start:   Calculate B G1
····End:     Calculate B G1 ........................................................2.214s
····Start:   Calculate H
····End:     Calculate H ...........................................................8.665s
····Start:   Calculate L
····End:     Calculate L ...........................................................8.297s
··End:     Generate the R1CS proving key ...........................................25.581s
··Start:   Generate the R1CS verification key
··End:     Generate the R1CS verification key ......................................875.606µs
··Start:   Convert proving key elements to affine
··End:     Convert proving key elements to affine ..................................1.444s
End:     Groth16::Generator ........................................................36.770s
Start:   timed section
··Start:   zk sampling
··End:     zk sampling .............................................................980ns
··Start:   Groth16::Prover
····Start:   Constraint synthesis
······Start:   Poly constraints
······End:     Poly constraints ....................................................119.173ms
Number of constraints for Poly 204851, avg 1.9999902368539237
······Start:   FC constraints
········Start:   L1 constraints
Number of constraints for FC1 100480 accumulated constraints 305331
········End:     L1 constraints ....................................................165.880ms
········Start:   ReLU constraints
Number of constraints for ReLU1 384 accumulated constraints 305715
········End:     ReLU constraints ..................................................237.660µs
········Start:   L2 constraints
Number of constraints for FC2 1290 accumulated constraints 307005
········End:     L2 constraints ....................................................2.069ms
Total number of FullCircuit inference constraints 307005
······End:     FC constraints ......................................................171.340ms
······Start:   ArgMax constraints
Number of constraints for ArgmaxCircuitU8 Circuit 20150, Accumulated constraints 327155
······End:     ArgMax constraints ..................................................21.008ms
····End:     Constraint synthesis ..................................................321.361ms
····Start:   Inlining LCs
······Start:   Transforming LCs
······End:     Transforming LCs ....................................................624.605ms
····End:     Inlining LCs ..........................................................857.253ms
····Start:   R1CS to QAP witness map
······Start:   batch product
······End:     batch product .......................................................13.968ms
····End:     R1CS to QAP witness map ...............................................2.274s
····Start:   crypto
······Start:   Compute C
········Start:   Base MSM
········End:     Base MSM ..........................................................7.488s
········Start:   Base MSM
········End:     Base MSM ..........................................................3.789s
······End:     Compute C ...........................................................11.278s
······Start:   Compute A
········Start:   MSM size 527359 527359
··········Start:   Base MSM
··········End:     Base MSM ........................................................3.709s
········End:     MSM size 527359 527359 ............................................3.709s
······End:     Compute A ...........................................................3.709s
······Start:   Compute B in G1
········Start:   MSM size 527359 527359
··········Start:   Base MSM
··········End:     Base MSM ........................................................432.842ms
········End:     MSM size 527359 527359 ............................................432.868ms
······End:     Compute B in G1 .....................................................433.072ms
······Start:   Compute B in G2
········Start:   MSM size 527359 527359
··········Start:   Base MSM
··········End:     Base MSM ........................................................1.368s
········End:     MSM size 527359 527359 ............................................1.368s
······End:     Compute B in G2 .....................................................1.369s
······Start:   Finish C
······End:     Finish C ............................................................4.080µs
····End:     crypto ................................................................16.916s
··End:     Groth16::Prover .........................................................20.370s
··Start:   ZKP verification
1:2, 2:3··End:     ZKP verification ........................................................5.315ms
··Start:   KZG verification
····Start:   Checking evaluation
····End:     Checking evaluation Result: true.......................................4.234ms
··End:     KZG verification ........................................................4.245ms
Stats: Stats {
    bytes_sent: 0,
    bytes_recv: 0,
    broadcasts: 0,
    to_king: 0,
    from_king: 0,
}
