Start:   KZG10::Setup with degree 102425
··Start:   Generating powers of G
··End:     Generating powers of G ..................................................1.957s
··Start:   Generating powers of gamma * G
··End:     Generating powers of gamma * G ..........................................1.955s
··Start:   Generating negative powers of h in G2
··End:     Generating negative powers of h in G2 ...................................6.765s
End:     KZG10::Setup with degree 102425 ...........................................10.817s
Start:   Committing to polynomial of degree 102425 with hiding_bound: None
··Start:   MSM to compute commitment to plaintext poly
····Start:   Base MSM
····End:     Base MSM ..............................................................88.386ms
··End:     MSM to compute commitment to plaintext poly .............................88.401ms
··Start:   MSM to compute commitment to random poly
····Start:   Base MSM
····End:     Base MSM ..............................................................29.995µs
··End:     MSM to compute commitment to random poly ................................36.020µs
End:     Committing to polynomial of degree 102425 with hiding_bound: None .........88.451ms
Start:   Committing to polynomial of degree 102424 with hiding_bound: None
··Start:   MSM to compute commitment to plaintext poly
····Start:   Base MSM
····End:     Base MSM ..............................................................1.692s
··End:     MSM to compute commitment to plaintext poly .............................1.692s
··Start:   MSM to compute commitment to random poly
····Start:   Base MSM
····End:     Base MSM ..............................................................29.420µs
··End:     MSM to compute commitment to random poly ................................35.303µs
End:     Committing to polynomial of degree 102424 with hiding_bound: None .........1.692s
Start:   Marlin::UniversalSetup with max_degree 3145727, computed for a maximum of 1000000 constraints, 1000000 vars, 1000000 non_zero
··Start:   KZG10::Setup with degree 3145727
····Start:   Generating powers of G
····End:     Generating powers of G ................................................49.658s
····Start:   Generating powers of gamma * G
····End:     Generating powers of gamma * G ........................................49.584s
····Start:   Generating negative powers of h in G2
····End:     Generating negative powers of h in G2 .................................396ns
··End:     KZG10::Setup with degree 3145727 ........................................103.877s
End:     Marlin::UniversalSetup with max_degree 3145727, computed for a maximum of 1000000 constraints, 1000000 vars, 1000000 non_zero 103.922s
Start:   Marlin::Index
··Start:   AHP::Index
····Start:   Generating constraints
······Start:   Poly constraints
······End:     Poly constraints ....................................................167.345ms
Number of constraints for Poly 204851, avg 1.9999902368539237
······Start:   FC constraints
········Start:   L1 constraints
Number of constraints for FC1 100480 accumulated constraints 305331
········End:     L1 constraints ....................................................250.308ms
········Start:   ReLU constraints
Number of constraints for ReLU1 384 accumulated constraints 305715
········End:     ReLU constraints ..................................................255.142µs
········Start:   L2 constraints
Number of constraints for FC2 1290 accumulated constraints 307005
········End:     L2 constraints ....................................................2.057ms
Total number of FullCircuit inference constraints 307005
······End:     FC constraints ......................................................260.990ms
······Start:   ArgMax constraints
Number of constraints for ArgmaxCircuitU8 Circuit 20150, Accumulated constraints 327155
······End:     ArgMax constraints ..................................................21.218ms
····End:     Generating constraints ................................................458.046ms
····Start:   Padding matrices to make them square
····End:     Padding matrices to make them square ..................................18.246µs
····Start:   Processing matrices
······Start:   Transforming LCs
······End:     Transforming LCs ....................................................598.129ms
····End:     Processing matrices ...................................................1.197s
····Start:   Arithmetizing A
······Start:   Computing row, col, and val LDEs
········Start:   Precomputing eq_poly_vals
········End:     Precomputing eq_poly_vals .........................................951.013ms
········Start:   Computing row, col and val evals
········End:     Computing row, col and val evals ..................................561.072ms
········Start:   Interpolating on K and B
········End:     Interpolating on K and B ..........................................11.800s
······End:     Computing row, col, and val LDEs ....................................13.389s
····End:     Arithmetizing A .......................................................13.398s
····Start:   Arithmetizing B
······Start:   Computing row, col, and val LDEs
········Start:   Precomputing eq_poly_vals
········End:     Precomputing eq_poly_vals .........................................954.360ms
········Start:   Computing row, col and val evals
········End:     Computing row, col and val evals ..................................568.476ms
········Start:   Interpolating on K and B
········End:     Interpolating on K and B ..........................................11.966s
······End:     Computing row, col, and val LDEs ....................................13.584s
····End:     Arithmetizing B .......................................................13.593s
····Start:   Arithmetizing C
······Start:   Computing row, col, and val LDEs
········Start:   Precomputing eq_poly_vals
········End:     Precomputing eq_poly_vals .........................................954.769ms
········Start:   Computing row, col and val evals
········End:     Computing row, col and val evals ..................................446.976ms
········Start:   Interpolating on K and B
········End:     Interpolating on K and B ..........................................11.924s
······End:     Computing row, col, and val LDEs ....................................13.435s
····End:     Arithmetizing C .......................................................13.444s
··End:     AHP::Index ..............................................................42.092s
··Start:   Constructing `powers` of size 3145727 for unshifted polys
··End:     Constructing `powers` of size 3145727 for unshifted polys ...............217.800ms
··Start:   Constructing `shifted_powers` of size 1048575
··End:     Constructing `shifted_powers` of size 1048575 ...........................72.417ms
··Start:   Commit to index polynomials
····Start:   Committing to polynomials
······Start:   Polynomial a_row of degree 1048575, degree bound None, and hiding bound None
········Start:   Committing to polynomial of degree 1048575 with hiding_bound: None
··········Start:   MSM to compute commitment to plaintext poly
············Start:   Base MSM
············End:     Base MSM ......................................................14.427s
··········End:     MSM to compute commitment to plaintext poly .....................14.427s
··········Start:   MSM to compute commitment to random poly
············Start:   Base MSM
············End:     Base MSM ......................................................33.119µs
··········End:     MSM to compute commitment to random poly ........................41.493µs
········End:     Committing to polynomial of degree 1048575 with hiding_bound: None 14.427s
······End:     Polynomial a_row of degree 1048575, degree bound None, and hiding bound None 14.427s
······Start:   Polynomial a_col of degree 1048575, degree bound None, and hiding bound None
········Start:   Committing to polynomial of degree 1048575 with hiding_bound: None
··········Start:   MSM to compute commitment to plaintext poly
············Start:   Base MSM
············End:     Base MSM ......................................................14.402s
··········End:     MSM to compute commitment to plaintext poly .....................14.402s
··········Start:   MSM to compute commitment to random poly
············Start:   Base MSM
············End:     Base MSM ......................................................31.044µs
··········End:     MSM to compute commitment to random poly ........................39.475µs
········End:     Committing to polynomial of degree 1048575 with hiding_bound: None 14.402s
······End:     Polynomial a_col of degree 1048575, degree bound None, and hiding bound None 14.402s
······Start:   Polynomial a_val of degree 1048575, degree bound None, and hiding bound None
········Start:   Committing to polynomial of degree 1048575 with hiding_bound: None
··········Start:   MSM to compute commitment to plaintext poly
············Start:   Base MSM
············End:     Base MSM ......................................................14.410s
··········End:     MSM to compute commitment to plaintext poly .....................14.410s
··········Start:   MSM to compute commitment to random poly
············Start:   Base MSM
············End:     Base MSM ......................................................31.207µs
··········End:     MSM to compute commitment to random poly ........................37.597µs
········End:     Committing to polynomial of degree 1048575 with hiding_bound: None 14.410s
······End:     Polynomial a_val of degree 1048575, degree bound None, and hiding bound None 14.410s
······Start:   Polynomial a_row_col of degree 1048575, degree bound None, and hiding bound None
········Start:   Committing to polynomial of degree 1048575 with hiding_bound: None
··········Start:   MSM to compute commitment to plaintext poly
············Start:   Base MSM
············End:     Base MSM ......................................................14.401s
··········End:     MSM to compute commitment to plaintext poly .....................14.401s
··········Start:   MSM to compute commitment to random poly
············Start:   Base MSM
············End:     Base MSM ......................................................30.657µs
··········End:     MSM to compute commitment to random poly ........................39.159µs
········End:     Committing to polynomial of degree 1048575 with hiding_bound: None 14.401s
······End:     Polynomial a_row_col of degree 1048575, degree bound None, and hiding bound None 14.401s
······Start:   Polynomial b_row of degree 1048575, degree bound None, and hiding bound None
········Start:   Committing to polynomial of degree 1048575 with hiding_bound: None
··········Start:   MSM to compute commitment to plaintext poly
············Start:   Base MSM
············End:     Base MSM ......................................................14.457s
··········End:     MSM to compute commitment to plaintext poly .....................14.457s
··········Start:   MSM to compute commitment to random poly
············Start:   Base MSM
············End:     Base MSM ......................................................30.717µs
··········End:     MSM to compute commitment to random poly ........................47.729µs
········End:     Committing to polynomial of degree 1048575 with hiding_bound: None 14.457s
······End:     Polynomial b_row of degree 1048575, degree bound None, and hiding bound None 14.457s
······Start:   Polynomial b_col of degree 1048575, degree bound None, and hiding bound None
········Start:   Committing to polynomial of degree 1048575 with hiding_bound: None
··········Start:   MSM to compute commitment to plaintext poly
············Start:   Base MSM
············End:     Base MSM ......................................................14.405s
··········End:     MSM to compute commitment to plaintext poly .....................14.405s
··········Start:   MSM to compute commitment to random poly
············Start:   Base MSM
············End:     Base MSM ......................................................32.868µs
··········End:     MSM to compute commitment to random poly ........................41.940µs
········End:     Committing to polynomial of degree 1048575 with hiding_bound: None 14.405s
······End:     Polynomial b_col of degree 1048575, degree bound None, and hiding bound None 14.405s
······Start:   Polynomial b_val of degree 1048575, degree bound None, and hiding bound None
········Start:   Committing to polynomial of degree 1048575 with hiding_bound: None
··········Start:   MSM to compute commitment to plaintext poly
············Start:   Base MSM
············End:     Base MSM ......................................................14.403s
··········End:     MSM to compute commitment to plaintext poly .....................14.403s
··········Start:   MSM to compute commitment to random poly
············Start:   Base MSM
············End:     Base MSM ......................................................31.338µs
··········End:     MSM to compute commitment to random poly ........................39.705µs
········End:     Committing to polynomial of degree 1048575 with hiding_bound: None 14.403s
······End:     Polynomial b_val of degree 1048575, degree bound None, and hiding bound None 14.403s
······Start:   Polynomial b_row_col of degree 1048575, degree bound None, and hiding bound None
········Start:   Committing to polynomial of degree 1048575 with hiding_bound: None
··········Start:   MSM to compute commitment to plaintext poly
············Start:   Base MSM
············End:     Base MSM ......................................................14.415s
··········End:     MSM to compute commitment to plaintext poly .....................14.415s
··········Start:   MSM to compute commitment to random poly
············Start:   Base MSM
············End:     Base MSM ......................................................31.935µs
··········End:     MSM to compute commitment to random poly ........................40.563µs
········End:     Committing to polynomial of degree 1048575 with hiding_bound: None 14.415s
······End:     Polynomial b_row_col of degree 1048575, degree bound None, and hiding bound None 14.415s
······Start:   Polynomial c_row of degree 1048575, degree bound None, and hiding bound None
········Start:   Committing to polynomial of degree 1048575 with hiding_bound: None
··········Start:   MSM to compute commitment to plaintext poly
············Start:   Base MSM
············End:     Base MSM ......................................................14.398s
··········End:     MSM to compute commitment to plaintext poly .....................14.398s
··········Start:   MSM to compute commitment to random poly
············Start:   Base MSM
············End:     Base MSM ......................................................30.702µs
··········End:     MSM to compute commitment to random poly ........................51.600µs
········End:     Committing to polynomial of degree 1048575 with hiding_bound: None 14.398s
······End:     Polynomial c_row of degree 1048575, degree bound None, and hiding bound None 14.398s
······Start:   Polynomial c_col of degree 1048575, degree bound None, and hiding bound None
········Start:   Committing to polynomial of degree 1048575 with hiding_bound: None
··········Start:   MSM to compute commitment to plaintext poly
············Start:   Base MSM
············End:     Base MSM ......................................................14.406s
··········End:     MSM to compute commitment to plaintext poly .....................14.406s
··········Start:   MSM to compute commitment to random poly
············Start:   Base MSM
············End:     Base MSM ......................................................33.825µs
··········End:     MSM to compute commitment to random poly ........................42.487µs
········End:     Committing to polynomial of degree 1048575 with hiding_bound: None 14.406s
······End:     Polynomial c_col of degree 1048575, degree bound None, and hiding bound None 14.406s
······Start:   Polynomial c_val of degree 1048575, degree bound None, and hiding bound None
········Start:   Committing to polynomial of degree 1048575 with hiding_bound: None
··········Start:   MSM to compute commitment to plaintext poly
············Start:   Base MSM
············End:     Base MSM ......................................................14.400s
··········End:     MSM to compute commitment to plaintext poly .....................14.400s
··········Start:   MSM to compute commitment to random poly
············Start:   Base MSM
············End:     Base MSM ......................................................31.783µs
··········End:     MSM to compute commitment to random poly ........................41.265µs
········End:     Committing to polynomial of degree 1048575 with hiding_bound: None 14.400s
······End:     Polynomial c_val of degree 1048575, degree bound None, and hiding bound None 14.400s
······Start:   Polynomial c_row_col of degree 1048575, degree bound None, and hiding bound None
········Start:   Committing to polynomial of degree 1048575 with hiding_bound: None
··········Start:   MSM to compute commitment to plaintext poly
············Start:   Base MSM
············End:     Base MSM ......................................................14.396s
··········End:     MSM to compute commitment to plaintext poly .....................14.396s
··········Start:   MSM to compute commitment to random poly
············Start:   Base MSM
············End:     Base MSM ......................................................32.195µs
··········End:     MSM to compute commitment to random poly ........................40.530µs
········End:     Committing to polynomial of degree 1048575 with hiding_bound: None 14.396s
······End:     Polynomial c_row_col of degree 1048575, degree bound None, and hiding bound None 14.396s
····End:     Committing to polynomials .............................................172.927s
··End:     Commit to index polynomials .............................................172.927s
End:     Marlin::Index .............................................................215.429s
Start:   Marlin Proof
··Start:   Marlin::Prover
····Start:   AHP::Prover::Init
······Start:   Generating constraints and witnesses
········Start:   Poly constraints
········End:     Poly constraints ..................................................127.304ms
Number of constraints for Poly 204851, avg 1.9999902368539237
········Start:   FC constraints
··········Start:   L1 constraints
Number of constraints for FC1 100480 accumulated constraints 305331
··········End:     L1 constraints ..................................................155.831ms
··········Start:   ReLU constraints
Number of constraints for ReLU1 384 accumulated constraints 305715
··········End:     ReLU constraints ................................................250.015µs
··········Start:   L2 constraints
Number of constraints for FC2 1290 accumulated constraints 307005
··········End:     L2 constraints ..................................................2.126ms
Total number of FullCircuit inference constraints 307005
········End:     FC constraints ....................................................161.338ms
········Start:   ArgMax constraints
Number of constraints for ArgmaxCircuitU8 Circuit 20150, Accumulated constraints 327155
········End:     ArgMax constraints ................................................18.561ms
······End:     Generating constraints and witnesses ................................319.358ms
······Start:   Padding matrices to make them square
········Start:   Transforming LCs
········End:     Transforming LCs ..................................................596.590ms
······End:     Padding matrices to make them square ................................892.231ms
······Start:   Evaluating z_A
······End:     Evaluating z_A ......................................................12.992ms
······Start:   Evaluating z_B
······End:     Evaluating z_B ......................................................13.176ms
····End:     AHP::Prover::Init .....................................................1.240s
[Fp256(BigInteger256([12511269383268358948, 4828213157093938257, 2570742922658549268, 392402707734892692])), Fp256(BigInteger256([7943865854407510139, 18348841559912114699, 2756249322742788780, 557072793280971030])), Fp256(BigInteger256([0, 0, 0, 0]))]
····Start:   AHP::Prover::FirstRound
······Start:   Computing x polynomial and evals
······End:     Computing x polynomial and evals ....................................383.154ms
······Start:   Computing w polynomial
······End:     Computing w polynomial ..............................................3.834s
······Start:   Computing z_A polynomial
······End:     Computing z_A polynomial ............................................4.137s
······Start:   Computing z_B polynomial
······End:     Computing z_B polynomial ............................................4.117s
······Start:   Computing mask polynomial
······End:     Computing mask polynomial ...........................................569.148ms
····End:     AHP::Prover::FirstRound ...............................................13.125s
····Start:   Committing to first round polys
······Start:   Committing to polynomials
········Start:   Polynomial w of degree 1048572, degree bound None, and hiding bound Some(1)
··········Start:   Committing to polynomial of degree 1048572 with hiding_bound: Some(1)
············Start:   MSM to compute commitment to plaintext poly
··············Start:   Base MSM
··············End:     Base MSM ....................................................14.419s
············End:     MSM to compute commitment to plaintext poly ...................14.419s
············Start:   Sampling a random polynomial of degree 1
············End:     Sampling a random polynomial of degree 1 ......................1.980µs
············Start:   MSM to compute commitment to random poly
··············Start:   Base MSM
··············End:     Base MSM ....................................................703.730µs
············End:     MSM to compute commitment to random poly ......................726.356µs
··········End:     Committing to polynomial of degree 1048572 with hiding_bound: Some(1) 14.420s
········End:     Polynomial w of degree 1048572, degree bound None, and hiding bound Some(1) 14.420s
········Start:   Polynomial z_a of degree 1048576, degree bound None, and hiding bound Some(1)
··········Start:   Committing to polynomial of degree 1048576 with hiding_bound: Some(1)
············Start:   MSM to compute commitment to plaintext poly
··············Start:   Base MSM
··············End:     Base MSM ....................................................14.267s
············End:     MSM to compute commitment to plaintext poly ...................14.267s
············Start:   Sampling a random polynomial of degree 1
············End:     Sampling a random polynomial of degree 1 ......................2.548µs
············Start:   MSM to compute commitment to random poly
··············Start:   Base MSM
··············End:     Base MSM ....................................................702.297µs
············End:     MSM to compute commitment to random poly ......................725.225µs
··········End:     Committing to polynomial of degree 1048576 with hiding_bound: Some(1) 14.268s
········End:     Polynomial z_a of degree 1048576, degree bound None, and hiding bound Some(1) 14.268s
········Start:   Polynomial z_b of degree 1048576, degree bound None, and hiding bound Some(1)
··········Start:   Committing to polynomial of degree 1048576 with hiding_bound: Some(1)
············Start:   MSM to compute commitment to plaintext poly
··············Start:   Base MSM
··············End:     Base MSM ....................................................14.255s
············End:     MSM to compute commitment to plaintext poly ...................14.255s
············Start:   Sampling a random polynomial of degree 1
············End:     Sampling a random polynomial of degree 1 ......................2.074µs
············Start:   MSM to compute commitment to random poly
··············Start:   Base MSM
··············End:     Base MSM ....................................................689.146µs
············End:     MSM to compute commitment to random poly ......................711.648µs
··········End:     Committing to polynomial of degree 1048576 with hiding_bound: Some(1) 14.256s
········End:     Polynomial z_b of degree 1048576, degree bound None, and hiding bound Some(1) 14.256s
········Start:   Polynomial mask_poly of degree 3145727, degree bound None, and hiding bound None
··········Start:   Committing to polynomial of degree 3145727 with hiding_bound: None
············Start:   MSM to compute commitment to plaintext poly
··············Start:   Base MSM
··············End:     Base MSM ....................................................40.135s
············End:     MSM to compute commitment to plaintext poly ...................40.138s
············Start:   MSM to compute commitment to random poly
··············Start:   Base MSM
··············End:     Base MSM ....................................................32.546µs
············End:     MSM to compute commitment to random poly ......................42.252µs
··········End:     Committing to polynomial of degree 3145727 with hiding_bound: None 40.138s
········End:     Polynomial mask_poly of degree 3145727, degree bound None, and hiding bound None 40.138s
······End:     Committing to polynomials ...........................................83.083s
····End:     Committing to first round polys .......................................83.083s
····Start:   FS absorb first round polys
····End:     FS absorb first round polys ...........................................11.000µs
····Start:   first round ver
Sampling now..
Sampled ..
····End:     first round ver .......................................................37.210µs
····Start:   AHP::Prover::SecondRound
······Start:   Compute z_m poly
········Start:   z_a * z_b
········End:     z_a * z_b .........................................................8.766s
······End:     Compute z_m poly ....................................................8.889s
······Start:   Compute r_alpha_x evals
······End:     Compute r_alpha_x evals .............................................157.717ms
······Start:   Compute r_alpha_x poly
······End:     Compute r_alpha_x poly ..............................................645.023ms
······Start:   Compute t poly
······End:     Compute t poly ......................................................766.854ms
······Start:   Compute z poly
······End:     Compute z poly ......................................................14.315ms
······Start:   Compute q_1 poly
······End:     Compute q_1 poly ....................................................13.603s
······Start:   Compute sumcheck h and g polys
······End:     Compute sumcheck h and g polys ......................................376.354ms
····End:     AHP::Prover::SecondRound ..............................................24.453s
····Start:   Committing to second round polys
······Start:   Committing to polynomials
········Start:   Polynomial t of degree 1048575, degree bound None, and hiding bound None
··········Start:   Committing to polynomial of degree 1048575 with hiding_bound: None
············Start:   MSM to compute commitment to plaintext poly
··············Start:   Base MSM
··············End:     Base MSM ....................................................14.467s
············End:     MSM to compute commitment to plaintext poly ...................14.467s
············Start:   MSM to compute commitment to random poly
··············Start:   Base MSM
··············End:     Base MSM ....................................................31.707µs
············End:     MSM to compute commitment to random poly ......................41.350µs
··········End:     Committing to polynomial of degree 1048575 with hiding_bound: None 14.467s
········End:     Polynomial t of degree 1048575, degree bound None, and hiding bound None 14.467s
········Start:   Polynomial g_1 of degree 1048574, degree bound Some(1048574), and hiding bound Some(1)
··········Start:   Committing to polynomial of degree 1048574 with hiding_bound: Some(1)
············Start:   MSM to compute commitment to plaintext poly
··············Start:   Base MSM
··············End:     Base MSM ....................................................14.412s
············End:     MSM to compute commitment to plaintext poly ...................14.412s
············Start:   Sampling a random polynomial of degree 1
············End:     Sampling a random polynomial of degree 1 ......................2.929µs
············Start:   MSM to compute commitment to random poly
··············Start:   Base MSM
··············End:     Base MSM ....................................................691.375µs
············End:     MSM to compute commitment to random poly ......................714.914µs
··········End:     Committing to polynomial of degree 1048574 with hiding_bound: Some(1) 14.413s
··········Start:   Committing to polynomial of degree 1048574 with hiding_bound: Some(1)
············Start:   MSM to compute commitment to plaintext poly
··············Start:   Base MSM
··············End:     Base MSM ....................................................14.416s
············End:     MSM to compute commitment to plaintext poly ...................14.416s
············Start:   Sampling a random polynomial of degree 1
············End:     Sampling a random polynomial of degree 1 ......................1.855µs
············Start:   MSM to compute commitment to random poly
··············Start:   Base MSM
··············End:     Base MSM ....................................................701.492µs
············End:     MSM to compute commitment to random poly ......................723.223µs
··········End:     Committing to polynomial of degree 1048574 with hiding_bound: Some(1) 14.417s
········End:     Polynomial g_1 of degree 1048574, degree bound Some(1048574), and hiding bound Some(1) 28.830s
········Start:   Polynomial h_1 of degree 2097151, degree bound None, and hiding bound None
··········Start:   Committing to polynomial of degree 2097151 with hiding_bound: None
············Start:   MSM to compute commitment to plaintext poly
··············Start:   Base MSM
··············End:     Base MSM ....................................................27.425s
············End:     MSM to compute commitment to plaintext poly ...................27.427s
············Start:   MSM to compute commitment to random poly
··············Start:   Base MSM
··············End:     Base MSM ....................................................35.579µs
············End:     MSM to compute commitment to random poly ......................45.707µs
··········End:     Committing to polynomial of degree 2097151 with hiding_bound: None 27.427s
········End:     Polynomial h_1 of degree 2097151, degree bound None, and hiding bound None 27.427s
······End:     Committing to polynomials ...........................................70.725s
····End:     Committing to second round polys ......................................70.725s
····Start:   AHP::Prover::ThirdRound
······Start:   Computing f evals on K
······End:     Computing f evals on K ..............................................681.537ms
······Start:   Computing f poly
······End:     Computing f poly ....................................................632.905ms
······Start:   Computing denominator evals on B
······End:     Computing denominator evals on B ....................................1.383s
······Start:   Computing a evals on B
······End:     Computing a evals on B ..............................................1.443s
······Start:   Computing a poly
······End:     Computing a poly ....................................................4.035s
······Start:   Computing b evals on B
······End:     Computing b evals on B ..............................................308.997ms
······Start:   Computing b poly
······End:     Computing b poly ....................................................4.031s
······Start:   Computing sumcheck h poly
······End:     Computing sumcheck h poly ...........................................9.404s
····End:     AHP::Prover::ThirdRound ...............................................21.945s
····Start:   Committing to third round polys
······Start:   Committing to polynomials
········Start:   Polynomial g_2 of degree 1048574, degree bound Some(1048574), and hiding bound None
··········Start:   Committing to polynomial of degree 1048574 with hiding_bound: None
············Start:   MSM to compute commitment to plaintext poly
··············Start:   Base MSM
··············End:     Base MSM ....................................................14.412s
············End:     MSM to compute commitment to plaintext poly ...................14.412s
············Start:   MSM to compute commitment to random poly
··············Start:   Base MSM
··············End:     Base MSM ....................................................31.298µs
············End:     MSM to compute commitment to random poly ......................40.643µs
··········End:     Committing to polynomial of degree 1048574 with hiding_bound: None 14.412s
··········Start:   Committing to polynomial of degree 1048574 with hiding_bound: None
············Start:   MSM to compute commitment to plaintext poly
··············Start:   Base MSM
··············End:     Base MSM ....................................................14.399s
············End:     MSM to compute commitment to plaintext poly ...................14.399s
············Start:   MSM to compute commitment to random poly
··············Start:   Base MSM
··············End:     Base MSM ....................................................31.225µs
············End:     MSM to compute commitment to random poly ......................40.106µs
··········End:     Committing to polynomial of degree 1048574 with hiding_bound: None 14.399s
········End:     Polynomial g_2 of degree 1048574, degree bound Some(1048574), and hiding bound None 28.812s
········Start:   Polynomial h_2 of degree 3145724, degree bound None, and hiding bound None
··········Start:   Committing to polynomial of degree 3145724 with hiding_bound: None
············Start:   MSM to compute commitment to plaintext poly
··············Start:   Base MSM
··············End:     Base MSM ....................................................40.151s
············End:     MSM to compute commitment to plaintext poly ...................40.154s
············Start:   MSM to compute commitment to random poly
··············Start:   Base MSM
··············End:     Base MSM ....................................................32.183µs
············End:     MSM to compute commitment to random poly ......................40.043µs
··········End:     Committing to polynomial of degree 3145724 with hiding_bound: None 40.154s
········End:     Polynomial h_2 of degree 3145724, degree bound None, and hiding bound None 40.154s
······End:     Committing to polynomials ...........................................68.967s
····End:     Committing to third round polys .......................................68.967s
····Start:   Evaluating linear combinations over query set
····End:     Evaluating linear combinations over query set .........................909.398ms
····Start:   Openning combinations
······Start:   Opening 9 polynomials at query set of size 9
········Start:   Creating proof
··········Start:   Computing witness polynomial
··········End:     Computing witness polynomial ....................................165.286ms
··········Start:   Computing random witness polynomial
··········End:     Computing random witness polynomial .............................5.341µs
··········Start:   Creating proof for unshifted polynomials
············Start:   Opening polynomial of degree 3145727
··············Start:   Computing witness polynomials
················Start:   Computing witness polynomial
················End:     Computing witness polynomial ..............................496.996ms
················Start:   Computing random witness polynomial
················End:     Computing random witness polynomial .......................5.452µs
··············End:     Computing witness polynomials ...............................497.039ms
··············Start:   Computing commitment to witness polynomial
················Start:   Base MSM
················End:     Base MSM ..................................................40.155s
··············End:     Computing commitment to witness polynomial ..................40.158s
··············Start:   Evaluating random polynomial
··············End:     Evaluating random polynomial ................................1.403µs
··············Start:   Computing commitment to random witness polynomial
················Start:   Base MSM
················End:     Base MSM ..................................................573.400µs
··············End:     Computing commitment to random witness polynomial ...........584.027µs
············End:     Opening polynomial of degree 3145727 ..........................40.656s
··········End:     Creating proof for unshifted polynomials ........................40.659s
··········Start:   Creating proof for shifted polynomials
············Start:   Computing commitment to witness polynomial
··············Start:   Base MSM
··············End:     Base MSM ....................................................14.429s
············End:     Computing commitment to witness polynomial ....................14.430s
············Start:   Evaluating random polynomial
············End:     Evaluating random polynomial ..................................918ns
············Start:   Computing commitment to random witness polynomial
··············Start:   Base MSM
··············End:     Base MSM ....................................................537.228µs
············End:     Computing commitment to random witness polynomial .............544.780µs
··········End:     Creating proof for shifted polynomials ..........................14.431s
········End:     Creating proof ....................................................55.583s
········Start:   Creating proof
··········Start:   Computing witness polynomial
··········End:     Computing witness polynomial ....................................166.015ms
··········Start:   Creating proof for unshifted polynomials
············Start:   Opening polynomial of degree 3145724
··············Start:   Computing witness polynomials
················Start:   Computing witness polynomial
················End:     Computing witness polynomial ..............................496.886ms
··············End:     Computing witness polynomials ...............................496.914ms
··············Start:   Computing commitment to witness polynomial
················Start:   Base MSM
················End:     Base MSM ..................................................40.141s
··············End:     Computing commitment to witness polynomial ..................40.145s
············End:     Opening polynomial of degree 3145724 ..........................40.642s
··········End:     Creating proof for unshifted polynomials ........................40.645s
··········Start:   Creating proof for shifted polynomials
············Start:   Computing commitment to witness polynomial
··············Start:   Base MSM
··············End:     Base MSM ....................................................14.428s
············End:     Computing commitment to witness polynomial ....................14.429s
············Start:   Evaluating random polynomial
············End:     Evaluating random polynomial ..................................378ns
············Start:   Computing commitment to random witness polynomial
··············Start:   Base MSM
··············End:     Base MSM ....................................................47.957µs
············End:     Computing commitment to random witness polynomial .............65.162µs
··········End:     Creating proof for shifted polynomials ..........................14.430s
········End:     Creating proof ....................................................55.604s
······End:     Opening 9 polynomials at query set of size 9 ........................111.187s
····End:     Openning combinations .................................................112.238s
····StartMsg: Statistics about proof
      
      Argument size in bytes: 880
      
      Number of commitments without degree bounds: 7
      Size (in bytes) of commitments without degree bounds: 336
      Number of commitments with degree bounds: 2
      Size (in bytes) of commitments with degree bounds: 192
      
      Number of evaluation proofs: 2
      Size (in bytes) of evaluation proofs: 128
      
      Number of evaluations: 7
      Size (in bytes) of evaluations: 224
      
      Number of field elements in prover messages: 0
      Size (in bytes) of prover message: 0

····EndMsg: Statistics about proof
··End:     Marlin::Prover ..........................................................397.338s
End:     Marlin Proof ..............................................................397.350s
Start:   Marlin::Verify
Sampling now..
Sampled ..
··Start:   Combining commitments
····Start:   Combining 4 commitments for a_denom
····End:     Combining 4 commitments for a_denom ...................................414.727µs
····Start:   Combining 4 commitments for b_denom
····End:     Combining 4 commitments for b_denom ...................................392.112µs
····Start:   Combining 4 commitments for c_denom
····End:     Combining 4 commitments for c_denom ...................................426.587µs
····Start:   Combining 1 commitments for g_1
····End:     Combining 1 commitments for g_1 .......................................652ns
····Start:   Combining 1 commitments for g_2
····End:     Combining 1 commitments for g_2 .......................................1.180µs
····Start:   Combining 5 commitments for inner_sumcheck
····End:     Combining 5 commitments for inner_sumcheck ............................800.311µs
····Start:   Combining 7 commitments for outer_sumcheck
····End:     Combining 7 commitments for outer_sumcheck ............................582.142µs
····Start:   Combining 1 commitments for t
····End:     Combining 1 commitments for t .........................................136ns
····Start:   Combining 1 commitments for z_b
····End:     Combining 1 commitments for z_b .......................................1.259µs
··End:     Combining commitments ...................................................2.670ms
··Start:   Normalizing commitments
··End:     Normalizing commitments .................................................35.093µs
··Start:   Randomly combining 4 commitments
····Start:   Accumulating commitments and values
····End:     Accumulating commitments and values ...................................946.570µs
··End:     Randomly combining 4 commitments ........................................954.133µs
··Start:   Randomly combining 5 commitments
····Start:   Accumulating commitments and values
····End:     Accumulating commitments and values ...................................1.145ms
··End:     Randomly combining 5 commitments ........................................1.152ms
··Start:   Normalizing combined commitments
··End:     Normalizing combined commitments ........................................13.869µs
··Start:   Checking KZG10::Proof
····Start:   Checking 2 evaluation proofs
······Start:   Combining commitments and proofs
······End:     Combining commitments and proofs ....................................1.006ms
······Start:   Converting results to affine for pairing
······End:     Converting results to affine for pairing ............................13.652µs
······Start:   Performing product of pairings
······End:     Performing product of pairings ......................................1.729ms
····End:     Checking 2 evaluation proofs Result: true..............................2.774ms
··End:     Checking KZG10::Proof ...................................................2.781ms
End:     Marlin::Verify  PC::Check for AHP Verifier linear equations: true..........7.809ms
Stats: Stats {
    bytes_sent: 0,
    bytes_recv: 0,
    broadcasts: 0,
    to_king: 0,
    from_king: 0,
}
