Start:   Connecting
End:     Connecting ................................................................9.593ms
Start:   KZG10::Setup with degree 102425
··Start:   Generating powers of G
··End:     Generating powers of G ..................................................1.381s
··Start:   Generating powers of gamma * G
··End:     Generating powers of gamma * G ..........................................1.343s
··Start:   Generating negative powers of h in G2
··End:     Generating negative powers of h in G2 ...................................5.270s
End:     KZG10::Setup with degree 102425 ...........................................8.059s
Start:   Committing to polynomial of degree 102425 with hiding_bound: None
··Start:   MSM to compute commitment to plaintext poly
····Start:   Base MSM
····End:     Base MSM ..............................................................60.745ms
··End:     MSM to compute commitment to plaintext poly .............................60.843ms
··Start:   MSM to compute commitment to random poly
····Start:   Base MSM
····End:     Base MSM ..............................................................20.333µs
··End:     MSM to compute commitment to random poly ................................28.416µs
End:     Committing to polynomial of degree 102425 with hiding_bound: None .........60.890ms
Start:   Committing to polynomial of degree 102424 with hiding_bound: None
··Start:   MSM to compute commitment to plaintext poly
····Start:   Base MSM
····End:     Base MSM ..............................................................1.194s
··End:     MSM to compute commitment to plaintext poly .............................1.194s
··Start:   MSM to compute commitment to random poly
····Start:   Base MSM
····End:     Base MSM ..............................................................19.541µs
··End:     MSM to compute commitment to random poly ................................28.584µs
End:     Committing to polynomial of degree 102424 with hiding_bound: None .........1.194s
Start:   Groth16::Generator
··Start:   Constraint synthesis
Number of constraints for Poly 204851, avg 1.9999902368539237
Number of constraints for FC1 100480 accumulated constraints 305331
Number of constraints for ReLU1 384 accumulated constraints 305715
Number of constraints for FC2 1290 accumulated constraints 307005
Total number of FullCircuit inference constraints 307005
Number of constraints for ArgmaxCircuitU8 Circuit 20150, Accumulated constraints 327155
··End:     Constraint synthesis ....................................................223.428ms
··Start:   Inlining LCs
··End:     Inlining LCs ............................................................618.056ms
··Start:   Constructing evaluation domain
··End:     Constructing evaluation domain ..........................................20.625µs
··Start:   R1CS to QAP Instance Map with Evaluation
····Start:   Evaluate Lagrange coefficients
····End:     Evaluate Lagrange coefficients ........................................59.434ms
··End:     R1CS to QAP Instance Map with Evaluation ................................435.750ms
··Start:   Compute G2 table
··End:     Compute G2 table ........................................................181.378ms
··Start:   Calculate B G2
··End:     Calculate B G2 ..........................................................5.233s
··Start:   Compute G1 window table
··End:     Compute G1 window table .................................................283.891ms
··Start:   Generate the R1CS proving key
····Start:   Calculate A
····End:     Calculate A ...........................................................4.526s
····Start:   Calculate B G1
····End:     Calculate B G1 ........................................................1.525s
····Start:   Calculate H
····End:     Calculate H ...........................................................6.300s
····Start:   Calculate L
····End:     Calculate L ...........................................................6.167s
··End:     Generate the R1CS proving key ...........................................18.521s
··Start:   Generate the R1CS verification key
··End:     Generate the R1CS verification key ......................................2.483ms
··Start:   Convert proving key elements to affine
··End:     Convert proving key elements to affine ..................................780.021ms
End:     Groth16::Generator ........................................................26.316s
Start:   do the mpc (cheat)
End:     do the mpc (cheat) ........................................................132.738ms
Start:   timed section
··Start:   zk sampling
··End:     zk sampling .............................................................125ns
··Start:   Groth16::Prover
····Start:   Constraint synthesis
Number of constraints for Poly 204851, avg 1.9999902368539237
Number of constraints for FC1 100480 accumulated constraints 305331
Number of constraints for ReLU1 384 accumulated constraints 305715
Number of constraints for FC2 1290 accumulated constraints 307005
Total number of FullCircuit inference constraints 307005
Number of constraints for ArgmaxCircuitU8 Circuit 20150, Accumulated constraints 327155
····End:     Constraint synthesis ..................................................48.290s
····Start:   Inlining LCs
····End:     Inlining LCs ..........................................................17.888s
····Start:   R1CS to QAP witness map
······Start:   batch product
········Start:   Batch mult: 524288
··········Start:   King compute wrapper
··········End:     King compute wrapper ............................................512.741ms
········End:     Batch mult: 524288 ................................................674.075ms
······End:     batch product .......................................................711.624ms
····End:     R1CS to QAP witness map ...............................................18.350s
····Start:   crypto
······Start:   Compute C
········Start:   MSM inner
··········Start:   Collecting scalar shares
··········End:     Collecting scalar shares ........................................3.701ms
··········Start:   MSM
············Start:   Base MSM
············End:     Base MSM ......................................................5.034s
··········End:     MSM .............................................................5.035s
········End:     MSM inner .........................................................5.043s
········Start:   MSM inner
··········Start:   Collecting scalar shares
··········End:     Collecting scalar shares ........................................4.118ms
··········Start:   MSM
············Start:   Base MSM
············End:     Base MSM ......................................................2.620s
··········End:     MSM .............................................................2.620s
········End:     MSM inner .........................................................2.628s
KIng compute
······End:     Compute C ...........................................................8.568s
······Start:   Compute A
········Start:   MSM size 527359 527359
··········Start:   MSM inner
············Start:   Collecting scalar shares
············End:     Collecting scalar shares ......................................2.397ms
············Start:   MSM
··············Start:   Base MSM
··············End:     Base MSM ....................................................2.568s
············End:     MSM ...........................................................2.569s
··········End:     MSM inner .......................................................2.576s
········End:     MSM size 527359 527359 ............................................3.258s
KIng compute
······End:     Compute A ...........................................................3.310s
······Start:   Compute B in G1
········Start:   MSM size 527359 527359
··········Start:   MSM inner
············Start:   Collecting scalar shares
············End:     Collecting scalar shares ......................................5.376ms
············Start:   MSM
··············Start:   Base MSM
··············End:     Base MSM ....................................................281.212ms
············End:     MSM ...........................................................281.541ms
··········End:     MSM inner .......................................................290.606ms
········End:     MSM size 527359 527359 ............................................960.155ms
······End:     Compute B in G1 .....................................................960.177ms
······Start:   Compute B in G2
········Start:   MSM size 527359 527359
··········Start:   MSM inner
············Start:   Collecting scalar shares
············End:     Collecting scalar shares ......................................4.241ms
············Start:   MSM
··············Start:   Base MSM
··············End:     Base MSM ....................................................1.011s
············End:     MSM ...........................................................1.012s
··········End:     MSM inner .......................................................1.017s
········End:     MSM size 527359 527359 ............................................1.684s
KIng compute
······End:     Compute B in G2 .....................................................1.690s
······Start:   Finish C
······End:     Finish C ............................................................2.917µs
····End:     crypto ................................................................14.747s
··End:     Groth16::Prover .........................................................99.277s
··Start:   reveal
····Start:   All opening checks
······Start:   Product check: 1543160
before d
contents : 3, 0, Fp256 "(0000000000000000000000000000000000000000000000000000000000000003)", Fp256 "(0C72439466C86E3995CD88BEE8252000E671A4A9E0000000B161000000000001)", Fp256 "(12AB655E9A2CA55660B44D1E5C37B00114885F32400000000000000000000000)"
after d
······End:     Product check: 1543160 ..............................................436.415ms
······Start:   Group product checks: 3
KIng compute
KIng compute
KIng compute
KIng compute
KIng compute
KIng compute
open degree veccc
GROUP G ark_ec::models::short_weierstrass_jacobian::GroupProjective<ark_bls12_377::curves::g1::Parameters>
open degree veccc
GROUP G ark_ec::models::short_weierstrass_jacobian::GroupProjective<ark_bls12_377::curves::g1::Parameters>
······End:     Group product checks: 3 .............................................15.655ms
····End:     All opening checks ....................................................883.449ms
open degree veccc
GROUP G ark_ec::models::short_weierstrass_jacobian::GroupAffine<ark_bls12_377::curves::g1::Parameters>
····Start:   All opening checks
····End:     All opening checks ....................................................875ns
open degree veccc
GROUP G ark_ec::models::short_weierstrass_jacobian::GroupAffine<ark_bls12_377::curves::g2::Parameters>
····Start:   All opening checks
····End:     All opening checks ....................................................958ns
open degree veccc
GROUP G ark_ec::models::short_weierstrass_jacobian::GroupAffine<ark_bls12_377::curves::g1::Parameters>
··End:     reveal ..................................................................892.559ms
End:     timed section .............................................................100.181s
Start:   ZKP verification
1:2, 2:3End:     ZKP verification ..........................................................4.256ms
Start:   KZG verification
··Start:   Checking evaluation
··End:     Checking evaluation Result: true.........................................3.191ms
End:     KZG verification ..........................................................3.215ms
Stats: Stats {
    bytes_sent: 49385656,
    bytes_recv: 51409336,
    broadcasts: 36,
    to_king: 1018930,
    from_king: 1082170,
}
