Start:   Connecting
End:     Connecting ................................................................17.827ms
Start:   KZG10::Setup with degree 102425
··Start:   Generating powers of G
··End:     Generating powers of G ..................................................1.294s
··Start:   Generating powers of gamma * G
··End:     Generating powers of gamma * G ..........................................1.248s
··Start:   Generating negative powers of h in G2
··End:     Generating negative powers of h in G2 ...................................5.100s
End:     KZG10::Setup with degree 102425 ...........................................7.706s
Start:   Committing to polynomial of degree 102425 with hiding_bound: None
··Start:   MSM to compute commitment to plaintext poly
····Start:   Base MSM
····End:     Base MSM ..............................................................59.884ms
··End:     MSM to compute commitment to plaintext poly .............................60.134ms
··Start:   MSM to compute commitment to random poly
····Start:   Base MSM
····End:     Base MSM ..............................................................19.334µs
··End:     MSM to compute commitment to random poly ................................28.167µs
End:     Committing to polynomial of degree 102425 with hiding_bound: None .........60.183ms
Start:   Committing to polynomial of degree 102424 with hiding_bound: None
··Start:   MSM to compute commitment to plaintext poly
····Start:   Base MSM
····End:     Base MSM ..............................................................1.191s
··End:     MSM to compute commitment to plaintext poly .............................1.192s
··Start:   MSM to compute commitment to random poly
····Start:   Base MSM
····End:     Base MSM ..............................................................17.542µs
··End:     MSM to compute commitment to random poly ................................26.209µs
End:     Committing to polynomial of degree 102424 with hiding_bound: None .........1.192s
Start:   Groth16::Generator
··Start:   Constraint synthesis
Number of constraints for Poly 204851, avg 1.9999902368539237
Number of constraints for FC1 100480 accumulated constraints 305331
Number of constraints for ReLU1 384 accumulated constraints 305715
Number of constraints for FC2 1290 accumulated constraints 307005
Total number of FullCircuit inference constraints 307005
Number of constraints for ArgmaxCircuitU8 Circuit 20150, Accumulated constraints 327155
··End:     Constraint synthesis ....................................................218.666ms
··Start:   Inlining LCs
··End:     Inlining LCs ............................................................542.032ms
··Start:   Constructing evaluation domain
··End:     Constructing evaluation domain ..........................................25.625µs
··Start:   R1CS to QAP Instance Map with Evaluation
····Start:   Evaluate Lagrange coefficients
····End:     Evaluate Lagrange coefficients ........................................59.420ms
··End:     R1CS to QAP Instance Map with Evaluation ................................432.870ms
··Start:   Compute G2 table
··End:     Compute G2 table ........................................................182.004ms
··Start:   Calculate B G2
··End:     Calculate B G2 ..........................................................5.313s
··Start:   Compute G1 window table
··End:     Compute G1 window table .................................................280.947ms
··Start:   Generate the R1CS proving key
····Start:   Calculate A
····End:     Calculate A ...........................................................4.387s
····Start:   Calculate B G1
····End:     Calculate B G1 ........................................................1.488s
····Start:   Calculate H
····End:     Calculate H ...........................................................6.070s
····Start:   Calculate L
····End:     Calculate L ...........................................................5.769s
··End:     Generate the R1CS proving key ...........................................17.718s
··Start:   Generate the R1CS verification key
··End:     Generate the R1CS verification key ......................................2.332ms
··Start:   Convert proving key elements to affine
··End:     Convert proving key elements to affine ..................................684.623ms
End:     Groth16::Generator ........................................................25.414s
Start:   do the mpc (cheat)
End:     do the mpc (cheat) ........................................................207.877ms
Start:   timed section
··Start:   zk sampling
··End:     zk sampling .............................................................833ns
··Start:   Groth16::Prover
····Start:   Constraint synthesis
Number of constraints for Poly 204851, avg 1.9999902368539237
Number of constraints for FC1 100480 accumulated constraints 305331
Number of constraints for ReLU1 384 accumulated constraints 305715
Number of constraints for FC2 1290 accumulated constraints 307005
Total number of FullCircuit inference constraints 307005
Number of constraints for ArgmaxCircuitU8 Circuit 20150, Accumulated constraints 327155
····End:     Constraint synthesis ..................................................78.434s
····Start:   Inlining LCs
····End:     Inlining LCs ..........................................................27.423s
····Start:   R1CS to QAP witness map
······Start:   batch product
······End:     batch product .......................................................315.538ms
····End:     R1CS to QAP witness map ...............................................28.520s
····Start:   crypto
······Start:   Compute C
········Start:   MSM inner
··········Start:   Base MSM
··········End:     Base MSM ........................................................4.964s
········End:     MSM inner .........................................................4.967s
········Start:   MSM inner
··········Start:   Base MSM
··········End:     Base MSM ........................................................1.784s
········End:     MSM inner .........................................................1.787s
········Start:   SS scalar multiplication
········End:     SS scalar multiplication ..........................................1.888s
······End:     Compute C ...........................................................9.175s
······Start:   Compute A
········Start:   MSM size 527359 527359
··········Start:   MSM inner
············Start:   Base MSM
············End:     Base MSM ......................................................788.887ms
··········End:     MSM inner .......................................................791.450ms
········End:     MSM size 527359 527359 ............................................1.241s
········Start:   SS scalar multiplication
········End:     SS scalar multiplication ..........................................1.822s
······End:     Compute A ...........................................................3.064s
······Start:   Compute B in G1
········Start:   MSM size 527359 527359
··········Start:   MSM inner
············Start:   Base MSM
············End:     Base MSM ......................................................1.417s
··········End:     MSM inner .......................................................1.421s
········End:     MSM size 527359 527359 ............................................1.858s
······End:     Compute B in G1 .....................................................1.858s
······Start:   Compute B in G2
········Start:   MSM size 527359 527359
··········Start:   MSM inner
············Start:   Base MSM
············End:     Base MSM ......................................................5.756s
··········End:     MSM inner .......................................................5.760s
········End:     MSM size 527359 527359 ............................................6.250s
········Start:   SS scalar multiplication
········End:     SS scalar multiplication ..........................................59.783ms
······End:     Compute B in G2 .....................................................6.311s
······Start:   Finish C
······End:     Finish C ............................................................1.125µs
····End:     crypto ................................................................20.519s
··End:     Groth16::Prover .........................................................154.897s
··Start:   reveal
··End:     reveal ..................................................................2.549ms
End:     timed section .............................................................154.901s
Start:   ZKP verification
1:2, 2:3End:     ZKP verification ..........................................................4.439ms
Start:   KZG verification
··Start:   Checking evaluation
··End:     Checking evaluation Result: true.........................................3.242ms
End:     KZG verification ..........................................................3.293ms
Stats: Stats {
    bytes_sent: 98762752,
    bytes_recv: 100786432,
    broadcasts: 2037757,
    to_king: 0,
    from_king: 63240,
}
