Start:   Connecting
End:     Connecting ................................................................15.871ms
Start:   KZG10::Setup with degree 102425
··Start:   Generating powers of G
··End:     Generating powers of G ..................................................1.311s
··Start:   Generating powers of gamma * G
··End:     Generating powers of gamma * G ..........................................1.317s
··Start:   Generating negative powers of h in G2
··End:     Generating negative powers of h in G2 ...................................5.182s
End:     KZG10::Setup with degree 102425 ...........................................7.876s
Start:   Committing to polynomial of degree 102425 with hiding_bound: None
··Start:   MSM to compute commitment to plaintext poly
····Start:   Base MSM
····End:     Base MSM ..............................................................61.086ms
··End:     MSM to compute commitment to plaintext poly .............................61.476ms
··Start:   MSM to compute commitment to random poly
····Start:   Base MSM
····End:     Base MSM ..............................................................16.875µs
··End:     MSM to compute commitment to random poly ................................22.750µs
End:     Committing to polynomial of degree 102425 with hiding_bound: None .........61.514ms
Start:   Committing to polynomial of degree 102424 with hiding_bound: None
··Start:   MSM to compute commitment to plaintext poly
····Start:   Base MSM
····End:     Base MSM ..............................................................1.205s
··End:     MSM to compute commitment to plaintext poly .............................1.206s
··Start:   MSM to compute commitment to random poly
····Start:   Base MSM
····End:     Base MSM ..............................................................24.000µs
··End:     MSM to compute commitment to random poly ................................31.292µs
End:     Committing to polynomial of degree 102424 with hiding_bound: None .........1.206s
Start:   Groth16::Generator
··Start:   Constraint synthesis
····Start:   Poly constraints
····End:     Poly constraints ......................................................82.409ms
Number of constraints for Poly 204851, avg 1.9999902368539237
····Start:   FC constraints
······Start:   L1 constraints
Number of constraints for FC1 100480 accumulated constraints 305331
······End:     L1 constraints ......................................................108.944ms
······Start:   ReLU constraints
Number of constraints for ReLU1 384 accumulated constraints 305715
······End:     ReLU constraints ....................................................277.750µs
······Start:   L2 constraints
Number of constraints for FC2 1290 accumulated constraints 307005
······End:     L2 constraints ......................................................1.584ms
Total number of FullCircuit inference constraints 307005
····End:     FC constraints ........................................................113.261ms
····Start:   ArgMax constraints
Number of constraints for ArgmaxCircuitU8 Circuit 20150, Accumulated constraints 327155
····End:     ArgMax constraints ....................................................13.615ms
··End:     Constraint synthesis ....................................................215.290ms
··Start:   Inlining LCs
····Start:   Transforming LCs
····End:     Transforming LCs ......................................................327.875ms
··End:     Inlining LCs ............................................................508.089ms
··Start:   Constructing evaluation domain
··End:     Constructing evaluation domain ..........................................15.250µs
··Start:   R1CS to QAP Instance Map with Evaluation
····Start:   Evaluate Lagrange coefficients
····End:     Evaluate Lagrange coefficients ........................................58.706ms
··End:     R1CS to QAP Instance Map with Evaluation ................................421.894ms
··Start:   Compute G2 table
··End:     Compute G2 table ........................................................180.964ms
··Start:   Calculate B G2
··End:     Calculate B G2 ..........................................................5.318s
··Start:   Compute G1 window table
··End:     Compute G1 window table .................................................286.530ms
··Start:   Generate the R1CS proving key
····Start:   Calculate A
····End:     Calculate A ...........................................................4.547s
····Start:   Calculate B G1
····End:     Calculate B G1 ........................................................1.578s
····Start:   Calculate H
····End:     Calculate H ...........................................................6.356s
····Start:   Calculate L
····End:     Calculate L ...........................................................6.038s
··End:     Generate the R1CS proving key ...........................................18.523s
··Start:   Generate the R1CS verification key
··End:     Generate the R1CS verification key ......................................2.132ms
··Start:   Convert proving key elements to affine
··End:     Convert proving key elements to affine ..................................678.579ms
End:     Groth16::Generator ........................................................26.172s
Start:   do the mpc (cheat)
End:     do the mpc (cheat) ........................................................97.944ms
Start:   timed section
··Start:   zk sampling
··End:     zk sampling .............................................................83ns
··Start:   Groth16::Prover
····Start:   Constraint synthesis
······Start:   Poly constraints
······End:     Poly constraints ....................................................15.432s
Number of constraints for Poly 204851, avg 1.9999902368539237
······Start:   FC constraints
········Start:   L1 constraints
Number of constraints for FC1 100480 accumulated constraints 305331
········End:     L1 constraints ....................................................30.189s
········Start:   ReLU constraints
Number of constraints for ReLU1 384 accumulated constraints 305715
········End:     ReLU constraints ..................................................318.542µs
········Start:   L2 constraints
Number of constraints for FC2 1290 accumulated constraints 307005
········End:     L2 constraints ....................................................385.831ms
Total number of FullCircuit inference constraints 307005
······End:     FC constraints ......................................................30.578s
······Start:   ArgMax constraints
Number of constraints for ArgmaxCircuitU8 Circuit 20150, Accumulated constraints 327155
······End:     ArgMax constraints ..................................................19.697ms
····End:     Constraint synthesis ..................................................46.047s
····Start:   Inlining LCs
······Start:   Transforming LCs
······End:     Transforming LCs ....................................................15.892s
····End:     Inlining LCs ..........................................................16.181s
····Start:   R1CS to QAP witness map
······Start:   batch product
········Start:   Batch mult: 524288
··········Start:   King compute wrapper
············Start:   King computation
············End:     King computation ..............................................334.290ms
··········End:     King compute wrapper ............................................552.207ms
········End:     Batch mult: 524288 ................................................707.059ms
······End:     batch product .......................................................734.504ms
····End:     R1CS to QAP witness map ...............................................17.995s
····Start:   crypto
······Start:   Compute C
········Start:   MSM inner
··········Start:   Collecting scalar shares
··········End:     Collecting scalar shares ........................................1.716ms
··········Start:   MSM
············Start:   Base MSM
············End:     Base MSM ......................................................5.009s
··········End:     MSM .............................................................5.009s
········End:     MSM inner .........................................................5.013s
········Start:   MSM inner
··········Start:   Collecting scalar shares
··········End:     Collecting scalar shares ........................................1.707ms
··········Start:   MSM
············Start:   Base MSM
············End:     Base MSM ......................................................2.578s
··········End:     MSM .............................................................2.579s
········End:     MSM inner .........................................................2.582s
······End:     Compute C ...........................................................8.340s
······Start:   Compute A
········Start:   MSM size 527359 527359
··········Start:   MSM inner
············Start:   Collecting scalar shares
············End:     Collecting scalar shares ......................................4.874ms
············Start:   MSM
··············Start:   Base MSM
··············End:     Base MSM ....................................................2.497s
············End:     MSM ...........................................................2.498s
··········End:     MSM inner .......................................................2.506s
········End:     MSM size 527359 527359 ............................................3.158s
······End:     Compute A ...........................................................3.240s
······Start:   Compute B in G1
········Start:   MSM size 527359 527359
··········Start:   MSM inner
············Start:   Collecting scalar shares
············End:     Collecting scalar shares ......................................4.680ms
············Start:   MSM
··············Start:   Base MSM
··············End:     Base MSM ....................................................282.652ms
············End:     MSM ...........................................................284.886ms
··········End:     MSM inner .......................................................292.232ms
········End:     MSM size 527359 527359 ............................................910.140ms
······End:     Compute B in G1 .....................................................910.165ms
······Start:   Compute B in G2
········Start:   MSM size 527359 527359
··········Start:   MSM inner
············Start:   Collecting scalar shares
············End:     Collecting scalar shares ......................................4.831ms
············Start:   MSM
··············Start:   Base MSM
··············End:     Base MSM ....................................................1.035s
············End:     MSM ...........................................................1.035s
··········End:     MSM inner .......................................................1.043s
········End:     MSM size 527359 527359 ............................................1.772s
······End:     Compute B in G2 .....................................................1.774s
······Start:   Finish C
······End:     Finish C ............................................................3.041µs
····End:     crypto ................................................................14.426s
··End:     Groth16::Prover .........................................................94.651s
··Start:   reveal
····Start:   All opening checks
······Start:   Product check: 1543160
······End:     Product check: 1543160 ..............................................455.122ms
······Start:   Group product checks: 3
······End:     Group product checks: 3 .............................................15.258ms
····End:     All opening checks ....................................................764.798ms
····Start:   All opening checks
····End:     All opening checks ....................................................1.042µs
····Start:   All opening checks
····End:     All opening checks ....................................................917ns
··End:     reveal ..................................................................773.734ms
End:     timed section .............................................................95.426s
Start:   ZKP verification
1:2, 2:3End:     ZKP verification ..........................................................4.209ms
Start:   KZG verification
··Start:   Checking evaluation
··End:     Checking evaluation Result: true.........................................3.204ms
End:     KZG verification ..........................................................3.230ms
Stats: Stats {
    bytes_sent: 120130832,
    bytes_recv: 98768752,
    broadcasts: 36,
    to_king: 1018930,
    from_king: 1082170,
}
