Start:   Connecting
End:     Connecting ................................................................9.606ms
Start:   KZG10::Setup with degree 102425
··Start:   Generating powers of G
··End:     Generating powers of G ..................................................1.383s
··Start:   Generating powers of gamma * G
··End:     Generating powers of gamma * G ..........................................1.346s
··Start:   Generating negative powers of h in G2
··End:     Generating negative powers of h in G2 ...................................5.269s
End:     KZG10::Setup with degree 102425 ...........................................8.063s
Start:   Committing to polynomial of degree 102425 with hiding_bound: None
··Start:   MSM to compute commitment to plaintext poly
····Start:   Base MSM
····End:     Base MSM ..............................................................59.683ms
··End:     MSM to compute commitment to plaintext poly .............................59.776ms
··Start:   MSM to compute commitment to random poly
····Start:   Base MSM
····End:     Base MSM ..............................................................21.500µs
··End:     MSM to compute commitment to random poly ................................30.166µs
End:     Committing to polynomial of degree 102425 with hiding_bound: None .........59.825ms
Start:   Committing to polynomial of degree 102424 with hiding_bound: None
··Start:   MSM to compute commitment to plaintext poly
····Start:   Base MSM
····End:     Base MSM ..............................................................1.193s
··End:     MSM to compute commitment to plaintext poly .............................1.193s
··Start:   MSM to compute commitment to random poly
····Start:   Base MSM
····End:     Base MSM ..............................................................15.167µs
··End:     MSM to compute commitment to random poly ................................23.375µs
End:     Committing to polynomial of degree 102424 with hiding_bound: None .........1.193s
Start:   Groth16::Generator
··Start:   Constraint synthesis
Number of constraints for Poly 204851, avg 1.9999902368539237
Number of constraints for FC1 100480 accumulated constraints 305331
Number of constraints for ReLU1 384 accumulated constraints 305715
Number of constraints for FC2 1290 accumulated constraints 307005
Total number of FullCircuit inference constraints 307005
Number of constraints for ArgmaxCircuitU8 Circuit 20150, Accumulated constraints 327155
··End:     Constraint synthesis ....................................................224.613ms
··Start:   Inlining LCs
··End:     Inlining LCs ............................................................632.428ms
··Start:   Constructing evaluation domain
··End:     Constructing evaluation domain ..........................................22.292µs
··Start:   R1CS to QAP Instance Map with Evaluation
····Start:   Evaluate Lagrange coefficients
····End:     Evaluate Lagrange coefficients ........................................63.539ms
··End:     R1CS to QAP Instance Map with Evaluation ................................438.991ms
··Start:   Compute G2 table
··End:     Compute G2 table ........................................................182.355ms
··Start:   Calculate B G2
··End:     Calculate B G2 ..........................................................5.255s
··Start:   Compute G1 window table
··End:     Compute G1 window table .................................................283.329ms
··Start:   Generate the R1CS proving key
····Start:   Calculate A
····End:     Calculate A ...........................................................4.510s
····Start:   Calculate B G1
····End:     Calculate B G1 ........................................................1.517s
····Start:   Calculate H
····End:     Calculate H ...........................................................6.285s
····Start:   Calculate L
····End:     Calculate L ...........................................................6.177s
··End:     Generate the R1CS proving key ...........................................18.492s
··Start:   Generate the R1CS verification key
··End:     Generate the R1CS verification key ......................................1.767ms
··Start:   Convert proving key elements to affine
··End:     Convert proving key elements to affine ..................................769.072ms
End:     Groth16::Generator ........................................................26.316s
Start:   do the mpc (cheat)
End:     do the mpc (cheat) ........................................................133.034ms
Start:   timed section
··Start:   zk sampling
··End:     zk sampling .............................................................83ns
··Start:   Groth16::Prover
····Start:   Constraint synthesis
Number of constraints for Poly 204851, avg 1.9999902368539237
Number of constraints for FC1 100480 accumulated constraints 305331
Number of constraints for ReLU1 384 accumulated constraints 305715
Number of constraints for FC2 1290 accumulated constraints 307005
Total number of FullCircuit inference constraints 307005
Number of constraints for ArgmaxCircuitU8 Circuit 20150, Accumulated constraints 327155
····End:     Constraint synthesis ..................................................48.289s
····Start:   Inlining LCs
····End:     Inlining LCs ..........................................................17.885s
····Start:   R1CS to QAP witness map
······Start:   batch product
········Start:   Batch mult: 524288
··········Start:   King compute wrapper
··········End:     King compute wrapper ............................................533.009ms
········End:     Batch mult: 524288 ................................................708.856ms
······End:     batch product .......................................................732.173ms
····End:     R1CS to QAP witness map ...............................................18.404s
····Start:   crypto
······Start:   Compute C
········Start:   MSM inner
··········Start:   Collecting scalar shares
··········End:     Collecting scalar shares ........................................2.471ms
··········Start:   MSM
············Start:   Base MSM
············End:     Base MSM ......................................................5.184s
··········End:     MSM .............................................................5.184s
········End:     MSM inner .........................................................5.189s
········Start:   MSM inner
··········Start:   Collecting scalar shares
··········End:     Collecting scalar shares ........................................3.685ms
··········Start:   MSM
············Start:   Base MSM
············End:     Base MSM ......................................................2.606s
··········End:     MSM .............................................................2.606s
········End:     MSM inner .........................................................2.617s
KIng compute
······End:     Compute C ...........................................................8.518s
······Start:   Compute A
········Start:   MSM size 527359 527359
··········Start:   MSM inner
············Start:   Collecting scalar shares
············End:     Collecting scalar shares ......................................7.585ms
············Start:   MSM
··············Start:   Base MSM
··············End:     Base MSM ....................................................2.621s
············End:     MSM ...........................................................2.622s
··········End:     MSM inner .......................................................2.632s
········End:     MSM size 527359 527359 ............................................3.331s
KIng compute
······End:     Compute A ...........................................................3.333s
······Start:   Compute B in G1
········Start:   MSM size 527359 527359
··········Start:   MSM inner
············Start:   Collecting scalar shares
············End:     Collecting scalar shares ......................................3.701ms
············Start:   MSM
··············Start:   Base MSM
··············End:     Base MSM ....................................................276.539ms
············End:     MSM ...........................................................276.904ms
··········End:     MSM inner .......................................................283.119ms
········End:     MSM size 527359 527359 ............................................959.955ms
······End:     Compute B in G1 .....................................................959.991ms
······Start:   Compute B in G2
········Start:   MSM size 527359 527359
··········Start:   MSM inner
············Start:   Collecting scalar shares
············End:     Collecting scalar shares ......................................3.538ms
············Start:   MSM
··············Start:   Base MSM
··············End:     Base MSM ....................................................1.012s
············End:     MSM ...........................................................1.012s
··········End:     MSM inner .......................................................1.018s
········End:     MSM size 527359 527359 ............................................1.688s
KIng compute
······End:     Compute B in G2 .....................................................1.690s
······Start:   Finish C
······End:     Finish C ............................................................3.000µs
····End:     crypto ................................................................14.697s
··End:     Groth16::Prover .........................................................99.277s
··Start:   reveal
····Start:   All opening checks
······Start:   Product check: 1543160
before d
contents : 3, 0, Fp256 "(0000000000000000000000000000000000000000000000000000000000000003)", Fp256 "(0C72439466C86E3995CD88BEE8252000E671A4A9E0000000B161000000000001)", Fp256 "(12AB655E9A2CA55660B44D1E5C37B00114885F32400000000000000000000000)"
after d
······End:     Product check: 1543160 ..............................................437.524ms
······Start:   Group product checks: 3
KIng compute
KIng compute
KIng compute
KIng compute
KIng compute
KIng compute
open degree veccc
GROUP G ark_ec::models::short_weierstrass_jacobian::GroupProjective<ark_bls12_377::curves::g1::Parameters>
open degree veccc
GROUP G ark_ec::models::short_weierstrass_jacobian::GroupProjective<ark_bls12_377::curves::g1::Parameters>
······End:     Group product checks: 3 .............................................15.692ms
····End:     All opening checks ....................................................883.866ms
open degree veccc
GROUP G ark_ec::models::short_weierstrass_jacobian::GroupAffine<ark_bls12_377::curves::g1::Parameters>
····Start:   All opening checks
····End:     All opening checks ....................................................917ns
open degree veccc
GROUP G ark_ec::models::short_weierstrass_jacobian::GroupAffine<ark_bls12_377::curves::g2::Parameters>
····Start:   All opening checks
····End:     All opening checks ....................................................959ns
open degree veccc
GROUP G ark_ec::models::short_weierstrass_jacobian::GroupAffine<ark_bls12_377::curves::g1::Parameters>
··End:     reveal ..................................................................892.951ms
End:     timed section .............................................................100.180s
Start:   ZKP verification
1:2, 2:3End:     ZKP verification ..........................................................4.282ms
Start:   KZG verification
··Start:   Checking evaluation
··End:     Checking evaluation Result: true.........................................3.216ms
End:     KZG verification ..........................................................3.241ms
Stats: Stats {
    bytes_sent: 49385656,
    bytes_recv: 51409336,
    broadcasts: 36,
    to_king: 1018930,
    from_king: 1082170,
}
