Start:   Connecting
End:     Connecting ................................................................28.303ms
Start:   KZG10::Setup with degree 102425
··Start:   Generating powers of G
··End:     Generating powers of G ..................................................14.172s
··Start:   Generating powers of gamma * G
··End:     Generating powers of gamma * G ..........................................14.046s
··Start:   Generating negative powers of h in G2
··End:     Generating negative powers of h in G2 ...................................54.212s
End:     KZG10::Setup with degree 102425 ...........................................83.109s
Start:   Committing to polynomial of degree 102425 with hiding_bound: None
··Start:   MSM to compute commitment to plaintext poly
····Start:   Base MSM
····End:     Base MSM ..............................................................859.676ms
··End:     MSM to compute commitment to plaintext poly .............................859.943ms
··Start:   MSM to compute commitment to random poly
····Start:   Base MSM
····End:     Base MSM ..............................................................147.167µs
··End:     MSM to compute commitment to random poly ................................160.500µs
End:     Committing to polynomial of degree 102425 with hiding_bound: None .........860.135ms
Start:   Committing to polynomial of degree 102424 with hiding_bound: None
··Start:   MSM to compute commitment to plaintext poly
····Start:   Base MSM
····End:     Base MSM ..............................................................14.988s
··End:     MSM to compute commitment to plaintext poly .............................14.988s
··Start:   MSM to compute commitment to random poly
····Start:   Base MSM
····End:     Base MSM ..............................................................137.708µs
··End:     MSM to compute commitment to random poly ................................150.542µs
End:     Committing to polynomial of degree 102424 with hiding_bound: None .........14.988s
Start:   Groth16::Generator
··Start:   Constraint synthesis
Number of constraints for Poly 204851, avg 1.9999902368539237
is setup mode?: true
Number of constraints for FC1 100480 accumulated constraints 305331
Number of constraints for ReLU1 384 accumulated constraints 305715
is setup mode?: true
Number of constraints for FC2 1290 accumulated constraints 307005
Total number of FullCircuit inference constraints 307005
Number of constraints for ArgmaxCircuitU8 Circuit 20150, Accumulated constraints 327155
··End:     Constraint synthesis ....................................................2.633s
··Start:   Inlining LCs
··End:     Inlining LCs ............................................................5.222s
··Start:   Constructing evaluation domain
··End:     Constructing evaluation domain ..........................................127.750µs
··Start:   R1CS to QAP Instance Map with Evaluation
····Start:   Evaluate Lagrange coefficients
····End:     Evaluate Lagrange coefficients ........................................661.117ms
··End:     R1CS to QAP Instance Map with Evaluation ................................2.690s
··Start:   Compute G2 table
··End:     Compute G2 table ........................................................1.892s
··Start:   Calculate B G2
··End:     Calculate B G2 ..........................................................53.180s
··Start:   Compute G1 window table
··End:     Compute G1 window table .................................................3.169s
··Start:   Generate the R1CS proving key
····Start:   Calculate A
····End:     Calculate A ...........................................................46.122s
····Start:   Calculate B G1
····End:     Calculate B G1 ........................................................14.733s
····Start:   Calculate H
····End:     Calculate H ...........................................................61.091s
····Start:   Calculate L
····End:     Calculate L ...........................................................57.020s
··End:     Generate the R1CS proving key ...........................................178.987s
··Start:   Generate the R1CS verification key
··End:     Generate the R1CS verification key ......................................8.871ms
··Start:   Convert proving key elements to affine
··End:     Convert proving key elements to affine ..................................6.902s
End:     Groth16::Generator ........................................................255.068s
Start:   do the mpc (cheat)
End:     do the mpc (cheat) ........................................................368.423ms
Start:   timed section
··Start:   zk sampling
··End:     zk sampling .............................................................708ns
··Start:   Groth16::Prover
····Start:   Constraint synthesis
before d
contents : 3, 0, Fp256 "(0000000000000000000000000000000000000000000000000000000000000003)", Fp256 "(0C72439466C86E3995CD88BEE8252000E671A4A9E0000000B161000000000001)", Fp256 "(12AB655E9A2CA55660B44D1E5C37B00114885F32400000000000000000000000)"
after d
Number of constraints for Poly 204851, avg 1.9999902368539237
is setup mode?: false
Number of constraints for FC1 100480 accumulated constraints 305331
Number of constraints for ReLU1 384 accumulated constraints 305715
is setup mode?: false
Number of constraints for FC2 1290 accumulated constraints 307005
Total number of FullCircuit inference constraints 307005
Number of constraints for ArgmaxCircuitU8 Circuit 20150, Accumulated constraints 327155
····End:     Constraint synthesis ..................................................72.393s
····Start:   Inlining LCs
····End:     Inlining LCs ..........................................................30.421s
····Start:   R1CS to QAP witness map
······Start:   batch product
········Start:   Batch mult: 524288
··········Start:   King compute wrapper
············Start:   King computation
············End:     King computation ..............................................3.899s
··········End:     King compute wrapper ............................................5.706s
········End:     Batch mult: 524288 ................................................6.322s
······End:     batch product .......................................................6.393s
····End:     R1CS to QAP witness map ...............................................45.958s
····Start:   crypto
······Start:   Compute C
········Start:   MSM inner
··········Start:   Collecting scalar shares
··········End:     Collecting scalar shares ........................................7.566ms
··········Start:   MSM
············Start:   Base MSM
············End:     Base MSM ......................................................57.782s
··········End:     MSM .............................................................57.783s
········End:     MSM inner .........................................................57.795s
········Start:   MSM inner
··········Start:   Collecting scalar shares
··········End:     Collecting scalar shares ........................................8.007ms
··········Start:   MSM
············Start:   Base MSM
············End:     Base MSM ......................................................29.544s
··········End:     MSM .............................................................29.545s
········End:     MSM inner .........................................................29.559s
KIng compute
open degree veccc
GROUP G ark_ec::models::short_weierstrass_jacobian::GroupProjective<ark_bls12_377::curves::g1::Parameters>
······End:     Compute C ...........................................................88.328s
······Start:   Compute A
········Start:   MSM size 527359 527359
··········Start:   MSM inner
············Start:   Collecting scalar shares
············End:     Collecting scalar shares ......................................9.626ms
············Start:   MSM
··············Start:   Base MSM
··············End:     Base MSM ....................................................29.026s
············End:     MSM ...........................................................29.027s
··········End:     MSM inner .......................................................29.041s
········End:     MSM size 527359 527359 ............................................29.907s
KIng compute
open degree veccc
GROUP G ark_ec::models::short_weierstrass_jacobian::GroupProjective<ark_bls12_377::curves::g1::Parameters>
······End:     Compute A ...........................................................29.928s
······Start:   Compute B in G1
········Start:   MSM size 527359 527359
··········Start:   MSM inner
············Start:   Collecting scalar shares
············End:     Collecting scalar shares ......................................8.324ms
············Start:   MSM
··············Start:   Base MSM
··············End:     Base MSM ....................................................3.449s
············End:     MSM ...........................................................3.450s
··········End:     MSM inner .......................................................3.468s
········End:     MSM size 527359 527359 ............................................4.298s
······End:     Compute B in G1 .....................................................4.298s
······Start:   Compute B in G2
········Start:   MSM size 527359 527359
··········Start:   MSM inner
············Start:   Collecting scalar shares
············End:     Collecting scalar shares ......................................7.746ms
············Start:   MSM
··············Start:   Base MSM
··············End:     Base MSM ....................................................10.406s
············End:     MSM ...........................................................10.407s
··········End:     MSM inner .......................................................10.424s
········End:     MSM size 527359 527359 ............................................11.313s
KIng compute
open degree veccc
GROUP G ark_ec::models::short_weierstrass_jacobian::GroupProjective<ark_bls12_377::curves::g1::Parameters>
······End:     Compute B in G2 .....................................................11.380s
······Start:   Finish C
······End:     Finish C ............................................................33.791µs
····End:     crypto ................................................................134.478s
··End:     Groth16::Prover .........................................................283.252s
··Start:   reveal
····Start:   All opening checks
······Start:   Product check: 1543160
······End:     Product check: 1543160 ..............................................3.763s
······Start:   Group product checks: 3
KIng compute
open degree veccc
GROUP G ark_ec::models::short_weierstrass_jacobian::GroupProjective<ark_bls12_377::curves::g1::Parameters>
KIng compute
open degree veccc
GROUP G ark_ec::models::short_weierstrass_jacobian::GroupProjective<ark_bls12_377::curves::g1::Parameters>
KIng compute
open degree veccc
GROUP G ark_ec::models::short_weierstrass_jacobian::GroupProjective<ark_bls12_377::curves::g1::Parameters>
KIng compute
open degree veccc
GROUP G ark_ec::models::short_weierstrass_jacobian::GroupProjective<ark_bls12_377::curves::g1::Parameters>
KIng compute
open degree veccc
GROUP G ark_ec::models::short_weierstrass_jacobian::GroupProjective<ark_bls12_377::curves::g1::Parameters>
KIng compute
open degree veccc
GROUP G ark_ec::models::short_weierstrass_jacobian::GroupProjective<ark_bls12_377::curves::g1::Parameters>
open degree veccc
GROUP G ark_ec::models::short_weierstrass_jacobian::GroupProjective<ark_bls12_377::curves::g1::Parameters>
open degree veccc
GROUP G ark_ec::models::short_weierstrass_jacobian::GroupProjective<ark_bls12_377::curves::g1::Parameters>
······End:     Group product checks: 3 .............................................168.571ms
····End:     All opening checks ....................................................4.601s
open degree veccc
GROUP G ark_ec::models::short_weierstrass_jacobian::GroupAffine<ark_bls12_377::curves::g1::Parameters>
····Start:   All opening checks
····End:     All opening checks ....................................................5.334µs
open degree veccc
GROUP G ark_ec::models::short_weierstrass_jacobian::GroupAffine<ark_bls12_377::curves::g2::Parameters>
····Start:   All opening checks
····End:     All opening checks ....................................................3.834µs
open degree veccc
GROUP G ark_ec::models::short_weierstrass_jacobian::GroupAffine<ark_bls12_377::curves::g1::Parameters>
··End:     reveal ..................................................................4.730s
End:     timed section .............................................................287.988s
Start:   ZKP verification
1:2, 2:3End:     ZKP verification ..........................................................39.227ms
Start:   KZG verification
··Start:   Checking evaluation
··End:     Checking evaluation Result: true.........................................31.781ms
End:     KZG verification ..........................................................31.828ms
Stats: Stats {
    bytes_sent: 120131344,
    bytes_recv: 98769264,
    broadcasts: 41,
    to_king: 1018930,
    from_king: 1082170,
}
