Start:   Connecting
End:     Connecting ................................................................14.798ms
Start:   KZG10::Setup with degree 102425
··Start:   Generating powers of G
··End:     Generating powers of G ..................................................1.315s
··Start:   Generating powers of gamma * G
··End:     Generating powers of gamma * G ..........................................1.318s
··Start:   Generating negative powers of h in G2
··End:     Generating negative powers of h in G2 ...................................5.209s
End:     KZG10::Setup with degree 102425 ...........................................7.911s
Start:   Committing to polynomial of degree 102425 with hiding_bound: None
··Start:   MSM to compute commitment to plaintext poly
····Start:   Base MSM
····End:     Base MSM ..............................................................58.566ms
··End:     MSM to compute commitment to plaintext poly .............................58.646ms
··Start:   MSM to compute commitment to random poly
····Start:   Base MSM
····End:     Base MSM ..............................................................15.000µs
··End:     MSM to compute commitment to random poly ................................21.125µs
End:     Committing to polynomial of degree 102425 with hiding_bound: None .........58.681ms
Start:   Committing to polynomial of degree 102424 with hiding_bound: None
··Start:   MSM to compute commitment to plaintext poly
····Start:   Base MSM
····End:     Base MSM ..............................................................1.177s
··End:     MSM to compute commitment to plaintext poly .............................1.177s
··Start:   MSM to compute commitment to random poly
····Start:   Base MSM
····End:     Base MSM ..............................................................21.792µs
··End:     MSM to compute commitment to random poly ................................27.875µs
End:     Committing to polynomial of degree 102424 with hiding_bound: None .........1.177s
Start:   Groth16::Generator
··Start:   Constraint synthesis
····Start:   Poly constraints
····End:     Poly constraints ......................................................83.112ms
Number of constraints for Poly 204851, avg 1.9999902368539237
····Start:   FC constraints
······Start:   L1 constraints
Number of constraints for FC1 100480 accumulated constraints 305331
······End:     L1 constraints ......................................................108.761ms
······Start:   ReLU constraints
Number of constraints for ReLU1 384 accumulated constraints 305715
······End:     ReLU constraints ....................................................262.250µs
······Start:   L2 constraints
Number of constraints for FC2 1290 accumulated constraints 307005
······End:     L2 constraints ......................................................1.584ms
Total number of FullCircuit inference constraints 307005
····End:     FC constraints ........................................................112.837ms
····Start:   ArgMax constraints
Number of constraints for ArgmaxCircuitU8 Circuit 20150, Accumulated constraints 327155
····End:     ArgMax constraints ....................................................13.956ms
··End:     Constraint synthesis ....................................................215.362ms
··Start:   Inlining LCs
····Start:   Transforming LCs
····End:     Transforming LCs ......................................................325.817ms
··End:     Inlining LCs ............................................................531.806ms
··Start:   Constructing evaluation domain
··End:     Constructing evaluation domain ..........................................25.584µs
··Start:   R1CS to QAP Instance Map with Evaluation
····Start:   Evaluate Lagrange coefficients
····End:     Evaluate Lagrange coefficients ........................................61.186ms
··End:     R1CS to QAP Instance Map with Evaluation ................................436.763ms
··Start:   Compute G2 table
··End:     Compute G2 table ........................................................191.528ms
··Start:   Calculate B G2
··End:     Calculate B G2 ..........................................................5.313s
··Start:   Compute G1 window table
··End:     Compute G1 window table .................................................285.415ms
··Start:   Generate the R1CS proving key
····Start:   Calculate A
····End:     Calculate A ...........................................................4.489s
····Start:   Calculate B G1
····End:     Calculate B G1 ........................................................1.536s
····Start:   Calculate H
····End:     Calculate H ...........................................................6.311s
····Start:   Calculate L
····End:     Calculate L ...........................................................6.025s
··End:     Generate the R1CS proving key ...........................................18.365s
··Start:   Generate the R1CS verification key
··End:     Generate the R1CS verification key ......................................4.155ms
··Start:   Convert proving key elements to affine
··End:     Convert proving key elements to affine ..................................849.554ms
End:     Groth16::Generator ........................................................26.233s
Start:   do the mpc (cheat)
End:     do the mpc (cheat) ........................................................3.810ms
Start:   timed section
··Start:   zk sampling
··End:     zk sampling .............................................................125ns
··Start:   Groth16::Prover
····Start:   Constraint synthesis
······Start:   Poly constraints
······End:     Poly constraints ....................................................204.685ms
Number of constraints for Poly 204851, avg 1.9999902368539237
······Start:   FC constraints
········Start:   L1 constraints
Number of constraints for FC1 100480 accumulated constraints 305331
········End:     L1 constraints ....................................................8.119s
········Start:   ReLU constraints
Number of constraints for ReLU1 384 accumulated constraints 305715
········End:     ReLU constraints ..................................................302.708µs
········Start:   L2 constraints
Number of constraints for FC2 1290 accumulated constraints 307005
········End:     L2 constraints ....................................................101.503ms
Total number of FullCircuit inference constraints 307005
······End:     FC constraints ......................................................8.229s
······Start:   ArgMax constraints
Number of constraints for ArgmaxCircuitU8 Circuit 20150, Accumulated constraints 327155
······End:     ArgMax constraints ..................................................16.389ms
····End:     Constraint synthesis ..................................................8.467s
····Start:   Inlining LCs
······Start:   Transforming LCs
······End:     Transforming LCs ....................................................555.198ms
····End:     Inlining LCs ..........................................................1.170s
····Start:   R1CS to QAP witness map
······Start:   batch product
········Start:   Batch mult: 524288
··········Start:   King compute wrapper
············Start:   King computation
············End:     King computation ..............................................312.825ms
··········End:     King compute wrapper ............................................594.472ms
········End:     Batch mult: 524288 ................................................725.198ms
······End:     batch product .......................................................738.193ms
····End:     R1CS to QAP witness map ...............................................2.724s
····Start:   crypto
······Start:   Compute C
········Start:   MSM inner
··········Start:   Collecting scalar shares
··········End:     Collecting scalar shares ........................................3.471ms
··········Start:   MSM
············Start:   Base MSM
············End:     Base MSM ......................................................5.164s
··········End:     MSM .............................................................5.165s
········End:     MSM inner .........................................................5.169s
········Start:   MSM inner
··········Start:   Collecting scalar shares
··········End:     Collecting scalar shares ........................................2.927ms
··········Start:   MSM
············Start:   Base MSM
············End:     Base MSM ......................................................2.617s
··········End:     MSM .............................................................2.617s
········End:     MSM inner .........................................................2.621s
······End:     Compute C ...........................................................7.881s
······Start:   Compute A
········Start:   MSM size 527359 527359
··········Start:   MSM inner
············Start:   Collecting scalar shares
············End:     Collecting scalar shares ......................................2.634ms
············Start:   MSM
··············Start:   Base MSM
··············End:     Base MSM ....................................................2.573s
············End:     MSM ...........................................................2.573s
··········End:     MSM inner .......................................................2.576s
········End:     MSM size 527359 527359 ............................................2.614s
······End:     Compute A ...........................................................2.616s
······Start:   Compute B in G1
········Start:   MSM size 527359 527359
··········Start:   MSM inner
············Start:   Collecting scalar shares
············End:     Collecting scalar shares ......................................4.792ms
············Start:   MSM
··············Start:   Base MSM
··············End:     Base MSM ....................................................272.261ms
············End:     MSM ...........................................................272.686ms
··········End:     MSM inner .......................................................277.771ms
········End:     MSM size 527359 527359 ............................................317.945ms
······End:     Compute B in G1 .....................................................317.970ms
······Start:   Compute B in G2
········Start:   MSM size 527359 527359
··········Start:   MSM inner
············Start:   Collecting scalar shares
············End:     Collecting scalar shares ......................................5.324ms
············Start:   MSM
··············Start:   Base MSM
··············End:     Base MSM ....................................................1.017s
············End:     MSM ...........................................................1.017s
··········End:     MSM inner .......................................................1.023s
········End:     MSM size 527359 527359 ............................................1.078s
······End:     Compute B in G2 .....................................................1.100s
······Start:   Finish C
······End:     Finish C ............................................................29.334µs
····End:     crypto ................................................................12.035s
··End:     Groth16::Prover .........................................................24.399s
··Start:   reveal
····Start:   All opening checks
······Start:   Product check: 625920
······End:     Product check: 625920 ...............................................202.029ms
······Start:   Group product checks: 3
······End:     Group product checks: 3 .............................................15.518ms
····End:     All opening checks ....................................................334.382ms
····Start:   All opening checks
····End:     All opening checks ....................................................2.583µs
····Start:   All opening checks
····End:     All opening checks ....................................................1.084µs
··End:     reveal ..................................................................344.011ms
End:     timed section .............................................................24.745s
Start:   ZKP verification
1:2, 2:3End:     ZKP verification ..........................................................4.120ms
Start:   KZG verification
··Start:   Checking evaluation
··End:     Checking evaluation Result: true.........................................3.336ms
End:     KZG verification ..........................................................3.373ms
Stats: Stats {
    bytes_sent: 41692080,
    bytes_recv: 40065072,
    broadcasts: 33,
    to_king: 101688,
    from_king: 101688,
}
