Start:   Connecting
End:     Connecting ................................................................28.251ms
Start:   KZG10::Setup with degree 102425
··Start:   Generating powers of G
··End:     Generating powers of G ..................................................14.171s
··Start:   Generating powers of gamma * G
··End:     Generating powers of gamma * G ..........................................14.050s
··Start:   Generating negative powers of h in G2
··End:     Generating negative powers of h in G2 ...................................54.218s
End:     KZG10::Setup with degree 102425 ...........................................83.119s
Start:   Committing to polynomial of degree 102425 with hiding_bound: None
··Start:   MSM to compute commitment to plaintext poly
····Start:   Base MSM
····End:     Base MSM ..............................................................861.069ms
··End:     MSM to compute commitment to plaintext poly .............................861.172ms
··Start:   MSM to compute commitment to random poly
····Start:   Base MSM
····End:     Base MSM ..............................................................151.500µs
··End:     MSM to compute commitment to random poly ................................165.333µs
End:     Committing to polynomial of degree 102425 with hiding_bound: None .........861.367ms
Start:   Committing to polynomial of degree 102424 with hiding_bound: None
··Start:   MSM to compute commitment to plaintext poly
····Start:   Base MSM
····End:     Base MSM ..............................................................14.964s
··End:     MSM to compute commitment to plaintext poly .............................14.966s
··Start:   MSM to compute commitment to random poly
····Start:   Base MSM
····End:     Base MSM ..............................................................140.125µs
··End:     MSM to compute commitment to random poly ................................154.125µs
End:     Committing to polynomial of degree 102424 with hiding_bound: None .........14.966s
Start:   Groth16::Generator
··Start:   Constraint synthesis
Number of constraints for Poly 204851, avg 1.9999902368539237
is setup mode?: true
Number of constraints for FC1 100480 accumulated constraints 305331
Number of constraints for ReLU1 384 accumulated constraints 305715
is setup mode?: true
Number of constraints for FC2 1290 accumulated constraints 307005
Total number of FullCircuit inference constraints 307005
Number of constraints for ArgmaxCircuitU8 Circuit 20150, Accumulated constraints 327155
··End:     Constraint synthesis ....................................................2.632s
··Start:   Inlining LCs
··End:     Inlining LCs ............................................................5.224s
··Start:   Constructing evaluation domain
··End:     Constructing evaluation domain ..........................................138.917µs
··Start:   R1CS to QAP Instance Map with Evaluation
····Start:   Evaluate Lagrange coefficients
····End:     Evaluate Lagrange coefficients ........................................659.637ms
··End:     R1CS to QAP Instance Map with Evaluation ................................2.690s
··Start:   Compute G2 table
··End:     Compute G2 table ........................................................1.895s
··Start:   Calculate B G2
··End:     Calculate B G2 ..........................................................53.152s
··Start:   Compute G1 window table
··End:     Compute G1 window table .................................................3.166s
··Start:   Generate the R1CS proving key
····Start:   Calculate A
····End:     Calculate A ...........................................................46.150s
····Start:   Calculate B G1
····End:     Calculate B G1 ........................................................14.750s
····Start:   Calculate H
····End:     Calculate H ...........................................................61.104s
····Start:   Calculate L
····End:     Calculate L ...........................................................57.013s
··End:     Generate the R1CS proving key ...........................................179.038s
··Start:   Generate the R1CS verification key
··End:     Generate the R1CS verification key ......................................12.369ms
··Start:   Convert proving key elements to affine
··End:     Convert proving key elements to affine ..................................6.893s
End:     Groth16::Generator ........................................................255.085s
Start:   do the mpc (cheat)
End:     do the mpc (cheat) ........................................................356.653ms
Start:   timed section
··Start:   zk sampling
··End:     zk sampling .............................................................708ns
··Start:   Groth16::Prover
····Start:   Constraint synthesis
Number of constraints for Poly 204851, avg 1.9999902368539237
is setup mode?: false
Number of constraints for FC1 100480 accumulated constraints 305331
Number of constraints for ReLU1 384 accumulated constraints 305715
is setup mode?: false
Number of constraints for FC2 1290 accumulated constraints 307005
Total number of FullCircuit inference constraints 307005
Number of constraints for ArgmaxCircuitU8 Circuit 20150, Accumulated constraints 327155
····End:     Constraint synthesis ..................................................72.391s
····Start:   Inlining LCs
····End:     Inlining LCs ..........................................................30.436s
····Start:   R1CS to QAP witness map
······Start:   batch product
········Start:   Batch mult: 524288
··········Start:   King compute wrapper
··········End:     King compute wrapper ............................................5.701s
········End:     Batch mult: 524288 ................................................6.330s
······End:     batch product .......................................................6.400s
····End:     R1CS to QAP witness map ...............................................45.910s
····Start:   crypto
······Start:   Compute C
········Start:   MSM inner
··········Start:   Collecting scalar shares
··········End:     Collecting scalar shares ........................................6.829ms
··········Start:   MSM
············Start:   Base MSM
············End:     Base MSM ......................................................57.728s
··········End:     MSM .............................................................57.729s
········End:     MSM inner .........................................................57.747s
········Start:   MSM inner
··········Start:   Collecting scalar shares
··········End:     Collecting scalar shares ........................................8.201ms
··········Start:   MSM
············Start:   Base MSM
············End:     Base MSM ......................................................29.537s
··········End:     MSM .............................................................29.537s
········End:     MSM inner .........................................................29.552s
KIng compute
······End:     Compute C ...........................................................88.362s
······Start:   Compute A
········Start:   MSM size 527359 527359
··········Start:   MSM inner
············Start:   Collecting scalar shares
············End:     Collecting scalar shares ......................................11.944ms
············Start:   MSM
··············Start:   Base MSM
··············End:     Base MSM ....................................................29.023s
············End:     MSM ...........................................................29.024s
··········End:     MSM inner .......................................................29.041s
········End:     MSM size 527359 527359 ............................................29.905s
KIng compute
······End:     Compute A ...........................................................29.929s
······Start:   Compute B in G1
········Start:   MSM size 527359 527359
··········Start:   MSM inner
············Start:   Collecting scalar shares
············End:     Collecting scalar shares ......................................9.179ms
············Start:   MSM
··············Start:   Base MSM
··············End:     Base MSM ....................................................3.459s
············End:     MSM ...........................................................3.459s
··········End:     MSM inner .......................................................3.478s
········End:     MSM size 527359 527359 ............................................4.308s
······End:     Compute B in G1 .....................................................4.308s
······Start:   Compute B in G2
········Start:   MSM size 527359 527359
··········Start:   MSM inner
············Start:   Collecting scalar shares
············End:     Collecting scalar shares ......................................7.373ms
············Start:   MSM
··············Start:   Base MSM
··············End:     Base MSM ....................................................10.439s
············End:     MSM ...........................................................10.440s
··········End:     MSM inner .......................................................10.452s
········End:     MSM size 527359 527359 ............................................11.349s
KIng compute
······End:     Compute B in G2 .....................................................11.371s
······Start:   Finish C
······End:     Finish C ............................................................32.916µs
····End:     crypto ................................................................134.512s
··End:     Groth16::Prover .........................................................283.251s
··Start:   reveal
····Start:   All opening checks
······Start:   Product check: 1543160
before d
contents : 3, 0, Fp256 "(0000000000000000000000000000000000000000000000000000000000000003)", Fp256 "(0C72439466C86E3995CD88BEE8252000E671A4A9E0000000B161000000000001)", Fp256 "(12AB655E9A2CA55660B44D1E5C37B00114885F32400000000000000000000000)"
after d
······End:     Product check: 1543160 ..............................................3.764s
······Start:   Group product checks: 3
KIng compute
KIng compute
KIng compute
KIng compute
KIng compute
KIng compute
open degree veccc
GROUP G ark_ec::models::short_weierstrass_jacobian::GroupProjective<ark_bls12_377::curves::g1::Parameters>
open degree veccc
GROUP G ark_ec::models::short_weierstrass_jacobian::GroupProjective<ark_bls12_377::curves::g1::Parameters>
······End:     Group product checks: 3 .............................................168.516ms
····End:     All opening checks ....................................................4.601s
open degree veccc
GROUP G ark_ec::models::short_weierstrass_jacobian::GroupAffine<ark_bls12_377::curves::g1::Parameters>
····Start:   All opening checks
····End:     All opening checks ....................................................3.917µs
open degree veccc
GROUP G ark_ec::models::short_weierstrass_jacobian::GroupAffine<ark_bls12_377::curves::g2::Parameters>
····Start:   All opening checks
····End:     All opening checks ....................................................3.958µs
open degree veccc
GROUP G ark_ec::models::short_weierstrass_jacobian::GroupAffine<ark_bls12_377::curves::g1::Parameters>
··End:     reveal ..................................................................4.730s
End:     timed section .............................................................287.987s
Start:   ZKP verification
1:2, 2:3End:     ZKP verification ..........................................................39.139ms
Start:   KZG verification
··Start:   Checking evaluation
··End:     Checking evaluation Result: true.........................................31.757ms
End:     KZG verification ..........................................................31.807ms
Stats: Stats {
    bytes_sent: 49386168,
    bytes_recv: 51409848,
    broadcasts: 41,
    to_king: 1018930,
    from_king: 1082170,
}
