Start:   Connecting
End:     Connecting ................................................................4.727ms
Start:   KZG10::Setup with degree 102425
··Start:   Generating powers of G
··End:     Generating powers of G ..................................................13.908s
··Start:   Generating powers of gamma * G
··End:     Generating powers of gamma * G ..........................................13.897s
··Start:   Generating negative powers of h in G2
··End:     Generating negative powers of h in G2 ...................................50.451s
End:     KZG10::Setup with degree 102425 ...........................................78.932s
Start:   Committing to polynomial of degree 102425 with hiding_bound: None
··Start:   MSM to compute commitment to plaintext poly
····Start:   Base MSM
····End:     Base MSM ..............................................................757.358ms
··End:     MSM to compute commitment to plaintext poly .............................757.756ms
··Start:   MSM to compute commitment to random poly
····Start:   Base MSM
····End:     Base MSM ..............................................................151.917µs
··End:     MSM to compute commitment to random poly ................................169.500µs
End:     Committing to polynomial of degree 102425 with hiding_bound: None .........757.963ms
Start:   Committing to polynomial of degree 102424 with hiding_bound: None
··Start:   MSM to compute commitment to plaintext poly
····Start:   Base MSM
····End:     Base MSM ..............................................................12.993s
··End:     MSM to compute commitment to plaintext poly .............................12.993s
··Start:   MSM to compute commitment to random poly
····Start:   Base MSM
····End:     Base MSM ..............................................................167.750µs
··End:     MSM to compute commitment to random poly ................................183.375µs
End:     Committing to polynomial of degree 102424 with hiding_bound: None .........12.993s
Start:   Groth16::Generator
··Start:   Constraint synthesis
Number of constraints for Poly 204851, avg 1.9999902368539237
is setup mode?: true
Number of constraints for FC1 100480 accumulated constraints 305331
Number of constraints for ReLU1 384 accumulated constraints 305715
is setup mode?: true
Number of constraints for FC2 1290 accumulated constraints 307005
Total number of FullCircuit inference constraints 307005
Number of constraints for ArgmaxCircuitU8 Circuit 20150, Accumulated constraints 327155
··End:     Constraint synthesis ....................................................2.562s
··Start:   Inlining LCs
··End:     Inlining LCs ............................................................1315.118s
··Start:   Constructing evaluation domain
··End:     Constructing evaluation domain ..........................................143.083µs
··Start:   R1CS to QAP Instance Map with Evaluation
····Start:   Evaluate Lagrange coefficients
····End:     Evaluate Lagrange coefficients ........................................640.380ms
··End:     R1CS to QAP Instance Map with Evaluation ................................2.166s
··Start:   Compute G2 table
··End:     Compute G2 table ........................................................1.835s
··Start:   Calculate B G2
··End:     Calculate B G2 ..........................................................51.162s
··Start:   Compute G1 window table
··End:     Compute G1 window table .................................................3.075s
··Start:   Generate the R1CS proving key
····Start:   Calculate A
····End:     Calculate A ...........................................................33.716s
····Start:   Calculate B G1
····End:     Calculate B G1 ........................................................13.781s
····Start:   Calculate H
····End:     Calculate H ...........................................................59.602s
····Start:   Calculate L
····End:     Calculate L ...........................................................44.876s
··End:     Generate the R1CS proving key ...........................................151.995s
··Start:   Generate the R1CS verification key
··End:     Generate the R1CS verification key ......................................93.143ms
··Start:   Convert proving key elements to affine
··End:     Convert proving key elements to affine ..................................5.778s
End:     Groth16::Generator ........................................................1534.092s
Start:   do the mpc (cheat)
End:     do the mpc (cheat) ........................................................2.373s
Start:   timed section
··Start:   zk sampling
··End:     zk sampling .............................................................26.750µs
··Start:   Groth16::Prover
····Start:   Constraint synthesis
Number of constraints for Poly 204851, avg 1.9999902368539237
is setup mode?: false
Number of constraints for FC1 100480 accumulated constraints 305331
Number of constraints for ReLU1 384 accumulated constraints 305715
is setup mode?: false
Number of constraints for FC2 1290 accumulated constraints 307005
Total number of FullCircuit inference constraints 307005
Number of constraints for ArgmaxCircuitU8 Circuit 20150, Accumulated constraints 327155
····End:     Constraint synthesis ..................................................217.236s
····Start:   Inlining LCs
····End:     Inlining LCs ..........................................................1415.594s
····Start:   R1CS to QAP witness map
······Start:   batch product
······End:     batch product .......................................................2.132s
····End:     R1CS to QAP witness map ...............................................122.199s
····Start:   crypto
······Start:   Compute C
········Start:   MSM inner
··········Start:   Base MSM
··········End:     Base MSM ........................................................55.730s
········End:     MSM inner .........................................................55.740s
········Start:   MSM inner
··········Start:   Base MSM
··········End:     Base MSM ........................................................16.558s
········End:     MSM inner .........................................................16.565s
········Start:   SS scalar multiplication
········End:     SS scalar multiplication ..........................................1.337s
······End:     Compute C ...........................................................74.608s
······Start:   Compute A
········Start:   MSM size 425381 425381
··········Start:   MSM inner
············Start:   Base MSM
············End:     Base MSM ......................................................6.568s
··········End:     MSM inner .......................................................6.574s
········End:     MSM size 425381 425381 ............................................7.301s
········Start:   SS scalar multiplication
········End:     SS scalar multiplication ..........................................1.294s
······End:     Compute A ...........................................................8.598s
······Start:   Compute B in G1
········Start:   MSM size 425381 425381
··········Start:   MSM inner
············Start:   Base MSM
············End:     Base MSM ......................................................15.945s
··········End:     MSM inner .......................................................15.951s
········End:     MSM size 425381 425381 ............................................16.684s
······End:     Compute B in G1 .....................................................16.686s
······Start:   Compute B in G2
········Start:   MSM size 425381 425381
··········Start:   MSM inner
············Start:   Base MSM
············End:     Base MSM ......................................................55.992s
··········End:     MSM inner .......................................................56.001s
········End:     MSM size 425381 425381 ............................................56.867s
········Start:   SS scalar multiplication
········End:     SS scalar multiplication ..........................................93.224ms
······End:     Compute B in G2 .....................................................56.967s
······Start:   Finish C
······End:     Finish C ............................................................10.750µs
····End:     crypto ................................................................157.043s
··End:     Groth16::Prover .........................................................1912.074s
··Start:   reveal
··End:     reveal ..................................................................42.365ms
End:     timed section .............................................................1912.117s
1:102428, 2:797