Start:   KZG10::Setup with degree 102425
··Start:   Generating powers of G
··End:     Generating powers of G ..................................................1.310s
··Start:   Generating powers of gamma * G
··End:     Generating powers of gamma * G ..........................................1.294s
··Start:   Generating negative powers of h in G2
··End:     Generating negative powers of h in G2 ...................................5.100s
End:     KZG10::Setup with degree 102425 ...........................................7.770s
Start:   Committing to polynomial of degree 102425 with hiding_bound: None
··Start:   MSM to compute commitment to plaintext poly
····Start:   Base MSM
····End:     Base MSM ..............................................................59.795ms
··End:     MSM to compute commitment to plaintext poly .............................59.880ms
··Start:   MSM to compute commitment to random poly
····Start:   Base MSM
····End:     Base MSM ..............................................................18.500µs
··End:     MSM to compute commitment to random poly ................................26.875µs
End:     Committing to polynomial of degree 102425 with hiding_bound: None .........59.925ms
Start:   Committing to polynomial of degree 102424 with hiding_bound: None
··Start:   MSM to compute commitment to plaintext poly
····Start:   Base MSM
····End:     Base MSM ..............................................................1.186s
··End:     MSM to compute commitment to plaintext poly .............................1.186s
··Start:   MSM to compute commitment to random poly
····Start:   Base MSM
····End:     Base MSM ..............................................................14.667µs
··End:     MSM to compute commitment to random poly ................................22.250µs
End:     Committing to polynomial of degree 102424 with hiding_bound: None .........1.186s
Start:   Groth16::Generator
··Start:   Constraint synthesis
Number of constraints for Poly 204851, avg 1.9999902368539237
Number of constraints for FC1 100480 accumulated constraints 305331
Number of constraints for ReLU1 384 accumulated constraints 305715
Number of constraints for FC2 1290 accumulated constraints 307005
Total number of FullCircuit inference constraints 307005
Number of constraints for ArgmaxCircuitU8 Circuit 20150, Accumulated constraints 327155
··End:     Constraint synthesis ....................................................218.776ms
··Start:   Inlining LCs
··End:     Inlining LCs ............................................................515.091ms
··Start:   Constructing evaluation domain
··End:     Constructing evaluation domain ..........................................35.208µs
··Start:   R1CS to QAP Instance Map with Evaluation
····Start:   Evaluate Lagrange coefficients
····End:     Evaluate Lagrange coefficients ........................................59.137ms
··End:     R1CS to QAP Instance Map with Evaluation ................................430.323ms
··Start:   Compute G2 table
··End:     Compute G2 table ........................................................183.391ms
··Start:   Calculate B G2
··End:     Calculate B G2 ..........................................................5.217s
··Start:   Compute G1 window table
··End:     Compute G1 window table .................................................282.309ms
··Start:   Generate the R1CS proving key
····Start:   Calculate A
····End:     Calculate A ...........................................................4.370s
····Start:   Calculate B G1
····End:     Calculate B G1 ........................................................1.513s
····Start:   Calculate H
····End:     Calculate H ...........................................................6.183s
····Start:   Calculate L
····End:     Calculate L ...........................................................5.885s
··End:     Generate the R1CS proving key ...........................................17.956s
··Start:   Generate the R1CS verification key
··End:     Generate the R1CS verification key ......................................1.676ms
··Start:   Convert proving key elements to affine
··End:     Convert proving key elements to affine ..................................659.944ms
End:     Groth16::Generator ........................................................25.501s
Start:   timed section
··Start:   zk sampling
··End:     zk sampling .............................................................1.125µs
··Start:   Groth16::Prover
····Start:   Constraint synthesis
Number of constraints for Poly 204851, avg 1.9999902368539237
Number of constraints for FC1 100480 accumulated constraints 305331
Number of constraints for ReLU1 384 accumulated constraints 305715
Number of constraints for FC2 1290 accumulated constraints 307005
Total number of FullCircuit inference constraints 307005
Number of constraints for ArgmaxCircuitU8 Circuit 20150, Accumulated constraints 327155
····End:     Constraint synthesis ..................................................235.568ms
····Start:   Inlining LCs
····End:     Inlining LCs ..........................................................560.764ms
····Start:   R1CS to QAP witness map
······Start:   batch product
······End:     batch product .......................................................8.146ms
····End:     R1CS to QAP witness map ...............................................1.578s
····Start:   crypto
······Start:   Compute C
········Start:   Base MSM
········End:     Base MSM ..........................................................5.345s
········Start:   Base MSM
········End:     Base MSM ..........................................................2.760s
······End:     Compute C ...........................................................8.106s
······Start:   Compute A
········Start:   MSM size 527359 527359
··········Start:   Base MSM
··········End:     Base MSM ........................................................2.634s
········End:     MSM size 527359 527359 ............................................2.635s
······End:     Compute A ...........................................................2.635s
······Start:   Compute B in G1
········Start:   MSM size 527359 527359
··········Start:   Base MSM
··········End:     Base MSM ........................................................276.243ms
········End:     MSM size 527359 527359 ............................................276.699ms
······End:     Compute B in G1 .....................................................276.864ms
······Start:   Compute B in G2
········Start:   MSM size 527359 527359
··········Start:   Base MSM
··········End:     Base MSM ........................................................1.005s
········End:     MSM size 527359 527359 ............................................1.005s
······End:     Compute B in G2 .....................................................1.006s
······Start:   Finish C
······End:     Finish C ............................................................2.875µs
····End:     crypto ................................................................12.140s
··End:     Groth16::Prover .........................................................14.516s
··Start:   ZKP verification
1:2, 2:3··End:     ZKP verification ........................................................4.142ms
··Start:   KZG verification
····Start:   Checking evaluation
····End:     Checking evaluation Result: true.......................................3.271ms
··End:     KZG verification ........................................................3.301ms
Stats: Stats {
    bytes_sent: 0,
    bytes_recv: 0,
    broadcasts: 0,
    to_king: 0,
    from_king: 0,
}
