Start:   Preprocessing
End:     Preprocessing .............................................................15.135ms
Start:   Groth16::Generator
··Start:   Constraint synthesis
····Start:   Poly constraints
····End:     Poly constraints ......................................................84.017ms
Number of constraints for Poly 204851, avg 1.9999902368539237
····Start:   FC constraints
······Start:   L1 constraints
Number of constraints for FC1 100480 accumulated constraints 305331
······End:     L1 constraints ......................................................112.787ms
······Start:   ReLU constraints
Number of constraints for ReLU1 172160 accumulated constraints 477491
······End:     ReLU constraints ....................................................120.786ms
······Start:   L2 constraints
Number of constraints for FC2 1290 accumulated constraints 478781
······End:     L2 constraints ......................................................1.680ms
Total number of FullCircuit inference constraints 478781
····End:     FC constraints ........................................................237.822ms
····Start:   ArgMax constraints
Number of constraints for ArgmaxCircuitU8 Circuit 20150, Accumulated constraints 498931
····End:     ArgMax constraints ....................................................13.769ms
··End:     Constraint synthesis ....................................................341.886ms
··Start:   Inlining LCs
····Start:   Transforming LCs
····End:     Transforming LCs ......................................................402.884ms
··End:     Inlining LCs ............................................................649.732ms
··Start:   Constructing evaluation domain
··End:     Constructing evaluation domain ..........................................36.458µs
··Start:   R1CS to QAP Instance Map with Evaluation
····Start:   Evaluate Lagrange coefficients
····End:     Evaluate Lagrange coefficients ........................................116.607ms
··End:     R1CS to QAP Instance Map with Evaluation ................................613.042ms
··Start:   Compute G2 table
··End:     Compute G2 table ........................................................394.274ms
··Start:   Calculate B G2
··End:     Calculate B G2 ..........................................................7.799s
··Start:   Compute G1 window table
··End:     Compute G1 window table .................................................486.818ms
··Start:   Generate the R1CS proving key
····Start:   Calculate A
····End:     Calculate A ...........................................................5.324s
····Start:   Calculate B G1
····End:     Calculate B G1 ........................................................2.205s
····Start:   Calculate H
····End:     Calculate H ...........................................................11.216s
····Start:   Calculate L
····End:     Calculate L ...........................................................6.605s
··End:     Generate the R1CS proving key ...........................................25.354s
··Start:   Generate the R1CS verification key
··End:     Generate the R1CS verification key ......................................5.888ms
··Start:   Convert proving key elements to affine
··End:     Convert proving key elements to affine ..................................1.060s
End:     Groth16::Generator ........................................................36.749s
Start:   timed section
··Start:   zk sampling
··End:     zk sampling .............................................................1.250µs
··Start:   Groth16::Prover
····Start:   Constraint synthesis
······Start:   Poly constraints
······End:     Poly constraints ....................................................87.201ms
Number of constraints for Poly 204851, avg 1.9999902368539237
······Start:   FC constraints
········Start:   L1 constraints
Number of constraints for FC1 100480 accumulated constraints 305331
········End:     L1 constraints ....................................................123.223ms
········Start:   ReLU constraints
Number of constraints for ReLU1 172160 accumulated constraints 477491
········End:     ReLU constraints ..................................................124.224ms
········Start:   L2 constraints
Number of constraints for FC2 1290 accumulated constraints 478781
········End:     L2 constraints ....................................................1.855ms
Total number of FullCircuit inference constraints 478781
······End:     FC constraints ......................................................252.361ms
······Start:   ArgMax constraints
Number of constraints for ArgmaxCircuitU8 Circuit 20150, Accumulated constraints 498931
······End:     ArgMax constraints ..................................................14.236ms
····End:     Constraint synthesis ..................................................359.723ms
····Start:   Inlining LCs
······Start:   Transforming LCs
······End:     Transforming LCs ....................................................429.676ms
····End:     Inlining LCs ..........................................................686.137ms
····Start:   R1CS to QAP witness map
······Start:   batch product
······End:     batch product .......................................................15.838ms
····End:     R1CS to QAP witness map ...............................................3.031s
····Start:   crypto
······Start:   Compute C
········Start:   Base MSM
········End:     Base MSM ..........................................................9.351s
········Start:   Base MSM
········End:     Base MSM ..........................................................2.499s
······End:     Compute C ...........................................................11.852s
······Start:   Compute A
········Start:   MSM size 656383 656383
··········Start:   Base MSM
··········End:     Base MSM ........................................................2.460s
········End:     MSM size 656383 656383 ............................................2.461s
······End:     Compute A ...........................................................2.461s
······Start:   Compute B in G1
········Start:   MSM size 656383 656383
··········Start:   Base MSM
··········End:     Base MSM ........................................................311.794ms
········End:     MSM size 656383 656383 ............................................312.317ms
······End:     Compute B in G1 .....................................................312.487ms
······Start:   Compute B in G2
········Start:   MSM size 656383 656383
··········Start:   Base MSM
··········End:     Base MSM ........................................................1.124s
········End:     MSM size 656383 656383 ............................................1.125s
······End:     Compute B in G2 .....................................................1.126s
······Start:   Finish C
······End:     Finish C ............................................................2.917µs
····End:     crypto ................................................................15.885s
··End:     Groth16::Prover .........................................................19.963s
··Start:   ZKP verification
1:2, 2:3··End:     ZKP verification ........................................................4.053ms
··Start:   KZG verification
··End:     KZG verification ........................................................125ns
Stats: Stats {
    bytes_sent: 0,
    bytes_recv: 0,
    broadcasts: 0,
    to_king: 0,
    from_king: 0,
}
