start generating random parameters
Start:   Groth16::Generator
··Start:   Constraint synthesis
is setup mode?: true
Number of constraints for FC1 100480 accumulated constraints 100480
Number of constraints for ReLU1 384 accumulated constraints 100864
is setup mode?: true
Number of constraints for FC2 1290 accumulated constraints 102154
Total number of FullCircuit inference constraints 102154
Number of constraints for ArgmaxCircuitU8 Circuit 20150, Accumulated constraints 122304
input len: 102426 
Number of constraints for PoseidonCircuit Circuit 1257449, Accumulated constraints 1379753 avg per input 12, 
··End:     Constraint synthesis ....................................................13.900s
··Start:   Inlining LCs
··End:     Inlining LCs ............................................................47.499s
··Start:   Constructing evaluation domain
··End:     Constructing evaluation domain ..........................................132.917µs
··Start:   R1CS to QAP Instance Map with Evaluation
····Start:   Evaluate Lagrange coefficients
····End:     Evaluate Lagrange coefficients ........................................2.501s
··End:     R1CS to QAP Instance Map with Evaluation ................................10.054s
··Start:   Compute G2 table
··End:     Compute G2 table ........................................................11.185s
··Start:   Calculate B G2
