Start:   Connecting
End:     Connecting ................................................................18.257ms
Start:   KZG10::Setup with degree 102425
··Start:   Generating powers of G
··End:     Generating powers of G ..................................................14.259s
··Start:   Generating powers of gamma * G
··End:     Generating powers of gamma * G ..........................................14.254s
··Start:   Generating negative powers of h in G2
··End:     Generating negative powers of h in G2 ...................................51.929s
End:     KZG10::Setup with degree 102425 ...........................................81.134s
Start:   Committing to polynomial of degree 102425 with hiding_bound: None
··Start:   MSM to compute commitment to plaintext poly
····Start:   Base MSM
····End:     Base MSM ..............................................................781.379ms
··End:     MSM to compute commitment to plaintext poly .............................781.663ms
··Start:   MSM to compute commitment to random poly
····Start:   Base MSM
····End:     Base MSM ..............................................................160.833µs
··End:     MSM to compute commitment to random poly ................................182.000µs
End:     Committing to polynomial of degree 102425 with hiding_bound: None .........781.888ms
Start:   Committing to polynomial of degree 102424 with hiding_bound: None
··Start:   MSM to compute commitment to plaintext poly
····Start:   Base MSM
····End:     Base MSM ..............................................................13.384s
··End:     MSM to compute commitment to plaintext poly .............................13.384s
··Start:   MSM to compute commitment to random poly
····Start:   Base MSM
····End:     Base MSM ..............................................................137.958µs
··End:     MSM to compute commitment to random poly ................................151.958µs
End:     Committing to polynomial of degree 102424 with hiding_bound: None .........13.384s
Start:   Groth16::Generator
··Start:   Constraint synthesis
Number of constraints for Poly 0, avg 0
is setup mode?: true
Number of constraints for FC1 100480 accumulated constraints 100480
Number of constraints for ReLU1 384 accumulated constraints 100864
is setup mode?: true
Number of constraints for FC2 1290 accumulated constraints 102154
Total number of FullCircuit inference constraints 102154
Number of constraints for ArgmaxCircuitU8 Circuit 20150, Accumulated constraints 122304
··End:     Constraint synthesis ....................................................1.472s
··Start:   Inlining LCs
··End:     Inlining LCs ............................................................31.448s
··Start:   Constructing evaluation domain
··End:     Constructing evaluation domain ..........................................126.292µs
··Start:   R1CS to QAP Instance Map with Evaluation
····Start:   Evaluate Lagrange coefficients
····End:     Evaluate Lagrange coefficients ........................................165.251ms
··End:     R1CS to QAP Instance Map with Evaluation ................................759.967ms
··Start:   Compute G2 table
··End:     Compute G2 table ........................................................2.698s
··Start:   Calculate B G2
··End:     Calculate B G2 ..........................................................51.012s
··Start:   Compute G1 window table
··End:     Compute G1 window table .................................................1.689s
··Start:   Generate the R1CS proving key
····Start:   Calculate A
····End:     Calculate A ...........................................................14.211s
····Start:   Calculate B G1
····End:     Calculate B G1 ........................................................13.795s
····Start:   Calculate H
····End:     Calculate H ...........................................................16.518s
····Start:   Calculate L
····End:     Calculate L ...........................................................26.119s
··End:     Generate the R1CS proving key ...........................................70.664s
··Start:   Generate the R1CS verification key
··End:     Generate the R1CS verification key ......................................8.455ms
··Start:   Convert proving key elements to affine
··End:     Convert proving key elements to affine ..................................3.292s
End:     Groth16::Generator ........................................................163.216s
Start:   do the mpc (cheat)
End:     do the mpc (cheat) ........................................................606.162ms
Start:   timed section
··Start:   zk sampling
··End:     zk sampling .............................................................667ns
··Start:   Groth16::Prover
····Start:   Constraint synthesis
Number of constraints for Poly 0, avg 0
is setup mode?: false
before d
contents : 3, 0, Fp256 "(0000000000000000000000000000000000000000000000000000000000000003)", Fp256 "(0C72439466C86E3995CD88BEE8252000E671A4A9E0000000B161000000000001)", Fp256 "(12AB655E9A2CA55660B44D1E5C37B00114885F32400000000000000000000000)"
after d
Number of constraints for FC1 100480 accumulated constraints 100480
Number of constraints for ReLU1 384 accumulated constraints 100864
is setup mode?: false
Number of constraints for FC2 1290 accumulated constraints 102154
Total number of FullCircuit inference constraints 102154
Number of constraints for ArgmaxCircuitU8 Circuit 20150, Accumulated constraints 122304
····End:     Constraint synthesis ..................................................48.716s
····Start:   Inlining LCs
····End:     Inlining LCs ..........................................................55.833s
····Start:   R1CS to QAP witness map
······Start:   batch product
········Start:   Batch mult: 131072
··········Start:   King compute wrapper
············Start:   King computation
············End:     King computation ..............................................960.512ms
··········End:     King compute wrapper ............................................1.406s
········End:     Batch mult: 131072 ................................................1.546s
······End:     batch product .......................................................1.562s
····End:     R1CS to QAP witness map ...............................................39.164s
····Start:   crypto
······Start:   Compute C
········Start:   MSM inner
··········Start:   Collecting scalar shares
··········End:     Collecting scalar shares ........................................1.518ms
··········Start:   MSM
············Start:   Base MSM
············End:     Base MSM ......................................................16.728s
··········End:     MSM .............................................................16.730s
········End:     MSM inner .........................................................16.732s
········Start:   MSM inner
··········Start:   Collecting scalar shares
··········End:     Collecting scalar shares ........................................11.403ms
··········Start:   MSM
············Start:   Base MSM
············End:     Base MSM ......................................................1.155s
··········End:     MSM .............................................................1.156s
········End:     MSM inner .........................................................1.169s
KIng compute
open degree veccc
GROUP G ark_ec::models::short_weierstrass_jacobian::GroupProjective<ark_bls12_377::curves::g1::Parameters>
······End:     Compute C ...........................................................18.786s
······Start:   Compute A
········Start:   MSM size 220531 220531
··········Start:   MSM inner
············Start:   Collecting scalar shares
············End:     Collecting scalar shares ......................................2.496ms
············Start:   MSM
··············Start:   Base MSM
··············End:     Base MSM ....................................................1.920s
············End:     MSM ...........................................................1.920s
··········End:     MSM inner .......................................................1.925s
········End:     MSM size 220531 220531 ............................................2.711s
KIng compute
open degree veccc
GROUP G ark_ec::models::short_weierstrass_jacobian::GroupProjective<ark_bls12_377::curves::g1::Parameters>
······End:     Compute A ...........................................................2.733s
······Start:   Compute B in G1
········Start:   MSM size 220531 220531
··········Start:   MSM inner
············Start:   Collecting scalar shares
············End:     Collecting scalar shares ......................................3.075ms
············Start:   MSM
··············Start:   Base MSM
··············End:     Base MSM ....................................................905.064ms
············End:     MSM ...........................................................905.358ms
··········End:     MSM inner .......................................................910.164ms
········End:     MSM size 220531 220531 ............................................1.669s
······End:     Compute B in G1 .....................................................1.669s
······Start:   Compute B in G2
········Start:   MSM size 220531 220531
··········Start:   MSM inner
············Start:   Collecting scalar shares
············End:     Collecting scalar shares ......................................2.557ms
············Start:   MSM
··············Start:   Base MSM
··············End:     Base MSM ....................................................2.440s
············End:     MSM ...........................................................2.440s
··········End:     MSM inner .......................................................2.444s
········End:     MSM size 220531 220531 ............................................3.221s
KIng compute
open degree veccc
GROUP G ark_ec::models::short_weierstrass_jacobian::GroupProjective<ark_bls12_377::curves::g1::Parameters>
······End:     Compute B in G2 .....................................................3.243s
······Start:   Finish C
······End:     Finish C ............................................................33.916µs
····End:     crypto ................................................................26.506s
··End:     Groth16::Prover .........................................................170.221s
··Start:   reveal
····Start:   All opening checks
······Start:   Product check: 1046726
······End:     Product check: 1046726 ..............................................2.547s
······Start:   Group product checks: 3
KIng compute
open degree veccc
GROUP G ark_ec::models::short_weierstrass_jacobian::GroupProjective<ark_bls12_377::curves::g1::Parameters>
KIng compute
open degree veccc
GROUP G ark_ec::models::short_weierstrass_jacobian::GroupProjective<ark_bls12_377::curves::g1::Parameters>
KIng compute
open degree veccc
GROUP G ark_ec::models::short_weierstrass_jacobian::GroupProjective<ark_bls12_377::curves::g1::Parameters>
KIng compute
open degree veccc
GROUP G ark_ec::models::short_weierstrass_jacobian::GroupProjective<ark_bls12_377::curves::g1::Parameters>
KIng compute
open degree veccc
GROUP G ark_ec::models::short_weierstrass_jacobian::GroupProjective<ark_bls12_377::curves::g1::Parameters>
KIng compute
open degree veccc
GROUP G ark_ec::models::short_weierstrass_jacobian::GroupProjective<ark_bls12_377::curves::g1::Parameters>
open degree veccc
GROUP G ark_ec::models::short_weierstrass_jacobian::GroupProjective<ark_bls12_377::curves::g1::Parameters>
open degree veccc
GROUP G ark_ec::models::short_weierstrass_jacobian::GroupProjective<ark_bls12_377::curves::g1::Parameters>
······End:     Group product checks: 3 .............................................167.859ms
····End:     All opening checks ....................................................2.901s
open degree veccc
GROUP G ark_ec::models::short_weierstrass_jacobian::GroupAffine<ark_bls12_377::curves::g1::Parameters>
····Start:   All opening checks
····End:     All opening checks ....................................................5.042µs
open degree veccc
GROUP G ark_ec::models::short_weierstrass_jacobian::GroupAffine<ark_bls12_377::curves::g2::Parameters>
····Start:   All opening checks
····End:     All opening checks ....................................................4.625µs
open degree veccc
GROUP G ark_ec::models::short_weierstrass_jacobian::GroupAffine<ark_bls12_377::curves::g1::Parameters>
··End:     reveal ..................................................................3.030s
End:     timed section .............................................................173.253s
Start:   ZKP verification
1:2, 2:3End:     ZKP verification ..........................................................38.967ms
Start:   KZG verification
··Start:   Checking evaluation
··End:     Checking evaluation Result: true.........................................31.800ms
End:     KZG verification ..........................................................31.841ms
Stats: Stats {
    bytes_sent: 86707856,
    bytes_recv: 66997296,
    broadcasts: 40,
    to_king: 915710,
    from_king: 978950,
}
