Start:   KZG10::Setup with degree 102425
··Start:   Generating powers of G
··End:     Generating powers of G ..................................................13.829s
··Start:   Generating powers of gamma * G
··End:     Generating powers of gamma * G ..........................................13.552s
··Start:   Generating negative powers of h in G2
··End:     Generating negative powers of h in G2 ...................................48.988s
End:     KZG10::Setup with degree 102425 ...........................................77.027s
Start:   Committing to polynomial of degree 102425 with hiding_bound: None
··Start:   MSM to compute commitment to plaintext poly
····Start:   Base MSM
····End:     Base MSM ..............................................................735.577ms
··End:     MSM to compute commitment to plaintext poly .............................735.693ms
··Start:   MSM to compute commitment to random poly
····Start:   Base MSM
····End:     Base MSM ..............................................................132.459µs
··End:     MSM to compute commitment to random poly ................................145.625µs
End:     Committing to polynomial of degree 102425 with hiding_bound: None .........735.870ms
Start:   Committing to polynomial of degree 102424 with hiding_bound: None
··Start:   MSM to compute commitment to plaintext poly
····Start:   Base MSM
····End:     Base MSM ..............................................................12.564s
··End:     MSM to compute commitment to plaintext poly .............................12.565s
··Start:   MSM to compute commitment to random poly
····Start:   Base MSM
····End:     Base MSM ..............................................................154.625µs
··End:     MSM to compute commitment to random poly ................................168.917µs
End:     Committing to polynomial of degree 102424 with hiding_bound: None .........12.565s
Start:   Groth16::Generator
··Start:   Constraint synthesis
Number of constraints for Poly 0, avg 0
is setup mode?: true
Number of constraints for FC1 100480 accumulated constraints 100480
Number of constraints for ReLU1 384 accumulated constraints 100864
is setup mode?: true
Number of constraints for FC2 1290 accumulated constraints 102154
Total number of FullCircuit inference constraints 102154
Number of constraints for ArgmaxCircuitU8 Circuit 20150, Accumulated constraints 122304
··End:     Constraint synthesis ....................................................1.395s
··Start:   Inlining LCs
··End:     Inlining LCs ............................................................29.471s
··Start:   Constructing evaluation domain
··End:     Constructing evaluation domain ..........................................120.292µs
··Start:   R1CS to QAP Instance Map with Evaluation
····Start:   Evaluate Lagrange coefficients
····End:     Evaluate Lagrange coefficients ........................................155.796ms
··End:     R1CS to QAP Instance Map with Evaluation ................................716.334ms
··Start:   Compute G2 table
··End:     Compute G2 table ........................................................1.785s
··Start:   Calculate B G2
··End:     Calculate B G2 ..........................................................48.134s
··Start:   Compute G1 window table
··End:     Compute G1 window table .................................................1.581s
··Start:   Generate the R1CS proving key
····Start:   Calculate A
····End:     Calculate A ...........................................................13.467s
····Start:   Calculate B G1
····End:     Calculate B G1 ........................................................13.057s
····Start:   Calculate H
····End:     Calculate H ...........................................................15.549s
····Start:   Calculate L
····End:     Calculate L ...........................................................24.572s
··End:     Generate the R1CS proving key ...........................................66.665s
··Start:   Generate the R1CS verification key
··End:     Generate the R1CS verification key ......................................7.635ms
··Start:   Convert proving key elements to affine
··End:     Convert proving key elements to affine ..................................3.092s
End:     Groth16::Generator ........................................................153.007s
Start:   timed section
··Start:   zk sampling
··End:     zk sampling .............................................................36.917µs
··Start:   Groth16::Prover
····Start:   Constraint synthesis
Number of constraints for Poly 0, avg 0
is setup mode?: false
Number of constraints for FC1 100480 accumulated constraints 100480
Number of constraints for ReLU1 384 accumulated constraints 100864
is setup mode?: false
Number of constraints for FC2 1290 accumulated constraints 102154
Total number of FullCircuit inference constraints 102154
Number of constraints for ArgmaxCircuitU8 Circuit 20150, Accumulated constraints 122304
····End:     Constraint synthesis ..................................................1.485s
····Start:   Inlining LCs
····End:     Inlining LCs ..........................................................29.469s
····Start:   R1CS to QAP witness map
······Start:   batch product
······End:     batch product .......................................................22.785ms
····End:     R1CS to QAP witness map ...............................................3.227s
····Start:   crypto
······Start:   Compute C
········Start:   Base MSM
········End:     Base MSM ..........................................................15.685s
········Start:   Base MSM
········End:     Base MSM ..........................................................1.087s
······End:     Compute C ...........................................................16.777s
······Start:   Compute A
········Start:   MSM size 220531 220531
··········Start:   Base MSM
··········End:     Base MSM ........................................................1.815s
········End:     MSM size 220531 220531 ............................................1.815s
······End:     Compute A ...........................................................1.819s
······Start:   Compute B in G1
········Start:   MSM size 220531 220531
··········Start:   Base MSM
··········End:     Base MSM ........................................................853.537ms
········End:     MSM size 220531 220531 ............................................853.735ms
······End:     Compute B in G1 .....................................................855.449ms
······Start:   Compute B in G2
········Start:   MSM size 220531 220531
··········Start:   Base MSM
··········End:     Base MSM ........................................................2.305s
········End:     MSM size 220531 220531 ............................................2.305s
······End:     Compute B in G2 .....................................................2.312s
······Start:   Finish C
······End:     Finish C ............................................................31.375µs
····End:     crypto ................................................................21.828s
··End:     Groth16::Prover .........................................................56.012s
End:     timed section .............................................................56.013s
Start:   ZKP verification
1:2, 2:3End:     ZKP verification ..........................................................36.363ms
Start:   KZG verification
··Start:   Checking evaluation
··End:     Checking evaluation Result: true.........................................30.251ms
End:     KZG verification ..........................................................30.270ms
Stats: Stats {
    bytes_sent: 0,
    bytes_recv: 0,
    broadcasts: 0,
    to_king: 0,
    from_king: 0,
}
