Start:   Connecting
End:     Connecting ................................................................18.326ms
Start:   KZG10::Setup with degree 102425
··Start:   Generating powers of G
··End:     Generating powers of G ..................................................14.270s
··Start:   Generating powers of gamma * G
··End:     Generating powers of gamma * G ..........................................14.251s
··Start:   Generating negative powers of h in G2
··End:     Generating negative powers of h in G2 ...................................52.014s
End:     KZG10::Setup with degree 102425 ...........................................81.231s
Start:   Committing to polynomial of degree 102425 with hiding_bound: None
··Start:   MSM to compute commitment to plaintext poly
····Start:   Base MSM
····End:     Base MSM ..............................................................781.012ms
··End:     MSM to compute commitment to plaintext poly .............................781.304ms
··Start:   MSM to compute commitment to random poly
····Start:   Base MSM
····End:     Base MSM ..............................................................133.708µs
··End:     MSM to compute commitment to random poly ................................147.291µs
End:     Committing to polynomial of degree 102425 with hiding_bound: None .........781.481ms
Start:   Committing to polynomial of degree 102424 with hiding_bound: None
··Start:   MSM to compute commitment to plaintext poly
····Start:   Base MSM
····End:     Base MSM ..............................................................13.378s
··End:     MSM to compute commitment to plaintext poly .............................13.378s
··Start:   MSM to compute commitment to random poly
····Start:   Base MSM
····End:     Base MSM ..............................................................142.708µs
··End:     MSM to compute commitment to random poly ................................156.917µs
End:     Committing to polynomial of degree 102424 with hiding_bound: None .........13.379s
Start:   Groth16::Generator
··Start:   Constraint synthesis
Number of constraints for Poly 0, avg 0
is setup mode?: true
Number of constraints for FC1 100480 accumulated constraints 100480
Number of constraints for ReLU1 384 accumulated constraints 100864
is setup mode?: true
Number of constraints for FC2 1290 accumulated constraints 102154
Total number of FullCircuit inference constraints 102154
Number of constraints for ArgmaxCircuitU8 Circuit 20150, Accumulated constraints 122304
··End:     Constraint synthesis ....................................................1.474s
··Start:   Inlining LCs
··End:     Inlining LCs ............................................................31.443s
··Start:   Constructing evaluation domain
··End:     Constructing evaluation domain ..........................................128.917µs
··Start:   R1CS to QAP Instance Map with Evaluation
····Start:   Evaluate Lagrange coefficients
····End:     Evaluate Lagrange coefficients ........................................165.708ms
··End:     R1CS to QAP Instance Map with Evaluation ................................761.271ms
··Start:   Compute G2 table
··End:     Compute G2 table ........................................................2.740s
··Start:   Calculate B G2
··End:     Calculate B G2 ..........................................................51.001s
··Start:   Compute G1 window table
··End:     Compute G1 window table .................................................1.691s
··Start:   Generate the R1CS proving key
····Start:   Calculate A
····End:     Calculate A ...........................................................14.213s
····Start:   Calculate B G1
····End:     Calculate B G1 ........................................................13.805s
····Start:   Calculate H
····End:     Calculate H ...........................................................16.521s
····Start:   Calculate L
····End:     Calculate L ...........................................................26.102s
··End:     Generate the R1CS proving key ...........................................70.662s
··Start:   Generate the R1CS verification key
··End:     Generate the R1CS verification key ......................................8.647ms
··Start:   Convert proving key elements to affine
··End:     Convert proving key elements to affine ..................................3.281s
End:     Groth16::Generator ........................................................163.233s
Start:   do the mpc (cheat)
End:     do the mpc (cheat) ........................................................333.715ms
Start:   timed section
··Start:   zk sampling
··End:     zk sampling .............................................................2.292µs
··Start:   Groth16::Prover
····Start:   Constraint synthesis
Number of constraints for Poly 0, avg 0
is setup mode?: false
Number of constraints for FC1 100480 accumulated constraints 100480
Number of constraints for ReLU1 384 accumulated constraints 100864
is setup mode?: false
Number of constraints for FC2 1290 accumulated constraints 102154
Total number of FullCircuit inference constraints 102154
Number of constraints for ArgmaxCircuitU8 Circuit 20150, Accumulated constraints 122304
····End:     Constraint synthesis ..................................................48.711s
····Start:   Inlining LCs
····End:     Inlining LCs ..........................................................55.832s
····Start:   R1CS to QAP witness map
······Start:   batch product
········Start:   Batch mult: 131072
··········Start:   King compute wrapper
··········End:     King compute wrapper ............................................1.398s
········End:     Batch mult: 131072 ................................................1.538s
······End:     batch product .......................................................1.555s
····End:     R1CS to QAP witness map ...............................................39.174s
····Start:   crypto
······Start:   Compute C
········Start:   MSM inner
··········Start:   Collecting scalar shares
··········End:     Collecting scalar shares ........................................2.275ms
··········Start:   MSM
············Start:   Base MSM
············End:     Base MSM ......................................................16.739s
··········End:     MSM .............................................................16.740s
········End:     MSM inner .........................................................16.743s
········Start:   MSM inner
··········Start:   Collecting scalar shares
··········End:     Collecting scalar shares ........................................3.600ms
··········Start:   MSM
············Start:   Base MSM
············End:     Base MSM ......................................................1.156s
··········End:     MSM .............................................................1.157s
········End:     MSM inner .........................................................1.163s
KIng compute
······End:     Compute C ...........................................................18.776s
······Start:   Compute A
········Start:   MSM size 220531 220531
··········Start:   MSM inner
············Start:   Collecting scalar shares
············End:     Collecting scalar shares ......................................3.427ms
············Start:   MSM
··············Start:   Base MSM
··············End:     Base MSM ....................................................1.917s
············End:     MSM ...........................................................1.918s
··········End:     MSM inner .......................................................1.923s
········End:     MSM size 220531 220531 ............................................2.712s
KIng compute
······End:     Compute A ...........................................................2.734s
······Start:   Compute B in G1
········Start:   MSM size 220531 220531
··········Start:   MSM inner
············Start:   Collecting scalar shares
············End:     Collecting scalar shares ......................................3.446ms
············Start:   MSM
··············Start:   Base MSM
··············End:     Base MSM ....................................................904.179ms
············End:     MSM ...........................................................904.977ms
··········End:     MSM inner .......................................................910.115ms
········End:     MSM size 220531 220531 ............................................1.668s
······End:     Compute B in G1 .....................................................1.668s
······Start:   Compute B in G2
········Start:   MSM size 220531 220531
··········Start:   MSM inner
············Start:   Collecting scalar shares
············End:     Collecting scalar shares ......................................2.690ms
············Start:   MSM
··············Start:   Base MSM
··············End:     Base MSM ....................................................2.439s
············End:     MSM ...........................................................2.439s
··········End:     MSM inner .......................................................2.444s
········End:     MSM size 220531 220531 ............................................3.218s
KIng compute
······End:     Compute B in G2 .....................................................3.244s
······Start:   Finish C
······End:     Finish C ............................................................33.083µs
····End:     crypto ................................................................26.497s
··End:     Groth16::Prover .........................................................170.216s
··Start:   reveal
····Start:   All opening checks
······Start:   Product check: 1046726
before d
contents : 3, 0, Fp256 "(0000000000000000000000000000000000000000000000000000000000000003)", Fp256 "(0C72439466C86E3995CD88BEE8252000E671A4A9E0000000B161000000000001)", Fp256 "(12AB655E9A2CA55660B44D1E5C37B00114885F32400000000000000000000000)"
after d
······End:     Product check: 1046726 ..............................................2.550s
······Start:   Group product checks: 3
KIng compute
KIng compute
KIng compute
KIng compute
KIng compute
KIng compute
open degree veccc
GROUP G ark_ec::models::short_weierstrass_jacobian::GroupProjective<ark_bls12_377::curves::g1::Parameters>
open degree veccc
GROUP G ark_ec::models::short_weierstrass_jacobian::GroupProjective<ark_bls12_377::curves::g1::Parameters>
······End:     Group product checks: 3 .............................................167.840ms
····End:     All opening checks ....................................................2.901s
open degree veccc
GROUP G ark_ec::models::short_weierstrass_jacobian::GroupAffine<ark_bls12_377::curves::g1::Parameters>
····Start:   All opening checks
····End:     All opening checks ....................................................12.167µs
open degree veccc
GROUP G ark_ec::models::short_weierstrass_jacobian::GroupAffine<ark_bls12_377::curves::g2::Parameters>
····Start:   All opening checks
····End:     All opening checks ....................................................21.375µs
open degree veccc
GROUP G ark_ec::models::short_weierstrass_jacobian::GroupAffine<ark_bls12_377::curves::g1::Parameters>
··End:     reveal ..................................................................3.030s
End:     timed section .............................................................173.249s
Start:   ZKP verification
1:2, 2:3End:     ZKP verification ..........................................................39.106ms
Start:   KZG verification
··Start:   Checking evaluation
··End:     Checking evaluation Result: true.........................................31.820ms
End:     KZG verification ..........................................................31.839ms
Stats: Stats {
    bytes_sent: 33500152,
    bytes_recv: 35523832,
    broadcasts: 40,
    to_king: 915710,
    from_king: 978950,
}
