Start:   Connecting
End:     Connecting ................................................................5.142ms
Start:   KZG10::Setup with degree 102425
··Start:   Generating powers of G
··End:     Generating powers of G ..................................................13.846s
··Start:   Generating powers of gamma * G
··End:     Generating powers of gamma * G ..........................................13.854s
··Start:   Generating negative powers of h in G2
··End:     Generating negative powers of h in G2 ...................................50.442s
End:     KZG10::Setup with degree 102425 ...........................................78.818s
Start:   Committing to polynomial of degree 102425 with hiding_bound: None
··Start:   MSM to compute commitment to plaintext poly
····Start:   Base MSM
····End:     Base MSM ..............................................................757.710ms
··End:     MSM to compute commitment to plaintext poly .............................757.820ms
··Start:   MSM to compute commitment to random poly
····Start:   Base MSM
····End:     Base MSM ..............................................................137.042µs
··End:     MSM to compute commitment to random poly ................................150.041µs
End:     Committing to polynomial of degree 102425 with hiding_bound: None .........757.996ms
Start:   Committing to polynomial of degree 102424 with hiding_bound: None
··Start:   MSM to compute commitment to plaintext poly
····Start:   Base MSM
····End:     Base MSM ..............................................................12.968s
··End:     MSM to compute commitment to plaintext poly .............................12.970s
··Start:   MSM to compute commitment to random poly
····Start:   Base MSM
····End:     Base MSM ..............................................................176.083µs
··End:     MSM to compute commitment to random poly ................................192.750µs
End:     Committing to polynomial of degree 102424 with hiding_bound: None .........12.970s
Start:   Groth16::Generator
··Start:   Constraint synthesis
Number of constraints for Poly 0, avg 0
is setup mode?: true
Number of constraints for FC1 100480 accumulated constraints 100480
Number of constraints for ReLU1 384 accumulated constraints 100864
is setup mode?: true
Number of constraints for FC2 1290 accumulated constraints 102154
Total number of FullCircuit inference constraints 102154
Number of constraints for ArgmaxCircuitU8 Circuit 20150, Accumulated constraints 122304
··End:     Constraint synthesis ....................................................1.435s
··Start:   Inlining LCs
··End:     Inlining LCs ............................................................30.351s
··Start:   Constructing evaluation domain
··End:     Constructing evaluation domain ..........................................122.916µs
··Start:   R1CS to QAP Instance Map with Evaluation
····Start:   Evaluate Lagrange coefficients
····End:     Evaluate Lagrange coefficients ........................................161.005ms
··End:     R1CS to QAP Instance Map with Evaluation ................................734.250ms
··Start:   Compute G2 table
··End:     Compute G2 table ........................................................1.838s
··Start:   Calculate B G2
··End:     Calculate B G2 ..........................................................49.556s
··Start:   Compute G1 window table
··End:     Compute G1 window table .................................................1.628s
··Start:   Generate the R1CS proving key
····Start:   Calculate A
····End:     Calculate A ...........................................................13.985s
····Start:   Calculate B G1
····End:     Calculate B G1 ........................................................13.530s
····Start:   Calculate H
····End:     Calculate H ...........................................................16.114s
····Start:   Calculate L
····End:     Calculate L ...........................................................25.401s
··End:     Generate the R1CS proving key ...........................................69.052s
··Start:   Generate the R1CS verification key
··End:     Generate the R1CS verification key ......................................8.231ms
··Start:   Convert proving key elements to affine
··End:     Convert proving key elements to affine ..................................3.189s
End:     Groth16::Generator ........................................................157.956s
Start:   do the mpc (cheat)
End:     do the mpc (cheat) ........................................................1.459s
Start:   timed section
··Start:   zk sampling
··End:     zk sampling .............................................................34.250µs
··Start:   Groth16::Prover
····Start:   Constraint synthesis
Number of constraints for Poly 0, avg 0
is setup mode?: false
Number of constraints for FC1 100480 accumulated constraints 100480
Number of constraints for ReLU1 384 accumulated constraints 100864
is setup mode?: false
Number of constraints for FC2 1290 accumulated constraints 102154
Total number of FullCircuit inference constraints 102154
