Start:   Connecting
End:     Connecting ................................................................13.054ms
Start:   KZG10::Setup with degree 102425
··Start:   Generating powers of G
··End:     Generating powers of G ..................................................1.982s
··Start:   Generating powers of gamma * G
··End:     Generating powers of gamma * G ..........................................1.981s
··Start:   Generating negative powers of h in G2
··End:     Generating negative powers of h in G2 ...................................6.899s
End:     KZG10::Setup with degree 102425 ...........................................11.006s
Start:   Committing to polynomial of degree 102425 with hiding_bound: None
··Start:   MSM to compute commitment to plaintext poly
····Start:   Base MSM
····End:     Base MSM ..............................................................89.943ms
··End:     MSM to compute commitment to plaintext poly .............................89.963ms
··Start:   MSM to compute commitment to random poly
····Start:   Base MSM
····End:     Base MSM ..............................................................29.634µs
··End:     MSM to compute commitment to random poly ................................35.581µs
End:     Committing to polynomial of degree 102425 with hiding_bound: None .........90.011ms
Start:   Committing to polynomial of degree 102424 with hiding_bound: None
··Start:   MSM to compute commitment to plaintext poly
····Start:   Base MSM
····End:     Base MSM ..............................................................1.730s
··End:     MSM to compute commitment to plaintext poly .............................1.730s
··Start:   MSM to compute commitment to random poly
····Start:   Base MSM
····End:     Base MSM ..............................................................30.300µs
··End:     MSM to compute commitment to random poly ................................36.737µs
End:     Committing to polynomial of degree 102424 with hiding_bound: None .........1.730s
Start:   Groth16::Generator
··Start:   Constraint synthesis
····Start:   Poly constraints
····End:     Poly constraints ......................................................208.082ms
Number of constraints for Poly 204851, avg 1.9999902368539237
····Start:   FC constraints
······Start:   L1 constraints
Number of constraints for FC1 100480 accumulated constraints 305331
······End:     L1 constraints ......................................................260.840ms
······Start:   ReLU constraints
Number of constraints for ReLU1 384 accumulated constraints 305715
······End:     ReLU constraints ....................................................290.094µs
······Start:   L2 constraints
Number of constraints for FC2 1290 accumulated constraints 307005
······End:     L2 constraints ......................................................2.174ms
Total number of FullCircuit inference constraints 307005
····End:     FC constraints ........................................................271.642ms
····Start:   ArgMax constraints
Number of constraints for ArgmaxCircuitU8 Circuit 20150, Accumulated constraints 327155
····End:     ArgMax constraints ....................................................22.639ms
··End:     Constraint synthesis ....................................................510.942ms
··Start:   Inlining LCs
····Start:   Transforming LCs
····End:     Transforming LCs ......................................................615.021ms
··End:     Inlining LCs ............................................................870.280ms
··Start:   Constructing evaluation domain
··End:     Constructing evaluation domain ..........................................24.320µs
··Start:   R1CS to QAP Instance Map with Evaluation
····Start:   Evaluate Lagrange coefficients
····End:     Evaluate Lagrange coefficients ........................................90.969ms
··End:     R1CS to QAP Instance Map with Evaluation ................................667.416ms
··Start:   Compute G2 table
··End:     Compute G2 table ........................................................248.030ms
··Start:   Calculate B G2
··End:     Calculate B G2 ..........................................................7.198s
··Start:   Compute G1 window table
··End:     Compute G1 window table .................................................434.339ms
··Start:   Generate the R1CS proving key
····Start:   Calculate A
····End:     Calculate A ...........................................................6.688s
····Start:   Calculate B G1
····End:     Calculate B G1 ........................................................2.362s
····Start:   Calculate H
····End:     Calculate H ...........................................................9.192s
····Start:   Calculate L
····End:     Calculate L ...........................................................8.834s
··End:     Generate the R1CS proving key ...........................................27.079s
··Start:   Generate the R1CS verification key
··End:     Generate the R1CS verification key ......................................880.343µs
··Start:   Convert proving key elements to affine
··End:     Convert proving key elements to affine ..................................1.450s
End:     Groth16::Generator ........................................................38.512s
Start:   do the mpc (cheat)
End:     do the mpc (cheat) ........................................................50.186ms
Start:   timed section
··Start:   zk sampling
··End:     zk sampling .............................................................1.244µs
··Start:   Groth16::Prover
····Start:   Constraint synthesis
······Start:   Poly constraints
······End:     Poly constraints ....................................................46.334s
Number of constraints for Poly 204851, avg 1.9999902368539237
······Start:   FC constraints
········Start:   L1 constraints
Number of constraints for FC1 100480 accumulated constraints 305331
········End:     L1 constraints ....................................................91.048s
········Start:   ReLU constraints
Number of constraints for ReLU1 384 accumulated constraints 305715
········End:     ReLU constraints ..................................................292.396µs
········Start:   L2 constraints
Number of constraints for FC2 1290 accumulated constraints 307005
········End:     L2 constraints ....................................................1.167s
Total number of FullCircuit inference constraints 307005
······End:     FC constraints ......................................................92.230s
······Start:   ArgMax constraints
Number of constraints for ArgmaxCircuitU8 Circuit 20150, Accumulated constraints 327155
······End:     ArgMax constraints ..................................................29.772ms
····End:     Constraint synthesis ..................................................138.612s
····Start:   Inlining LCs
······Start:   Transforming LCs
······End:     Transforming LCs ....................................................46.833s
····End:     Inlining LCs ..........................................................47.145s
····Start:   R1CS to QAP witness map
······Start:   batch product
······End:     batch product .......................................................1.153s
····End:     R1CS to QAP witness map ...............................................51.566s
····Start:   crypto
······Start:   Compute C
········Start:   MSM inner
··········Start:   Base MSM
··········End:     Base MSM ........................................................7.612s
··········Start:   Base MSM
··········End:     Base MSM ........................................................7.615s
········End:     MSM inner .........................................................15.235s
········Start:   MSM inner
··········Start:   Base MSM
··········End:     Base MSM ........................................................5.369s
··········Start:   Base MSM
··········End:     Base MSM ........................................................5.285s
········End:     MSM inner .........................................................10.663s
········Start:   SS scalar multiplication
········End:     SS scalar multiplication ..........................................1.622ms
······End:     Compute C ...........................................................26.293s
······Start:   Compute A
········Start:   MSM size 527359 527359
··········Start:   MSM inner
············Start:   Base MSM
············End:     Base MSM ......................................................4.013s
············Start:   Base MSM
············End:     Base MSM ......................................................3.985s
··········End:     MSM inner .......................................................8.007s
········End:     MSM size 527359 527359 ............................................8.378s
········Start:   SS scalar multiplication
········End:     SS scalar multiplication ..........................................1.741ms
······End:     Compute A ...........................................................8.381s
······Start:   Compute B in G1
········Start:   MSM size 527359 527359
··········Start:   MSM inner
············Start:   Base MSM
············End:     Base MSM ......................................................2.190s
············Start:   Base MSM
············End:     Base MSM ......................................................2.187s
··········End:     MSM inner .......................................................4.386s
········End:     MSM size 527359 527359 ............................................4.726s
······End:     Compute B in G1 .....................................................4.726s
······Start:   Compute B in G2
········Start:   MSM size 527359 527359
··········Start:   MSM inner
············Start:   Base MSM
············End:     Base MSM ......................................................7.624s
············Start:   Base MSM
············End:     Base MSM ......................................................7.615s
··········End:     MSM inner .......................................................15.247s
········End:     MSM size 527359 527359 ............................................15.620s
········Start:   SS scalar multiplication
········End:     SS scalar multiplication ..........................................1.855ms
······End:     Compute B in G2 .....................................................15.624s
······Start:   Finish C
······End:     Finish C ............................................................8.565µs
····End:     crypto ................................................................55.183s
··End:     Groth16::Prover .........................................................292.507s
··Start:   reveal
··End:     reveal ..................................................................5.667ms
End:     timed section .............................................................292.515s
Start:   ZKP verification
1:2, 2:3End:     ZKP verification ..........................................................13.634ms
Start:   KZG verification
··Start:   Checking evaluation
··End:     Checking evaluation Result: true.........................................4.262ms
End:     KZG verification ..........................................................4.274ms
Stats: Stats {
    bytes_sent: 330471552,
    bytes_recv: 327941952,
    broadcasts: 6113271,
    to_king: 0,
    from_king: 63240,
}
