Start:   Connecting
End:     Connecting ................................................................13.329ms
Start:   KZG10::Setup with degree 102425
··Start:   Generating powers of G
··End:     Generating powers of G ..................................................1.987s
··Start:   Generating powers of gamma * G
··End:     Generating powers of gamma * G ..........................................1.987s
··Start:   Generating negative powers of h in G2
··End:     Generating negative powers of h in G2 ...................................6.906s
End:     KZG10::Setup with degree 102425 ...........................................11.024s
Start:   Committing to polynomial of degree 102425 with hiding_bound: None
··Start:   MSM to compute commitment to plaintext poly
····Start:   Base MSM
····End:     Base MSM ..............................................................89.924ms
··End:     MSM to compute commitment to plaintext poly .............................89.946ms
··Start:   MSM to compute commitment to random poly
····Start:   Base MSM
····End:     Base MSM ..............................................................29.766µs
··End:     MSM to compute commitment to random poly ................................35.632µs
End:     Committing to polynomial of degree 102425 with hiding_bound: None .........89.995ms
Start:   Committing to polynomial of degree 102424 with hiding_bound: None
··Start:   MSM to compute commitment to plaintext poly
····Start:   Base MSM
····End:     Base MSM ..............................................................1.732s
··End:     MSM to compute commitment to plaintext poly .............................1.732s
··Start:   MSM to compute commitment to random poly
····Start:   Base MSM
····End:     Base MSM ..............................................................30.907µs
··End:     MSM to compute commitment to random poly ................................36.960µs
End:     Committing to polynomial of degree 102424 with hiding_bound: None .........1.732s
Start:   Marlin::UniversalSetup with max_degree 3145727, computed for a maximum of 1000000 constraints, 1000000 vars, 1000000 non_zero
··Start:   KZG10::Setup with degree 3145727
····Start:   Generating powers of G
····End:     Generating powers of G ................................................51.792s
····Start:   Generating powers of gamma * G
····End:     Generating powers of gamma * G ........................................51.764s
····Start:   Generating negative powers of h in G2
····End:     Generating negative powers of h in G2 .................................397ns
··End:     KZG10::Setup with degree 3145727 ........................................108.266s
End:     Marlin::UniversalSetup with max_degree 3145727, computed for a maximum of 1000000 constraints, 1000000 vars, 1000000 non_zero 108.306s
Start:   Marlin::Index
··Start:   AHP::Index
····Start:   Generating constraints
······Start:   Poly constraints
······End:     Poly constraints ....................................................174.344ms
Number of constraints for Poly 204851, avg 1.9999902368539237
······Start:   FC constraints
········Start:   L1 constraints
Number of constraints for FC1 100480 accumulated constraints 305331
········End:     L1 constraints ....................................................259.914ms
········Start:   ReLU constraints
Number of constraints for ReLU1 384 accumulated constraints 305715
········End:     ReLU constraints ..................................................855.394µs
········Start:   L2 constraints
Number of constraints for FC2 1290 accumulated constraints 307005
········End:     L2 constraints ....................................................2.173ms
Total number of FullCircuit inference constraints 307005
······End:     FC constraints ......................................................271.440ms
······Start:   ArgMax constraints
Number of constraints for ArgmaxCircuitU8 Circuit 20150, Accumulated constraints 327155
······End:     ArgMax constraints ..................................................22.389ms
····End:     Generating constraints ................................................477.378ms
····Start:   Padding matrices to make them square
····End:     Padding matrices to make them square ..................................17.628µs
····Start:   Processing matrices
······Start:   Transforming LCs
······End:     Transforming LCs ....................................................616.340ms
····End:     Processing matrices ...................................................1.255s
····Start:   Arithmetizing A
······Start:   Computing row, col, and val LDEs
········Start:   Precomputing eq_poly_vals
········End:     Precomputing eq_poly_vals .........................................970.921ms
········Start:   Computing row, col and val evals
········End:     Computing row, col and val evals ..................................585.992ms
········Start:   Interpolating on K and B
········End:     Interpolating on K and B ..........................................12.265s
······End:     Computing row, col, and val LDEs ....................................13.915s
····End:     Arithmetizing A .......................................................13.925s
····Start:   Arithmetizing B
······Start:   Computing row, col, and val LDEs
········Start:   Precomputing eq_poly_vals
········End:     Precomputing eq_poly_vals .........................................970.096ms
········Start:   Computing row, col and val evals
········End:     Computing row, col and val evals ..................................576.675ms
········Start:   Interpolating on K and B
········End:     Interpolating on K and B ..........................................12.152s
······End:     Computing row, col, and val LDEs ....................................13.787s
····End:     Arithmetizing B .......................................................13.797s
····Start:   Arithmetizing C
······Start:   Computing row, col, and val LDEs
········Start:   Precomputing eq_poly_vals
········End:     Precomputing eq_poly_vals .........................................971.055ms
········Start:   Computing row, col and val evals
········End:     Computing row, col and val evals ..................................471.182ms
········Start:   Interpolating on K and B
········End:     Interpolating on K and B ..........................................12.383s
······End:     Computing row, col, and val LDEs ....................................13.952s
····End:     Arithmetizing C .......................................................13.962s
··End:     AHP::Index ..............................................................43.417s
··Start:   Constructing `powers` of size 3145727 for unshifted polys
··End:     Constructing `powers` of size 3145727 for unshifted polys ...............218.936ms
··Start:   Constructing `shifted_powers` of size 1048575
··End:     Constructing `shifted_powers` of size 1048575 ...........................72.969ms
··Start:   Commit to index polynomials
····Start:   Committing to polynomials
······Start:   Polynomial a_row of degree 1048575, degree bound None, and hiding bound None
········Start:   Committing to polynomial of degree 1048575 with hiding_bound: None
··········Start:   MSM to compute commitment to plaintext poly
············Start:   Base MSM
············End:     Base MSM ......................................................14.648s
··········End:     MSM to compute commitment to plaintext poly .....................14.648s
··········Start:   MSM to compute commitment to random poly
············Start:   Base MSM
············End:     Base MSM ......................................................35.789µs
··········End:     MSM to compute commitment to random poly ........................52.684µs
········End:     Committing to polynomial of degree 1048575 with hiding_bound: None 14.648s
······End:     Polynomial a_row of degree 1048575, degree bound None, and hiding bound None 14.648s
······Start:   Polynomial a_col of degree 1048575, degree bound None, and hiding bound None
········Start:   Committing to polynomial of degree 1048575 with hiding_bound: None
··········Start:   MSM to compute commitment to plaintext poly
············Start:   Base MSM
············End:     Base MSM ......................................................14.643s
··········End:     MSM to compute commitment to plaintext poly .....................14.643s
··········Start:   MSM to compute commitment to random poly
············Start:   Base MSM
············End:     Base MSM ......................................................31.723µs
··········End:     MSM to compute commitment to random poly ........................42.516µs
········End:     Committing to polynomial of degree 1048575 with hiding_bound: None 14.643s
······End:     Polynomial a_col of degree 1048575, degree bound None, and hiding bound None 14.644s
······Start:   Polynomial a_val of degree 1048575, degree bound None, and hiding bound None
········Start:   Committing to polynomial of degree 1048575 with hiding_bound: None
··········Start:   MSM to compute commitment to plaintext poly
············Start:   Base MSM
············End:     Base MSM ......................................................14.647s
··········End:     MSM to compute commitment to plaintext poly .....................14.647s
··········Start:   MSM to compute commitment to random poly
············Start:   Base MSM
············End:     Base MSM ......................................................31.774µs
··········End:     MSM to compute commitment to random poly ........................40.580µs
········End:     Committing to polynomial of degree 1048575 with hiding_bound: None 14.647s
······End:     Polynomial a_val of degree 1048575, degree bound None, and hiding bound None 14.647s
······Start:   Polynomial a_row_col of degree 1048575, degree bound None, and hiding bound None
········Start:   Committing to polynomial of degree 1048575 with hiding_bound: None
··········Start:   MSM to compute commitment to plaintext poly
············Start:   Base MSM
············End:     Base MSM ......................................................14.645s
··········End:     MSM to compute commitment to plaintext poly .....................14.645s
··········Start:   MSM to compute commitment to random poly
············Start:   Base MSM
············End:     Base MSM ......................................................32.535µs
··········End:     MSM to compute commitment to random poly ........................39.409µs
········End:     Committing to polynomial of degree 1048575 with hiding_bound: None 14.645s
······End:     Polynomial a_row_col of degree 1048575, degree bound None, and hiding bound None 14.645s
······Start:   Polynomial b_row of degree 1048575, degree bound None, and hiding bound None
········Start:   Committing to polynomial of degree 1048575 with hiding_bound: None
··········Start:   MSM to compute commitment to plaintext poly
············Start:   Base MSM
············End:     Base MSM ......................................................14.642s
··········End:     MSM to compute commitment to plaintext poly .....................14.642s
··········Start:   MSM to compute commitment to random poly
············Start:   Base MSM
············End:     Base MSM ......................................................32.159µs
··········End:     MSM to compute commitment to random poly ........................50.124µs
········End:     Committing to polynomial of degree 1048575 with hiding_bound: None 14.642s
······End:     Polynomial b_row of degree 1048575, degree bound None, and hiding bound None 14.642s
······Start:   Polynomial b_col of degree 1048575, degree bound None, and hiding bound None
········Start:   Committing to polynomial of degree 1048575 with hiding_bound: None
··········Start:   MSM to compute commitment to plaintext poly
············Start:   Base MSM
············End:     Base MSM ......................................................14.642s
··········End:     MSM to compute commitment to plaintext poly .....................14.642s
··········Start:   MSM to compute commitment to random poly
············Start:   Base MSM
············End:     Base MSM ......................................................31.644µs
··········End:     MSM to compute commitment to random poly ........................38.600µs
········End:     Committing to polynomial of degree 1048575 with hiding_bound: None 14.642s
······End:     Polynomial b_col of degree 1048575, degree bound None, and hiding bound None 14.642s
······Start:   Polynomial b_val of degree 1048575, degree bound None, and hiding bound None
········Start:   Committing to polynomial of degree 1048575 with hiding_bound: None
··········Start:   MSM to compute commitment to plaintext poly
············Start:   Base MSM
············End:     Base MSM ......................................................14.643s
··········End:     MSM to compute commitment to plaintext poly .....................14.643s
··········Start:   MSM to compute commitment to random poly
············Start:   Base MSM
············End:     Base MSM ......................................................31.426µs
··········End:     MSM to compute commitment to random poly ........................39.490µs
········End:     Committing to polynomial of degree 1048575 with hiding_bound: None 14.643s
······End:     Polynomial b_val of degree 1048575, degree bound None, and hiding bound None 14.643s
······Start:   Polynomial b_row_col of degree 1048575, degree bound None, and hiding bound None
········Start:   Committing to polynomial of degree 1048575 with hiding_bound: None
··········Start:   MSM to compute commitment to plaintext poly
············Start:   Base MSM
············End:     Base MSM ......................................................14.643s
··········End:     MSM to compute commitment to plaintext poly .....................14.643s
··········Start:   MSM to compute commitment to random poly
············Start:   Base MSM
············End:     Base MSM ......................................................32.290µs
··········End:     MSM to compute commitment to random poly ........................40.516µs
········End:     Committing to polynomial of degree 1048575 with hiding_bound: None 14.643s
······End:     Polynomial b_row_col of degree 1048575, degree bound None, and hiding bound None 14.643s
······Start:   Polynomial c_row of degree 1048575, degree bound None, and hiding bound None
········Start:   Committing to polynomial of degree 1048575 with hiding_bound: None
··········Start:   MSM to compute commitment to plaintext poly
············Start:   Base MSM
············End:     Base MSM ......................................................14.645s
··········End:     MSM to compute commitment to plaintext poly .....................14.645s
··········Start:   MSM to compute commitment to random poly
············Start:   Base MSM
············End:     Base MSM ......................................................30.982µs
··········End:     MSM to compute commitment to random poly ........................37.622µs
········End:     Committing to polynomial of degree 1048575 with hiding_bound: None 14.645s
······End:     Polynomial c_row of degree 1048575, degree bound None, and hiding bound None 14.645s
······Start:   Polynomial c_col of degree 1048575, degree bound None, and hiding bound None
········Start:   Committing to polynomial of degree 1048575 with hiding_bound: None
··········Start:   MSM to compute commitment to plaintext poly
············Start:   Base MSM
············End:     Base MSM ......................................................14.644s
··········End:     MSM to compute commitment to plaintext poly .....................14.644s
··········Start:   MSM to compute commitment to random poly
············Start:   Base MSM
············End:     Base MSM ......................................................33.239µs
··········End:     MSM to compute commitment to random poly ........................42.015µs
········End:     Committing to polynomial of degree 1048575 with hiding_bound: None 14.644s
······End:     Polynomial c_col of degree 1048575, degree bound None, and hiding bound None 14.644s
······Start:   Polynomial c_val of degree 1048575, degree bound None, and hiding bound None
········Start:   Committing to polynomial of degree 1048575 with hiding_bound: None
··········Start:   MSM to compute commitment to plaintext poly
············Start:   Base MSM
············End:     Base MSM ......................................................14.647s
··········End:     MSM to compute commitment to plaintext poly .....................14.647s
··········Start:   MSM to compute commitment to random poly
············Start:   Base MSM
············End:     Base MSM ......................................................32.160µs
··········End:     MSM to compute commitment to random poly ........................40.281µs
········End:     Committing to polynomial of degree 1048575 with hiding_bound: None 14.647s
······End:     Polynomial c_val of degree 1048575, degree bound None, and hiding bound None 14.647s
······Start:   Polynomial c_row_col of degree 1048575, degree bound None, and hiding bound None
········Start:   Committing to polynomial of degree 1048575 with hiding_bound: None
··········Start:   MSM to compute commitment to plaintext poly
············Start:   Base MSM
············End:     Base MSM ......................................................14.663s
··········End:     MSM to compute commitment to plaintext poly .....................14.663s
··········Start:   MSM to compute commitment to random poly
············Start:   Base MSM
············End:     Base MSM ......................................................31.899µs
··········End:     MSM to compute commitment to random poly ........................39.863µs
········End:     Committing to polynomial of degree 1048575 with hiding_bound: None 14.663s
······End:     Polynomial c_row_col of degree 1048575, degree bound None, and hiding bound None 14.663s
····End:     Committing to polynomials .............................................175.759s
··End:     Commit to index polynomials .............................................175.759s
End:     Marlin::Index .............................................................219.600s
Start:   do the mpc (cheat)
End:     do the mpc (cheat) ........................................................58.657ms
Start:   timed section
··Start:   Marlin::Prover
····Start:   AHP::Prover::Init
······Start:   Generating constraints and witnesses
········Start:   Poly constraints
········End:     Poly constraints ..................................................45.615s
Number of constraints for Poly 204851, avg 1.9999902368539237
········Start:   FC constraints
··········Start:   L1 constraints
Number of constraints for FC1 100480 accumulated constraints 305331
··········End:     L1 constraints ..................................................89.509s
··········Start:   ReLU constraints
Number of constraints for ReLU1 384 accumulated constraints 305715
··········End:     ReLU constraints ................................................287.732µs
··········Start:   L2 constraints
Number of constraints for FC2 1290 accumulated constraints 307005
··········End:     L2 constraints ..................................................1.145s
Total number of FullCircuit inference constraints 307005
········End:     FC constraints ....................................................90.660s
········Start:   ArgMax constraints
Number of constraints for ArgmaxCircuitU8 Circuit 20150, Accumulated constraints 327155
········End:     ArgMax constraints ................................................29.231ms
······End:     Generating constraints and witnesses ................................136.326s
······Start:   Padding matrices to make them square
········Start:   Transforming LCs
········End:     Transforming LCs ..................................................46.087s
······End:     Padding matrices to make them square ................................46.444s
······Start:   Evaluating z_A
······End:     Evaluating z_A ......................................................38.180ms
······Start:   Evaluating z_B
······End:     Evaluating z_B ......................................................44.683ms
····End:     AHP::Prover::Init .....................................................182.861s
[Public(Fp256(BigInteger256([12511269383268358948, 4828213157093938257, 2570742922658549268, 392402707734892692]))), Public(Fp256(BigInteger256([7943865854407510139, 18348841559912114699, 2756249322742788780, 557072793280971030]))), Public(Fp256(BigInteger256([0, 0, 0, 0])))]
····Start:   AHP::Prover::FirstRound
······Start:   Computing x polynomial and evals
······End:     Computing x polynomial and evals ....................................526.656ms
······Start:   Computing w polynomial
······End:     Computing w polynomial ..............................................6.980s
······Start:   Computing z_A polynomial
······End:     Computing z_A polynomial ............................................6.590s
······Start:   Computing z_B polynomial
······End:     Computing z_B polynomial ............................................6.580s
······Start:   Computing mask polynomial
······End:     Computing mask polynomial ...........................................1.885s
····End:     AHP::Prover::FirstRound ...............................................22.749s
····Start:   Committing to first round polys
······Start:   Committing to polynomials
········Start:   Polynomial w of degree 1048572, degree bound None, and hiding bound Some(1)
··········Start:   Committing to polynomial of degree 1048572 with hiding_bound: Some(1)
············Start:   MSM to compute commitment to plaintext poly
··············Start:   MSM inner
················Start:   Base MSM
················End:     Base MSM ..................................................14.549s
················Start:   Base MSM
················End:     Base MSM ..................................................14.543s
··············End:     MSM inner ...................................................29.109s
············End:     MSM to compute commitment to plaintext poly ...................29.452s
············Start:   Sampling a random polynomial of degree 1
············End:     Sampling a random polynomial of degree 1 ......................3.075µs
············Start:   MSM to compute commitment to random poly
··············Start:   MSM inner
················Start:   Base MSM
················End:     Base MSM ..................................................710.097µs
················Start:   Base MSM
················End:     Base MSM ..................................................680.070µs
··············End:     MSM inner ...................................................1.429ms
············End:     MSM to compute commitment to random poly ......................1.438ms
··········End:     Committing to polynomial of degree 1048572 with hiding_bound: Some(1) 29.454s
········End:     Polynomial w of degree 1048572, degree bound None, and hiding bound Some(1) 29.454s
········Start:   Polynomial z_a of degree 2097151, degree bound None, and hiding bound Some(1)
··········Start:   Committing to polynomial of degree 2097151 with hiding_bound: Some(1)
············Start:   MSM to compute commitment to plaintext poly
··············Start:   MSM inner
················Start:   Base MSM
················End:     Base MSM ..................................................14.787s
················Start:   Base MSM
················End:     Base MSM ..................................................14.749s
··············End:     MSM inner ...................................................29.567s
············End:     MSM to compute commitment to plaintext poly ...................29.946s
············Start:   Sampling a random polynomial of degree 1
············End:     Sampling a random polynomial of degree 1 ......................3.654µs
············Start:   MSM to compute commitment to random poly
··············Start:   MSM inner
················Start:   Base MSM
················End:     Base MSM ..................................................729.186µs
················Start:   Base MSM
················End:     Base MSM ..................................................693.714µs
··············End:     MSM inner ...................................................1.462ms
············End:     MSM to compute commitment to random poly ......................1.471ms
··········End:     Committing to polynomial of degree 2097151 with hiding_bound: Some(1) 29.948s
········End:     Polynomial z_a of degree 2097151, degree bound None, and hiding bound Some(1) 29.948s
········Start:   Polynomial z_b of degree 2097151, degree bound None, and hiding bound Some(1)
··········Start:   Committing to polynomial of degree 2097151 with hiding_bound: Some(1)
············Start:   MSM to compute commitment to plaintext poly
··············Start:   MSM inner
················Start:   Base MSM
················End:     Base MSM ..................................................14.787s
················Start:   Base MSM
················End:     Base MSM ..................................................14.758s
··············End:     MSM inner ...................................................29.576s
············End:     MSM to compute commitment to plaintext poly ...................29.965s
············Start:   Sampling a random polynomial of degree 1
············End:     Sampling a random polynomial of degree 1 ......................2.658µs
············Start:   MSM to compute commitment to random poly
··············Start:   MSM inner
················Start:   Base MSM
················End:     Base MSM ..................................................696.157µs
················Start:   Base MSM
················End:     Base MSM ..................................................683.670µs
··············End:     MSM inner ...................................................1.419ms
············End:     MSM to compute commitment to random poly ......................1.429ms
··········End:     Committing to polynomial of degree 2097151 with hiding_bound: Some(1) 29.966s
········End:     Polynomial z_b of degree 2097151, degree bound None, and hiding bound Some(1) 29.966s
········Start:   Polynomial mask_poly of degree 3145727, degree bound None, and hiding bound None
··········Start:   Committing to polynomial of degree 3145727 with hiding_bound: None
············Start:   MSM to compute commitment to plaintext poly
··············Start:   MSM inner
················Start:   Base MSM
················End:     Base MSM ..................................................42.604s
················Start:   Base MSM
················End:     Base MSM ..................................................42.619s
··············End:     MSM inner ...................................................85.276s
············End:     MSM to compute commitment to plaintext poly ...................85.822s
············Start:   MSM to compute commitment to random poly
··············Start:   MSM inner
················Start:   Base MSM
················End:     Base MSM ..................................................34.198µs
················Start:   Base MSM
················End:     Base MSM ..................................................28.025µs
··············End:     MSM inner ...................................................76.373µs
············End:     MSM to compute commitment to random poly ......................85.093µs
··········End:     Committing to polynomial of degree 3145727 with hiding_bound: None 85.822s
········End:     Polynomial mask_poly of degree 3145727, degree bound None, and hiding bound None 85.822s
······End:     Committing to polynomials ...........................................175.191s
····End:     Committing to first round polys .......................................175.344s
····Start:   FS absorb first round polys
····End:     FS absorb first round polys ...........................................11.284µs
····Start:   first round ver
Sampling now..
Sampled ..
····End:     first round ver .......................................................36.748µs
····Start:   AHP::Prover::SecondRound
······Start:   Compute z_m poly
········Start:   z_a * z_b
········End:     z_a * z_b .........................................................24.569s
······End:     Compute z_m poly ....................................................25.070s
······Start:   Compute r_alpha_x evals
······End:     Compute r_alpha_x evals .............................................203.891ms
······Start:   Compute r_alpha_x poly
······End:     Compute r_alpha_x poly ..............................................860.896ms
······Start:   Compute t poly
······End:     Compute t poly ......................................................997.737ms
······Start:   Compute z poly
······End:     Compute z poly ......................................................29.681ms
······Start:   Compute q_1 poly
······End:     Compute q_1 poly ....................................................47.548s
······Start:   Compute sumcheck h and g polys
······End:     Compute sumcheck h and g polys ......................................2.277s
····End:     AHP::Prover::SecondRound ..............................................76.988s
····Start:   Committing to second round polys
······Start:   Committing to polynomials
········Start:   Polynomial t of degree 1048575, degree bound None, and hiding bound None
··········Start:   Committing to polynomial of degree 1048575 with hiding_bound: None
············Start:   MSM to compute commitment to plaintext poly
··············Start:   MSM inner
················Start:   do msm
··················Start:   Base MSM
··················End:     Base MSM ................................................14.582s
················End:     do msm ....................................................14.582s
················Start:   cast
················End:     cast ......................................................1.622µs
··············End:     MSM inner ...................................................14.582s
············End:     MSM to compute commitment to plaintext poly ...................14.902s
············Start:   MSM to compute commitment to random poly
··············Start:   MSM inner
················Start:   Base MSM
················End:     Base MSM ..................................................40.044µs
················Start:   Base MSM
················End:     Base MSM ..................................................27.151µs
··············End:     MSM inner ...................................................81.309µs
············End:     MSM to compute commitment to random poly ......................90.065µs
··········End:     Committing to polynomial of degree 1048575 with hiding_bound: None 14.902s
········End:     Polynomial t of degree 1048575, degree bound None, and hiding bound None 14.902s
········Start:   Polynomial g_1 of degree 1048574, degree bound Some(1048574), and hiding bound Some(1)
··········Start:   Committing to polynomial of degree 1048574 with hiding_bound: Some(1)
············Start:   MSM to compute commitment to plaintext poly
··············Start:   MSM inner
················Start:   Base MSM
················End:     Base MSM ..................................................14.531s
················Start:   Base MSM
················End:     Base MSM ..................................................14.528s
··············End:     MSM inner ...................................................29.075s
············End:     MSM to compute commitment to plaintext poly ...................29.405s
············Start:   Sampling a random polynomial of degree 1
············End:     Sampling a random polynomial of degree 1 ......................3.566µs
············Start:   MSM to compute commitment to random poly
··············Start:   MSM inner
················Start:   Base MSM
················End:     Base MSM ..................................................694.664µs
················Start:   Base MSM
················End:     Base MSM ..................................................675.053µs
··············End:     MSM inner ...................................................1.410ms
············End:     MSM to compute commitment to random poly ......................1.419ms
··········End:     Committing to polynomial of degree 1048574 with hiding_bound: Some(1) 29.407s
··········Start:   Committing to polynomial of degree 1048574 with hiding_bound: Some(1)
············Start:   MSM to compute commitment to plaintext poly
··············Start:   MSM inner
················Start:   Base MSM
················End:     Base MSM ..................................................14.534s
················Start:   Base MSM
················End:     Base MSM ..................................................14.520s
··············End:     MSM inner ...................................................29.072s
············End:     MSM to compute commitment to plaintext poly ...................29.224s
············Start:   Sampling a random polynomial of degree 1
············End:     Sampling a random polynomial of degree 1 ......................2.676µs
············Start:   MSM to compute commitment to random poly
··············Start:   MSM inner
················Start:   Base MSM
················End:     Base MSM ..................................................713.985µs
················Start:   Base MSM
················End:     Base MSM ..................................................687.684µs
··············End:     MSM inner ...................................................1.441ms
············End:     MSM to compute commitment to random poly ......................1.450ms
··········End:     Committing to polynomial of degree 1048574 with hiding_bound: Some(1) 29.226s
········End:     Polynomial g_1 of degree 1048574, degree bound Some(1048574), and hiding bound Some(1) 58.633s
········Start:   Polynomial h_1 of degree 2097151, degree bound None, and hiding bound None
··········Start:   Committing to polynomial of degree 2097151 with hiding_bound: None
············Start:   MSM to compute commitment to plaintext poly
··············Start:   MSM inner
················Start:   Base MSM
················End:     Base MSM ..................................................28.116s
················Start:   Base MSM
················End:     Base MSM ..................................................28.089s
··············End:     MSM inner ...................................................56.236s
············End:     MSM to compute commitment to plaintext poly ...................56.688s
············Start:   MSM to compute commitment to random poly
··············Start:   MSM inner
················Start:   Base MSM
················End:     Base MSM ..................................................32.232µs
················Start:   Base MSM
················End:     Base MSM ..................................................27.196µs
··············End:     MSM inner ...................................................73.110µs
············End:     MSM to compute commitment to random poly ......................81.877µs
··········End:     Committing to polynomial of degree 2097151 with hiding_bound: None 56.688s
········End:     Polynomial h_1 of degree 2097151, degree bound None, and hiding bound None 56.688s
······End:     Committing to polynomials ...........................................130.223s
····End:     Committing to second round polys ......................................130.223s
····Start:   AHP::Prover::ThirdRound
······Start:   Computing f evals on K
······End:     Computing f evals on K ..............................................936.120ms
······Start:   Computing f poly
······End:     Computing f poly ....................................................905.096ms
······Start:   Computing denominator evals on B
······End:     Computing denominator evals on B ....................................2.118s
······Start:   Computing a evals on B
······End:     Computing a evals on B ..............................................1.788s
······Start:   Computing a poly
······End:     Computing a poly ....................................................4.561s
······Start:   Computing b evals on B
······End:     Computing b evals on B ..............................................424.089ms
······Start:   Computing b poly
······End:     Computing b poly ....................................................4.668s
······Start:   Computing sumcheck h poly
······End:     Computing sumcheck h poly ...........................................11.704s
····End:     AHP::Prover::ThirdRound ...............................................27.158s
····Start:   Committing to third round polys
······Start:   Committing to polynomials
········Start:   Polynomial g_2 of degree 1048574, degree bound Some(1048574), and hiding bound None
··········Start:   Committing to polynomial of degree 1048574 with hiding_bound: None
············Start:   MSM to compute commitment to plaintext poly
··············Start:   MSM inner
················Start:   do msm
··················Start:   Base MSM
··················End:     Base MSM ................................................14.529s
················End:     do msm ....................................................14.529s
················Start:   cast
················End:     cast ......................................................1.873µs
··············End:     MSM inner ...................................................14.529s
············End:     MSM to compute commitment to plaintext poly ...................14.852s
············Start:   MSM to compute commitment to random poly
··············Start:   MSM inner
················Start:   Base MSM
················End:     Base MSM ..................................................40.116µs
················Start:   Base MSM
················End:     Base MSM ..................................................28.054µs
··············End:     MSM inner ...................................................82.335µs
············End:     MSM to compute commitment to random poly ......................91.068µs
··········End:     Committing to polynomial of degree 1048574 with hiding_bound: None 14.852s
··········Start:   Committing to polynomial of degree 1048574 with hiding_bound: None
············Start:   MSM to compute commitment to plaintext poly
··············Start:   MSM inner
················Start:   do msm
··················Start:   Base MSM
··················End:     Base MSM ................................................14.526s
················End:     do msm ....................................................14.526s
················Start:   cast
················End:     cast ......................................................1.603µs
··············End:     MSM inner ...................................................14.526s
············End:     MSM to compute commitment to plaintext poly ...................14.666s
············Start:   MSM to compute commitment to random poly
··············Start:   MSM inner
················Start:   Base MSM
················End:     Base MSM ..................................................40.165µs
················Start:   Base MSM
················End:     Base MSM ..................................................39.697µs
··············End:     MSM inner ...................................................93.912µs
············End:     MSM to compute commitment to random poly ......................124.063µs
··········End:     Committing to polynomial of degree 1048574 with hiding_bound: None 14.666s
········End:     Polynomial g_2 of degree 1048574, degree bound Some(1048574), and hiding bound None 29.519s
········Start:   Polynomial h_2 of degree 3145724, degree bound None, and hiding bound None
··········Start:   Committing to polynomial of degree 3145724 with hiding_bound: None
············Start:   MSM to compute commitment to plaintext poly
··············Start:   MSM inner
················Start:   do msm
··················Start:   Base MSM
··················End:     Base MSM ................................................42.434s
················End:     do msm ....................................................42.434s
················Start:   cast
················End:     cast ......................................................1.746µs
··············End:     MSM inner ...................................................42.434s
············End:     MSM to compute commitment to plaintext poly ...................42.964s
············Start:   MSM to compute commitment to random poly
··············Start:   MSM inner
················Start:   Base MSM
················End:     Base MSM ..................................................36.959µs
················Start:   Base MSM
················End:     Base MSM ..................................................27.276µs
··············End:     MSM inner ...................................................78.523µs
············End:     MSM to compute commitment to random poly ......................86.973µs
··········End:     Committing to polynomial of degree 3145724 with hiding_bound: None 42.964s
········End:     Polynomial h_2 of degree 3145724, degree bound None, and hiding bound None 42.964s
······End:     Committing to polynomials ...........................................72.483s
····End:     Committing to third round polys .......................................72.483s
····Start:   Evaluating linear combinations over query set
····End:     Evaluating linear combinations over query set .........................1.668s
····Start:   Openning combinations
······Start:   Opening 9 polynomials at query set of size 9
········Start:   Creating proof
··········Start:   Computing witness polynomial
··········End:     Computing witness polynomial ....................................432.993ms
··········Start:   Computing random witness polynomial
··········End:     Computing random witness polynomial .............................29.879µs
··········Start:   Creating proof for unshifted polynomials
············Start:   Opening polynomial of degree 3145727
··············Start:   Computing witness polynomials
················Start:   Computing witness polynomial
················End:     Computing witness polynomial ..............................1.867s
················Start:   Computing random witness polynomial
················End:     Computing random witness polynomial .......................15.036µs
··············End:     Computing witness polynomials ...............................1.867s
··············Start:   Computing commitment to witness polynomial
················Start:   MSM inner
··················Start:   Base MSM
··················End:     Base MSM ................................................42.667s
··················Start:   Base MSM
··················End:     Base MSM ................................................42.710s
················End:     MSM inner .................................................85.517s
··············End:     Computing commitment to witness polynomial ..................86.150s
··············Start:   Evaluating random polynomial
··············End:     Evaluating random polynomial ................................2.520µs
··············Start:   Computing commitment to random witness polynomial
················Start:   MSM inner
··················Start:   Base MSM
··················End:     Base MSM ................................................575.643µs
··················Start:   Base MSM
··················End:     Base MSM ................................................533.193µs
················End:     MSM inner .................................................1.150ms
··············End:     Computing commitment to random witness polynomial ...........1.160ms
············End:     Opening polynomial of degree 3145727 ..........................88.019s
··········End:     Creating proof for unshifted polynomials ........................88.028s
··········Start:   Creating proof for shifted polynomials
············Start:   Computing commitment to witness polynomial
··············Start:   MSM inner
················Start:   Base MSM
················End:     Base MSM ..................................................14.527s
················Start:   Base MSM
················End:     Base MSM ..................................................14.525s
··············End:     MSM inner ...................................................29.070s
············End:     Computing commitment to witness polynomial ....................29.262s
············Start:   Evaluating random polynomial
············End:     Evaluating random polynomial ..................................2.462µs
············Start:   Computing commitment to random witness polynomial
··············Start:   MSM inner
················Start:   Base MSM
················End:     Base MSM ..................................................557.357µs
················Start:   Base MSM
················End:     Base MSM ..................................................548.650µs
··············End:     MSM inner ...................................................1.145ms
············End:     Computing commitment to random witness polynomial .............1.156ms
··········End:     Creating proof for shifted polynomials ..........................29.264s
········End:     Creating proof ....................................................118.694s
········Start:   Creating proof
··········Start:   Computing witness polynomial
··········End:     Computing witness polynomial ....................................250.016ms
··········Start:   Creating proof for unshifted polynomials
············Start:   Opening polynomial of degree 3145724
··············Start:   Computing witness polynomials
················Start:   Computing witness polynomial
················End:     Computing witness polynomial ..............................767.604ms
··············End:     Computing witness polynomials ...............................767.632ms
··············Start:   Computing commitment to witness polynomial
················Start:   MSM inner
··················Start:   do msm
····················Start:   Base MSM
····················End:     Base MSM ..............................................42.643s
··················End:     do msm ..................................................42.647s
··················Start:   cast
··················End:     cast ....................................................1.992µs
················End:     MSM inner .................................................42.647s
··············End:     Computing commitment to witness polynomial ..................43.219s
············End:     Opening polynomial of degree 3145724 ..........................43.986s
··········End:     Creating proof for unshifted polynomials ........................43.994s
··········Start:   Creating proof for shifted polynomials
············Start:   Computing commitment to witness polynomial
··············Start:   MSM inner
················Start:   do msm
··················Start:   Base MSM
··················End:     Base MSM ................................................14.592s
················End:     do msm ....................................................14.592s
················Start:   cast
················End:     cast ......................................................1.619µs
··············End:     MSM inner ...................................................14.592s
············End:     Computing commitment to witness polynomial ....................14.772s
············Start:   Evaluating random polynomial
············End:     Evaluating random polynomial ..................................411ns
············Start:   Computing commitment to random witness polynomial
··············Start:   MSM inner
················Start:   Base MSM
················End:     Base MSM ..................................................36.926µs
················Start:   Base MSM
················End:     Base MSM ..................................................26.865µs
··············End:     MSM inner ...................................................77.385µs
············End:     Computing commitment to random witness polynomial .............85.605µs
··········End:     Creating proof for shifted polynomials ..........................14.772s
········End:     Creating proof ....................................................59.605s
······End:     Opening 9 polynomials at query set of size 9 ........................178.300s
····End:     Openning combinations .................................................180.299s
····StartMsg: Statistics about proof
      
      Argument size in bytes: 880
      
      Number of commitments without degree bounds: 7
      Size (in bytes) of commitments without degree bounds: 336
      Number of commitments with degree bounds: 2
      Size (in bytes) of commitments with degree bounds: 192
      
      Number of evaluation proofs: 2
      Size (in bytes) of evaluation proofs: 128
      
      Number of evaluations: 7
      Size (in bytes) of evaluations: 224
      
      Number of field elements in prover messages: 0
      Size (in bytes) of prover message: 0

····EndMsg: Statistics about proof
··End:     Marlin::Prover ..........................................................871.845s
End:     timed section .............................................................872.030s
Start:   Marlin::Verify
Sampling now..
Sampled ..
··Start:   Combining commitments
····Start:   Combining 4 commitments for a_denom
····End:     Combining 4 commitments for a_denom ...................................399.838µs
····Start:   Combining 4 commitments for b_denom
····End:     Combining 4 commitments for b_denom ...................................398.273µs
····Start:   Combining 4 commitments for c_denom
····End:     Combining 4 commitments for c_denom ...................................395.518µs
····Start:   Combining 1 commitments for g_1
····End:     Combining 1 commitments for g_1 .......................................650ns
····Start:   Combining 1 commitments for g_2
····End:     Combining 1 commitments for g_2 .......................................1.360µs
····Start:   Combining 5 commitments for inner_sumcheck
····End:     Combining 5 commitments for inner_sumcheck ............................831.269µs
····Start:   Combining 7 commitments for outer_sumcheck
····End:     Combining 7 commitments for outer_sumcheck ............................614.594µs
····Start:   Combining 1 commitments for t
····End:     Combining 1 commitments for t .........................................231ns
····Start:   Combining 1 commitments for z_b
····End:     Combining 1 commitments for z_b .......................................1.224µs
··End:     Combining commitments ...................................................2.710ms
··Start:   Normalizing commitments
··End:     Normalizing commitments .................................................33.212µs
··Start:   Randomly combining 4 commitments
····Start:   Accumulating commitments and values
····End:     Accumulating commitments and values ...................................912.360µs
··End:     Randomly combining 4 commitments ........................................919.710µs
··Start:   Randomly combining 5 commitments
····Start:   Accumulating commitments and values
····End:     Accumulating commitments and values ...................................1.162ms
··End:     Randomly combining 5 commitments ........................................1.169ms
··Start:   Normalizing combined commitments
··End:     Normalizing combined commitments ........................................14.327µs
··Start:   Checking KZG10::Proof
····Start:   Checking 2 evaluation proofs
······Start:   Combining commitments and proofs
······End:     Combining commitments and proofs ....................................1.043ms
······Start:   Converting results to affine for pairing
······End:     Converting results to affine for pairing ............................14.269µs
······Start:   Performing product of pairings
······End:     Performing product of pairings ......................................1.745ms
····End:     Checking 2 evaluation proofs Result: false.............................2.824ms
··End:     Checking KZG10::Proof ...................................................2.830ms
End:     Marlin::Verify  PC::Check for AHP Verifier linear equations: false.........7.930ms
